{"/Users/tekjoe/Dev/k9d8/src/components/ImagePickerWithModeration.tsx": {"path":"/Users/tekjoe/Dev/k9d8/src/components/ImagePickerWithModeration.tsx","statementMap":{"0":{"start":{"line":34,"column":17},"end":{"line":39,"column":1}},"1":{"start":{"line":45,"column":21},"end":{"line":45,"column":52}},"2":{"start":{"line":46,"column":22},"end":{"line":46,"column":55}},"3":{"start":{"line":48,"column":2},"end":{"line":78,"column":36}},"4":{"start":{"line":49,"column":4},"end":{"line":60,"column":15}},"5":{"start":{"line":62,"column":18},"end":{"line":75,"column":12}},"6":{"start":{"line":63,"column":6},"end":{"line":74,"column":31}},"7":{"start":{"line":74,"column":21},"end":{"line":74,"column":29}},"8":{"start":{"line":77,"column":4},"end":{"line":77,"column":37}},"9":{"start":{"line":77,"column":17},"end":{"line":77,"column":36}},"10":{"start":{"line":80,"column":18},"end":{"line":80,"column":34}},"11":{"start":{"line":81,"column":16},"end":{"line":81,"column":60}},"12":{"start":{"line":83,"column":2},"end":{"line":108,"column":4}},"13":{"start":{"line":127,"column":32},"end":{"line":127,"column":47}},"14":{"start":{"line":128,"column":42},"end":{"line":128,"column":78}},"15":{"start":{"line":129,"column":38},"end":{"line":129,"column":73}},"16":{"start":{"line":130,"column":52},"end":{"line":130,"column":67}},"17":{"start":{"line":131,"column":28},"end":{"line":131,"column":97}},"18":{"start":{"line":133,"column":20},"end":{"line":133,"column":34}},"19":{"start":{"line":134,"column":23},"end":{"line":134,"column":62}},"20":{"start":{"line":137,"column":2},"end":{"line":144,"column":38}},"21":{"start":{"line":138,"column":4},"end":{"line":143,"column":5}},"22":{"start":{"line":139,"column":6},"end":{"line":142,"column":9}},"23":{"start":{"line":140,"column":8},"end":{"line":140,"column":31}},"24":{"start":{"line":141,"column":8},"end":{"line":141,"column":31}},"25":{"start":{"line":146,"column":20},"end":{"line":148,"column":8}},"26":{"start":{"line":147,"column":4},"end":{"line":147,"column":32}},"27":{"start":{"line":150,"column":20},"end":{"line":152,"column":8}},"28":{"start":{"line":151,"column":4},"end":{"line":151,"column":19}},"29":{"start":{"line":154,"column":20},"end":{"line":230,"column":76}},"30":{"start":{"line":156,"column":4},"end":{"line":166,"column":5}},"31":{"start":{"line":157,"column":25},"end":{"line":157,"column":80}},"32":{"start":{"line":158,"column":6},"end":{"line":165,"column":7}},"33":{"start":{"line":159,"column":8},"end":{"line":163,"column":10}},"34":{"start":{"line":164,"column":8},"end":{"line":164,"column":15}},"35":{"start":{"line":169,"column":19},"end":{"line":174,"column":6}},"36":{"start":{"line":176,"column":4},"end":{"line":178,"column":5}},"37":{"start":{"line":177,"column":6},"end":{"line":177,"column":13}},"38":{"start":{"line":180,"column":21},"end":{"line":180,"column":41}},"39":{"start":{"line":183,"column":4},"end":{"line":186,"column":5}},"40":{"start":{"line":184,"column":6},"end":{"line":184,"column":30}},"41":{"start":{"line":185,"column":6},"end":{"line":185,"column":13}},"42":{"start":{"line":189,"column":4},"end":{"line":189,"column":21}},"43":{"start":{"line":190,"column":4},"end":{"line":229,"column":5}},"44":{"start":{"line":192,"column":6},"end":{"line":200,"column":7}},"45":{"start":{"line":193,"column":28},"end":{"line":193,"column":61}},"46":{"start":{"line":194,"column":8},"end":{"line":199,"column":9}},"47":{"start":{"line":196,"column":10},"end":{"line":196,"column":88}},"48":{"start":{"line":197,"column":10},"end":{"line":197,"column":34}},"49":{"start":{"line":198,"column":10},"end":{"line":198,"column":17}},"50":{"start":{"line":203,"column":31},"end":{"line":203,"column":60}},"51":{"start":{"line":205,"column":6},"end":{"line":211,"column":7}},"52":{"start":{"line":207,"column":8},"end":{"line":207,"column":32}},"53":{"start":{"line":210,"column":8},"end":{"line":210,"column":62}},"54":{"start":{"line":213,"column":6},"end":{"line":213,"column":62}},"55":{"start":{"line":215,"column":6},"end":{"line":226,"column":8}},"56":{"start":{"line":223,"column":27},"end":{"line":223,"column":50}},"57":{"start":{"line":228,"column":6},"end":{"line":228,"column":24}},"58":{"start":{"line":232,"column":28},"end":{"line":234,"column":8}},"59":{"start":{"line":233,"column":4},"end":{"line":233,"column":31}},"60":{"start":{"line":236,"column":30},"end":{"line":241,"column":21}},"61":{"start":{"line":237,"column":4},"end":{"line":237,"column":32}},"62":{"start":{"line":238,"column":4},"end":{"line":240,"column":5}},"63":{"start":{"line":239,"column":6},"end":{"line":239,"column":22}},"64":{"start":{"line":243,"column":29},"end":{"line":245,"column":8}},"65":{"start":{"line":244,"column":4},"end":{"line":244,"column":32}},"66":{"start":{"line":247,"column":2},"end":{"line":304,"column":3}},"67":{"start":{"line":248,"column":4},"end":{"line":303,"column":6}},"68":{"start":{"line":306,"column":2},"end":{"line":346,"column":4}},"69":{"start":{"line":349,"column":15},"end":{"line":516,"column":2}}},"fnMap":{"0":{"name":"Toast","decl":{"start":{"line":44,"column":9},"end":{"line":44,"column":14}},"loc":{"start":{"line":44,"column":110},"end":{"line":109,"column":1}},"line":44},"1":{"name":"(anonymous_1)","decl":{"start":{"line":48,"column":12},"end":{"line":48,"column":13}},"loc":{"start":{"line":48,"column":18},"end":{"line":78,"column":3}},"line":48},"2":{"name":"(anonymous_2)","decl":{"start":{"line":62,"column":29},"end":{"line":62,"column":30}},"loc":{"start":{"line":62,"column":35},"end":{"line":75,"column":5}},"line":62},"3":{"name":"(anonymous_3)","decl":{"start":{"line":74,"column":15},"end":{"line":74,"column":16}},"loc":{"start":{"line":74,"column":21},"end":{"line":74,"column":29}},"line":74},"4":{"name":"(anonymous_4)","decl":{"start":{"line":77,"column":11},"end":{"line":77,"column":12}},"loc":{"start":{"line":77,"column":17},"end":{"line":77,"column":36}},"line":77},"5":{"name":"ImagePickerWithModeration","decl":{"start":{"line":117,"column":16},"end":{"line":117,"column":41}},"loc":{"start":{"line":126,"column":35},"end":{"line":347,"column":1}},"line":126},"6":{"name":"(anonymous_6)","decl":{"start":{"line":137,"column":12},"end":{"line":137,"column":13}},"loc":{"start":{"line":137,"column":18},"end":{"line":144,"column":3}},"line":137},"7":{"name":"(anonymous_7)","decl":{"start":{"line":139,"column":39},"end":{"line":139,"column":40}},"loc":{"start":{"line":139,"column":52},"end":{"line":142,"column":7}},"line":139},"8":{"name":"(anonymous_8)","decl":{"start":{"line":146,"column":32},"end":{"line":146,"column":33}},"loc":{"start":{"line":146,"column":80},"end":{"line":148,"column":3}},"line":146},"9":{"name":"(anonymous_9)","decl":{"start":{"line":150,"column":32},"end":{"line":150,"column":33}},"loc":{"start":{"line":150,"column":38},"end":{"line":152,"column":3}},"line":150},"10":{"name":"(anonymous_10)","decl":{"start":{"line":154,"column":32},"end":{"line":154,"column":33}},"loc":{"start":{"line":154,"column":44},"end":{"line":230,"column":3}},"line":154},"11":{"name":"(anonymous_11)","decl":{"start":{"line":223,"column":21},"end":{"line":223,"column":22}},"loc":{"start":{"line":223,"column":27},"end":{"line":223,"column":50}},"line":223},"12":{"name":"(anonymous_12)","decl":{"start":{"line":232,"column":40},"end":{"line":232,"column":41}},"loc":{"start":{"line":232,"column":46},"end":{"line":234,"column":3}},"line":232},"13":{"name":"(anonymous_13)","decl":{"start":{"line":236,"column":42},"end":{"line":236,"column":43}},"loc":{"start":{"line":236,"column":48},"end":{"line":241,"column":3}},"line":236},"14":{"name":"(anonymous_14)","decl":{"start":{"line":243,"column":41},"end":{"line":243,"column":42}},"loc":{"start":{"line":243,"column":47},"end":{"line":245,"column":3}},"line":243}},"branchMap":{"0":{"loc":{"start":{"line":81,"column":16},"end":{"line":81,"column":60}},"type":"cond-expr","locations":[{"start":{"line":81,"column":26},"end":{"line":81,"column":48}},{"start":{"line":81,"column":51},"end":{"line":81,"column":60}}],"line":81},"1":{"loc":{"start":{"line":93,"column":42},"end":{"line":93,"column":107}},"type":"cond-expr","locations":[{"start":{"line":93,"column":52},"end":{"line":93,"column":77}},{"start":{"line":93,"column":80},"end":{"line":93,"column":107}}],"line":93},"2":{"loc":{"start":{"line":95,"column":16},"end":{"line":95,"column":77}},"type":"cond-expr","locations":[{"start":{"line":95,"column":26},"end":{"line":95,"column":48}},{"start":{"line":95,"column":51},"end":{"line":95,"column":77}}],"line":95},"3":{"loc":{"start":{"line":97,"column":17},"end":{"line":97,"column":48}},"type":"cond-expr","locations":[{"start":{"line":97,"column":27},"end":{"line":97,"column":36}},{"start":{"line":97,"column":39},"end":{"line":97,"column":48}}],"line":97},"4":{"loc":{"start":{"line":121,"column":2},"end":{"line":121,"column":37}},"type":"default-arg","locations":[{"start":{"line":121,"column":16},"end":{"line":121,"column":37}}],"line":121},"5":{"loc":{"start":{"line":122,"column":2},"end":{"line":122,"column":26}},"type":"default-arg","locations":[{"start":{"line":122,"column":22},"end":{"line":122,"column":26}}],"line":122},"6":{"loc":{"start":{"line":123,"column":2},"end":{"line":123,"column":17}},"type":"default-arg","locations":[{"start":{"line":123,"column":9},"end":{"line":123,"column":17}}],"line":123},"7":{"loc":{"start":{"line":124,"column":2},"end":{"line":124,"column":18}},"type":"default-arg","locations":[{"start":{"line":124,"column":10},"end":{"line":124,"column":18}}],"line":124},"8":{"loc":{"start":{"line":125,"column":2},"end":{"line":125,"column":22}},"type":"default-arg","locations":[{"start":{"line":125,"column":16},"end":{"line":125,"column":22}}],"line":125},"9":{"loc":{"start":{"line":134,"column":23},"end":{"line":134,"column":62}},"type":"cond-expr","locations":[{"start":{"line":134,"column":44},"end":{"line":134,"column":57}},{"start":{"line":134,"column":60},"end":{"line":134,"column":62}}],"line":134},"10":{"loc":{"start":{"line":138,"column":4},"end":{"line":143,"column":5}},"type":"if","locations":[{"start":{"line":138,"column":4},"end":{"line":143,"column":5}},{"start":{},"end":{}}],"line":138},"11":{"loc":{"start":{"line":138,"column":8},"end":{"line":138,"column":40}},"type":"binary-expr","locations":[{"start":{"line":138,"column":8},"end":{"line":138,"column":25}},{"start":{"line":138,"column":29},"end":{"line":138,"column":40}}],"line":138},"12":{"loc":{"start":{"line":156,"column":4},"end":{"line":166,"column":5}},"type":"if","locations":[{"start":{"line":156,"column":4},"end":{"line":166,"column":5}},{"start":{},"end":{}}],"line":156},"13":{"loc":{"start":{"line":158,"column":6},"end":{"line":165,"column":7}},"type":"if","locations":[{"start":{"line":158,"column":6},"end":{"line":165,"column":7}},{"start":{},"end":{}}],"line":158},"14":{"loc":{"start":{"line":176,"column":4},"end":{"line":178,"column":5}},"type":"if","locations":[{"start":{"line":176,"column":4},"end":{"line":178,"column":5}},{"start":{},"end":{}}],"line":176},"15":{"loc":{"start":{"line":176,"column":8},"end":{"line":176,"column":46}},"type":"binary-expr","locations":[{"start":{"line":176,"column":8},"end":{"line":176,"column":23}},{"start":{"line":176,"column":27},"end":{"line":176,"column":46}}],"line":176},"16":{"loc":{"start":{"line":183,"column":4},"end":{"line":186,"column":5}},"type":"if","locations":[{"start":{"line":183,"column":4},"end":{"line":186,"column":5}},{"start":{},"end":{}}],"line":183},"17":{"loc":{"start":{"line":192,"column":6},"end":{"line":200,"column":7}},"type":"if","locations":[{"start":{"line":192,"column":6},"end":{"line":200,"column":7}},{"start":{},"end":{}}],"line":192},"18":{"loc":{"start":{"line":194,"column":8},"end":{"line":199,"column":9}},"type":"if","locations":[{"start":{"line":194,"column":8},"end":{"line":199,"column":9}},{"start":{},"end":{}}],"line":194},"19":{"loc":{"start":{"line":205,"column":6},"end":{"line":211,"column":7}},"type":"if","locations":[{"start":{"line":205,"column":6},"end":{"line":211,"column":7}},{"start":{"line":208,"column":13},"end":{"line":211,"column":7}}],"line":205},"20":{"loc":{"start":{"line":238,"column":4},"end":{"line":240,"column":5}},"type":"if","locations":[{"start":{"line":238,"column":4},"end":{"line":240,"column":5}},{"start":{},"end":{}}],"line":238},"21":{"loc":{"start":{"line":247,"column":2},"end":{"line":304,"column":3}},"type":"if","locations":[{"start":{"line":247,"column":2},"end":{"line":304,"column":3}},{"start":{},"end":{}}],"line":247},"22":{"loc":{"start":{"line":251,"column":9},"end":{"line":257,"column":9}},"type":"binary-expr","locations":[{"start":{"line":251,"column":9},"end":{"line":251,"column":14}},{"start":{"line":252,"column":10},"end":{"line":256,"column":12}}],"line":251},"23":{"loc":{"start":{"line":264,"column":11},"end":{"line":269,"column":11}},"type":"binary-expr","locations":[{"start":{"line":264,"column":11},"end":{"line":264,"column":18}},{"start":{"line":265,"column":12},"end":{"line":268,"column":19}}],"line":264},"24":{"loc":{"start":{"line":283,"column":11},"end":{"line":288,"column":11}},"type":"binary-expr","locations":[{"start":{"line":283,"column":11},"end":{"line":283,"column":24}},{"start":{"line":283,"column":28},"end":{"line":283,"column":46}},{"start":{"line":284,"column":12},"end":{"line":287,"column":24}}],"line":283},"25":{"loc":{"start":{"line":291,"column":11},"end":{"line":300,"column":11}},"type":"binary-expr","locations":[{"start":{"line":291,"column":11},"end":{"line":291,"column":28}},{"start":{"line":292,"column":12},"end":{"line":299,"column":19}}],"line":291},"26":{"loc":{"start":{"line":309,"column":7},"end":{"line":315,"column":7}},"type":"binary-expr","locations":[{"start":{"line":309,"column":7},"end":{"line":309,"column":12}},{"start":{"line":310,"column":8},"end":{"line":314,"column":10}}],"line":309},"27":{"loc":{"start":{"line":326,"column":21},"end":{"line":326,"column":38}},"type":"cond-expr","locations":[{"start":{"line":326,"column":31},"end":{"line":326,"column":34}},{"start":{"line":326,"column":37},"end":{"line":326,"column":38}}],"line":326},"28":{"loc":{"start":{"line":330,"column":9},"end":{"line":342,"column":9}},"type":"cond-expr","locations":[{"start":{"line":331,"column":10},"end":{"line":336,"column":17}},{"start":{"line":338,"column":10},"end":{"line":341,"column":13}}],"line":330},"29":{"loc":{"start":{"line":330,"column":9},"end":{"line":330,"column":32}},"type":"binary-expr","locations":[{"start":{"line":330,"column":9},"end":{"line":330,"column":16}},{"start":{"line":330,"column":20},"end":{"line":330,"column":32}}],"line":330},"30":{"loc":{"start":{"line":334,"column":15},"end":{"line":334,"column":58}},"type":"cond-expr","locations":[{"start":{"line":334,"column":30},"end":{"line":334,"column":42}},{"start":{"line":334,"column":45},"end":{"line":334,"column":58}}],"line":334}},"s":{"0":0,"1":0,"2":0,"3":0,"4":0,"5":0,"6":0,"7":0,"8":0,"9":0,"10":0,"11":0,"12":0,"13":0,"14":0,"15":0,"16":0,"17":0,"18":0,"19":0,"20":0,"21":0,"22":0,"23":0,"24":0,"25":0,"26":0,"27":0,"28":0,"29":0,"30":0,"31":0,"32":0,"33":0,"34":0,"35":0,"36":0,"37":0,"38":0,"39":0,"40":0,"41":0,"42":0,"43":0,"44":0,"45":0,"46":0,"47":0,"48":0,"49":0,"50":0,"51":0,"52":0,"53":0,"54":0,"55":0,"56":0,"57":0,"58":0,"59":0,"60":0,"61":0,"62":0,"63":0,"64":0,"65":0,"66":0,"67":0,"68":0,"69":0},"f":{"0":0,"1":0,"2":0,"3":0,"4":0,"5":0,"6":0,"7":0,"8":0,"9":0,"10":0,"11":0,"12":0,"13":0,"14":0},"b":{"0":[0,0],"1":[0,0],"2":[0,0],"3":[0,0],"4":[0],"5":[0],"6":[0],"7":[0],"8":[0],"9":[0,0],"10":[0,0],"11":[0,0],"12":[0,0],"13":[0,0],"14":[0,0],"15":[0,0],"16":[0,0],"17":[0,0],"18":[0,0],"19":[0,0],"20":[0,0],"21":[0,0],"22":[0,0],"23":[0,0],"24":[0,0,0],"25":[0,0],"26":[0,0],"27":[0,0],"28":[0,0],"29":[0,0],"30":[0,0]}}
,"/Users/tekjoe/Dev/k9d8/src/components/auth/SocialAuthButtons.tsx": {"path":"/Users/tekjoe/Dev/k9d8/src/components/auth/SocialAuthButtons.tsx","statementMap":{"0":{"start":{"line":18,"column":44},"end":{"line":18,"column":59}},"1":{"start":{"line":19,"column":42},"end":{"line":19,"column":57}},"2":{"start":{"line":20,"column":28},"end":{"line":20,"column":57}},"3":{"start":{"line":22,"column":15},"end":{"line":22,"column":57}},"4":{"start":{"line":23,"column":21},"end":{"line":23,"column":50}},"5":{"start":{"line":26,"column":4},"end":{"line":26,"column":27}},"6":{"start":{"line":27,"column":4},"end":{"line":27,"column":19}},"7":{"start":{"line":28,"column":4},"end":{"line":38,"column":5}},"8":{"start":{"line":29,"column":6},"end":{"line":29,"column":31}},"9":{"start":{"line":30,"column":6},"end":{"line":32,"column":7}},"10":{"start":{"line":31,"column":8},"end":{"line":31,"column":28}},"11":{"start":{"line":34,"column":6},"end":{"line":34,"column":76}},"12":{"start":{"line":34,"column":69},"end":{"line":34,"column":76}},"13":{"start":{"line":35,"column":6},"end":{"line":35,"column":77}},"14":{"start":{"line":37,"column":6},"end":{"line":37,"column":30}},"15":{"start":{"line":42,"column":4},"end":{"line":42,"column":26}},"16":{"start":{"line":43,"column":4},"end":{"line":43,"column":19}},"17":{"start":{"line":44,"column":4},"end":{"line":59,"column":5}},"18":{"start":{"line":45,"column":6},"end":{"line":45,"column":30}},"19":{"start":{"line":46,"column":6},"end":{"line":48,"column":7}},"20":{"start":{"line":47,"column":8},"end":{"line":47,"column":34}},"21":{"start":{"line":50,"column":6},"end":{"line":55,"column":15}},"22":{"start":{"line":55,"column":8},"end":{"line":55,"column":15}},"23":{"start":{"line":56,"column":6},"end":{"line":56,"column":76}},"24":{"start":{"line":58,"column":6},"end":{"line":58,"column":29}},"25":{"start":{"line":62,"column":2},"end":{"line":121,"column":4}}},"fnMap":{"0":{"name":"SocialAuthButtons","decl":{"start":{"line":17,"column":16},"end":{"line":17,"column":33}},"loc":{"start":{"line":17,"column":68},"end":{"line":122,"column":1}},"line":17},"1":{"name":"handleGoogle","decl":{"start":{"line":25,"column":17},"end":{"line":25,"column":29}},"loc":{"start":{"line":25,"column":32},"end":{"line":39,"column":3}},"line":25},"2":{"name":"handleApple","decl":{"start":{"line":41,"column":17},"end":{"line":41,"column":28}},"loc":{"start":{"line":41,"column":31},"end":{"line":60,"column":3}},"line":41}},"branchMap":{"0":{"loc":{"start":{"line":22,"column":15},"end":{"line":22,"column":57}},"type":"cond-expr","locations":[{"start":{"line":22,"column":36},"end":{"line":22,"column":45}},{"start":{"line":22,"column":48},"end":{"line":22,"column":57}}],"line":22},"1":{"loc":{"start":{"line":23,"column":21},"end":{"line":23,"column":50}},"type":"binary-expr","locations":[{"start":{"line":23,"column":21},"end":{"line":23,"column":34}},{"start":{"line":23,"column":38},"end":{"line":23,"column":50}}],"line":23},"2":{"loc":{"start":{"line":30,"column":6},"end":{"line":32,"column":7}},"type":"if","locations":[{"start":{"line":30,"column":6},"end":{"line":32,"column":7}},{"start":{},"end":{}}],"line":30},"3":{"loc":{"start":{"line":34,"column":6},"end":{"line":34,"column":76}},"type":"if","locations":[{"start":{"line":34,"column":6},"end":{"line":34,"column":76}},{"start":{},"end":{}}],"line":34},"4":{"loc":{"start":{"line":34,"column":10},"end":{"line":34,"column":67}},"type":"binary-expr","locations":[{"start":{"line":34,"column":10},"end":{"line":34,"column":30}},{"start":{"line":34,"column":34},"end":{"line":34,"column":67}}],"line":34},"5":{"loc":{"start":{"line":35,"column":15},"end":{"line":35,"column":75}},"type":"cond-expr","locations":[{"start":{"line":35,"column":38},"end":{"line":35,"column":49}},{"start":{"line":35,"column":52},"end":{"line":35,"column":75}}],"line":35},"6":{"loc":{"start":{"line":46,"column":6},"end":{"line":48,"column":7}},"type":"if","locations":[{"start":{"line":46,"column":6},"end":{"line":48,"column":7}},{"start":{},"end":{}}],"line":46},"7":{"loc":{"start":{"line":50,"column":6},"end":{"line":55,"column":15}},"type":"if","locations":[{"start":{"line":50,"column":6},"end":{"line":55,"column":15}},{"start":{},"end":{}}],"line":50},"8":{"loc":{"start":{"line":51,"column":8},"end":{"line":53,"column":44}},"type":"binary-expr","locations":[{"start":{"line":51,"column":8},"end":{"line":51,"column":28}},{"start":{"line":52,"column":9},"end":{"line":52,"column":45}},{"start":{"line":53,"column":10},"end":{"line":53,"column":43}}],"line":51},"9":{"loc":{"start":{"line":56,"column":15},"end":{"line":56,"column":74}},"type":"cond-expr","locations":[{"start":{"line":56,"column":38},"end":{"line":56,"column":49}},{"start":{"line":56,"column":52},"end":{"line":56,"column":74}}],"line":56},"10":{"loc":{"start":{"line":64,"column":7},"end":{"line":74,"column":7}},"type":"binary-expr","locations":[{"start":{"line":64,"column":7},"end":{"line":64,"column":12}},{"start":{"line":65,"column":8},"end":{"line":73,"column":15}}],"line":64},"11":{"loc":{"start":{"line":90,"column":19},"end":{"line":90,"column":57}},"type":"cond-expr","locations":[{"start":{"line":90,"column":50},"end":{"line":90,"column":53}},{"start":{"line":90,"column":56},"end":{"line":90,"column":57}}],"line":90},"12":{"loc":{"start":{"line":90,"column":19},"end":{"line":90,"column":47}},"type":"binary-expr","locations":[{"start":{"line":90,"column":19},"end":{"line":90,"column":29}},{"start":{"line":90,"column":33},"end":{"line":90,"column":47}}],"line":90},"13":{"loc":{"start":{"line":93,"column":9},"end":{"line":104,"column":9}},"type":"cond-expr","locations":[{"start":{"line":94,"column":10},"end":{"line":94,"column":60}},{"start":{"line":96,"column":10},"end":{"line":103,"column":13}}],"line":93}},"s":{"0":0,"1":0,"2":0,"3":0,"4":0,"5":0,"6":0,"7":0,"8":0,"9":0,"10":0,"11":0,"12":0,"13":0,"14":0,"15":0,"16":0,"17":0,"18":0,"19":0,"20":0,"21":0,"22":0,"23":0,"24":0,"25":0},"f":{"0":0,"1":0,"2":0},"b":{"0":[0,0],"1":[0,0],"2":[0,0],"3":[0,0],"4":[0,0],"5":[0,0],"6":[0,0],"7":[0,0],"8":[0,0,0],"9":[0,0],"10":[0,0],"11":[0,0],"12":[0,0],"13":[0,0]}}
,"/Users/tekjoe/Dev/k9d8/src/components/dogs/DogCard.tsx": {"path":"/Users/tekjoe/Dev/k9d8/src/components/dogs/DogCard.tsx","statementMap":{"0":{"start":{"line":6,"column":51},"end":{"line":12,"column":1}},"1":{"start":{"line":20,"column":2},"end":{"line":61,"column":4}},"2":{"start":{"line":22,"column":30},"end":{"line":22,"column":74}},"3":{"start":{"line":55,"column":42},"end":{"line":55,"column":68}},"4":{"start":{"line":64,"column":15},"end":{"line":133,"column":2}}},"fnMap":{"0":{"name":"DogCard","decl":{"start":{"line":19,"column":16},"end":{"line":19,"column":23}},"loc":{"start":{"line":19,"column":56},"end":{"line":62,"column":1}},"line":19},"1":{"name":"(anonymous_1)","decl":{"start":{"line":22,"column":13},"end":{"line":22,"column":14}},"loc":{"start":{"line":22,"column":30},"end":{"line":22,"column":74}},"line":22},"2":{"name":"(anonymous_2)","decl":{"start":{"line":55,"column":35},"end":{"line":55,"column":36}},"loc":{"start":{"line":55,"column":42},"end":{"line":55,"column":68}},"line":55}},"branchMap":{"0":{"loc":{"start":{"line":22,"column":44},"end":{"line":22,"column":73}},"type":"binary-expr","locations":[{"start":{"line":22,"column":44},"end":{"line":22,"column":51}},{"start":{"line":22,"column":55},"end":{"line":22,"column":73}}],"line":22},"1":{"loc":{"start":{"line":26,"column":9},"end":{"line":39,"column":9}},"type":"cond-expr","locations":[{"start":{"line":27,"column":10},"end":{"line":32,"column":12}},{"start":{"line":34,"column":10},"end":{"line":38,"column":17}}],"line":26},"2":{"loc":{"start":{"line":46,"column":9},"end":{"line":50,"column":16}},"type":"cond-expr","locations":[{"start":{"line":47,"column":10},"end":{"line":49,"column":17}},{"start":{"line":50,"column":12},"end":{"line":50,"column":16}}],"line":46},"3":{"loc":{"start":{"line":55,"column":42},"end":{"line":55,"column":68}},"type":"binary-expr","locations":[{"start":{"line":55,"column":42},"end":{"line":55,"column":63}},{"start":{"line":55,"column":67},"end":{"line":55,"column":68}}],"line":55}},"s":{"0":0,"1":0,"2":0,"3":0,"4":0},"f":{"0":0,"1":0,"2":0},"b":{"0":[0,0],"1":[0,0],"2":[0,0],"3":[0,0]}}
,"/Users/tekjoe/Dev/k9d8/src/components/dogs/DogForm.tsx": {"path":"/Users/tekjoe/Dev/k9d8/src/components/dogs/DogForm.tsx","statementMap":{"0":{"start":{"line":15,"column":55},"end":{"line":20,"column":1}},"1":{"start":{"line":22,"column":69},"end":{"line":28,"column":1}},"2":{"start":{"line":61,"column":38},"end":{"line":61,"column":53}},"3":{"start":{"line":62,"column":28},"end":{"line":62,"column":57}},"4":{"start":{"line":64,"column":36},"end":{"line":74,"column":4}},"5":{"start":{"line":76,"column":22},"end":{"line":78,"column":8}},"6":{"start":{"line":77,"column":4},"end":{"line":77,"column":56}},"7":{"start":{"line":77,"column":28},"end":{"line":77,"column":53}},"8":{"start":{"line":80,"column":28},"end":{"line":90,"column":8}},"9":{"start":{"line":81,"column":4},"end":{"line":89,"column":7}},"10":{"start":{"line":82,"column":22},"end":{"line":82,"column":39}},"11":{"start":{"line":83,"column":6},"end":{"line":87,"column":7}},"12":{"start":{"line":85,"column":8},"end":{"line":85,"column":46}},"13":{"start":{"line":85,"column":34},"end":{"line":85,"column":46}},"14":{"start":{"line":86,"column":8},"end":{"line":86,"column":76}},"15":{"start":{"line":86,"column":62},"end":{"line":86,"column":72}},"16":{"start":{"line":88,"column":6},"end":{"line":88,"column":59}},"17":{"start":{"line":92,"column":28},"end":{"line":94,"column":19}},"18":{"start":{"line":93,"column":4},"end":{"line":93,"column":33}},"19":{"start":{"line":96,"column":28},"end":{"line":98,"column":19}},"20":{"start":{"line":97,"column":4},"end":{"line":97,"column":34}},"21":{"start":{"line":100,"column":23},"end":{"line":129,"column":27}},"22":{"start":{"line":101,"column":4},"end":{"line":104,"column":5}},"23":{"start":{"line":102,"column":6},"end":{"line":102,"column":35}},"24":{"start":{"line":103,"column":6},"end":{"line":103,"column":13}},"25":{"start":{"line":106,"column":4},"end":{"line":106,"column":24}},"26":{"start":{"line":107,"column":4},"end":{"line":107,"column":19}},"27":{"start":{"line":109,"column":4},"end":{"line":128,"column":5}},"28":{"start":{"line":110,"column":21},"end":{"line":110,"column":71}},"29":{"start":{"line":111,"column":24},"end":{"line":111,"column":80}},"30":{"start":{"line":113,"column":6},"end":{"line":123,"column":9}},"31":{"start":{"line":125,"column":6},"end":{"line":125,"column":70}},"32":{"start":{"line":127,"column":6},"end":{"line":127,"column":27}},"33":{"start":{"line":131,"column":2},"end":{"line":318,"column":4}},"34":{"start":{"line":169,"column":33},"end":{"line":169,"column":55}},"35":{"start":{"line":182,"column":33},"end":{"line":182,"column":56}},"36":{"start":{"line":195,"column":33},"end":{"line":195,"column":54}},"37":{"start":{"line":209,"column":14},"end":{"line":225,"column":26}},"38":{"start":{"line":215,"column":31},"end":{"line":215,"column":64}},"39":{"start":{"line":239,"column":33},"end":{"line":239,"column":78}},"40":{"start":{"line":240,"column":14},"end":{"line":258,"column":16}},"41":{"start":{"line":247,"column":33},"end":{"line":247,"column":64}},"42":{"start":{"line":271,"column":33},"end":{"line":271,"column":56}},"43":{"start":{"line":284,"column":33},"end":{"line":284,"column":57}},"44":{"start":{"line":297,"column":33},"end":{"line":297,"column":56}},"45":{"start":{"line":321,"column":15},"end":{"line":433,"column":2}}},"fnMap":{"0":{"name":"DogForm","decl":{"start":{"line":60,"column":16},"end":{"line":60,"column":23}},"loc":{"start":{"line":60,"column":89},"end":{"line":319,"column":1}},"line":60},"1":{"name":"(anonymous_1)","decl":{"start":{"line":76,"column":34},"end":{"line":76,"column":35}},"loc":{"start":{"line":76,"column":94},"end":{"line":78,"column":3}},"line":76},"2":{"name":"(anonymous_2)","decl":{"start":{"line":77,"column":17},"end":{"line":77,"column":18}},"loc":{"start":{"line":77,"column":28},"end":{"line":77,"column":53}},"line":77},"3":{"name":"(anonymous_3)","decl":{"start":{"line":80,"column":40},"end":{"line":80,"column":41}},"loc":{"start":{"line":80,"column":66},"end":{"line":90,"column":3}},"line":80},"4":{"name":"(anonymous_4)","decl":{"start":{"line":81,"column":17},"end":{"line":81,"column":18}},"loc":{"start":{"line":81,"column":27},"end":{"line":89,"column":5}},"line":81},"5":{"name":"(anonymous_5)","decl":{"start":{"line":86,"column":55},"end":{"line":86,"column":56}},"loc":{"start":{"line":86,"column":62},"end":{"line":86,"column":72}},"line":86},"6":{"name":"(anonymous_6)","decl":{"start":{"line":92,"column":40},"end":{"line":92,"column":41}},"loc":{"start":{"line":92,"column":57},"end":{"line":94,"column":3}},"line":92},"7":{"name":"(anonymous_7)","decl":{"start":{"line":96,"column":40},"end":{"line":96,"column":41}},"loc":{"start":{"line":96,"column":46},"end":{"line":98,"column":3}},"line":96},"8":{"name":"(anonymous_8)","decl":{"start":{"line":100,"column":35},"end":{"line":100,"column":36}},"loc":{"start":{"line":100,"column":47},"end":{"line":129,"column":3}},"line":100},"9":{"name":"(anonymous_9)","decl":{"start":{"line":169,"column":26},"end":{"line":169,"column":27}},"loc":{"start":{"line":169,"column":33},"end":{"line":169,"column":55}},"line":169},"10":{"name":"(anonymous_10)","decl":{"start":{"line":182,"column":26},"end":{"line":182,"column":27}},"loc":{"start":{"line":182,"column":33},"end":{"line":182,"column":56}},"line":182},"11":{"name":"(anonymous_11)","decl":{"start":{"line":195,"column":26},"end":{"line":195,"column":27}},"loc":{"start":{"line":195,"column":33},"end":{"line":195,"column":54}},"line":195},"12":{"name":"(anonymous_12)","decl":{"start":{"line":208,"column":27},"end":{"line":208,"column":28}},"loc":{"start":{"line":209,"column":14},"end":{"line":225,"column":26}},"line":209},"13":{"name":"(anonymous_13)","decl":{"start":{"line":215,"column":25},"end":{"line":215,"column":26}},"loc":{"start":{"line":215,"column":31},"end":{"line":215,"column":64}},"line":215},"14":{"name":"(anonymous_14)","decl":{"start":{"line":238,"column":34},"end":{"line":238,"column":35}},"loc":{"start":{"line":238,"column":46},"end":{"line":259,"column":13}},"line":238},"15":{"name":"(anonymous_15)","decl":{"start":{"line":247,"column":27},"end":{"line":247,"column":28}},"loc":{"start":{"line":247,"column":33},"end":{"line":247,"column":64}},"line":247},"16":{"name":"(anonymous_16)","decl":{"start":{"line":271,"column":26},"end":{"line":271,"column":27}},"loc":{"start":{"line":271,"column":33},"end":{"line":271,"column":56}},"line":271},"17":{"name":"(anonymous_17)","decl":{"start":{"line":284,"column":26},"end":{"line":284,"column":27}},"loc":{"start":{"line":284,"column":33},"end":{"line":284,"column":57}},"line":284},"18":{"name":"(anonymous_18)","decl":{"start":{"line":297,"column":26},"end":{"line":297,"column":27}},"loc":{"start":{"line":297,"column":33},"end":{"line":297,"column":56}},"line":297}},"branchMap":{"0":{"loc":{"start":{"line":60,"column":51},"end":{"line":60,"column":71}},"type":"default-arg","locations":[{"start":{"line":60,"column":65},"end":{"line":60,"column":71}}],"line":60},"1":{"loc":{"start":{"line":65,"column":10},"end":{"line":65,"column":35}},"type":"binary-expr","locations":[{"start":{"line":65,"column":10},"end":{"line":65,"column":29}},{"start":{"line":65,"column":33},"end":{"line":65,"column":35}}],"line":65},"2":{"loc":{"start":{"line":66,"column":11},"end":{"line":66,"column":37}},"type":"binary-expr","locations":[{"start":{"line":66,"column":11},"end":{"line":66,"column":31}},{"start":{"line":66,"column":35},"end":{"line":66,"column":37}}],"line":66},"3":{"loc":{"start":{"line":67,"column":9},"end":{"line":67,"column":80}},"type":"cond-expr","locations":[{"start":{"line":67,"column":44},"end":{"line":67,"column":75}},{"start":{"line":67,"column":78},"end":{"line":67,"column":80}}],"line":67},"4":{"loc":{"start":{"line":68,"column":10},"end":{"line":68,"column":41}},"type":"binary-expr","locations":[{"start":{"line":68,"column":10},"end":{"line":68,"column":29}},{"start":{"line":68,"column":33},"end":{"line":68,"column":41}}],"line":68},"5":{"loc":{"start":{"line":69,"column":18},"end":{"line":69,"column":95}},"type":"cond-expr","locations":[{"start":{"line":69,"column":55},"end":{"line":69,"column":80}},{"start":{"line":69,"column":83},"end":{"line":69,"column":95}}],"line":69},"6":{"loc":{"start":{"line":70,"column":11},"end":{"line":70,"column":37}},"type":"binary-expr","locations":[{"start":{"line":70,"column":11},"end":{"line":70,"column":31}},{"start":{"line":70,"column":35},"end":{"line":70,"column":37}}],"line":70},"7":{"loc":{"start":{"line":71,"column":12},"end":{"line":71,"column":85}},"type":"cond-expr","locations":[{"start":{"line":71,"column":48},"end":{"line":71,"column":80}},{"start":{"line":71,"column":83},"end":{"line":71,"column":85}}],"line":71},"8":{"loc":{"start":{"line":72,"column":11},"end":{"line":72,"column":37}},"type":"binary-expr","locations":[{"start":{"line":72,"column":11},"end":{"line":72,"column":31}},{"start":{"line":72,"column":35},"end":{"line":72,"column":37}}],"line":72},"9":{"loc":{"start":{"line":73,"column":14},"end":{"line":73,"column":45}},"type":"binary-expr","locations":[{"start":{"line":73,"column":14},"end":{"line":73,"column":37}},{"start":{"line":73,"column":41},"end":{"line":73,"column":45}}],"line":73},"10":{"loc":{"start":{"line":83,"column":6},"end":{"line":87,"column":7}},"type":"if","locations":[{"start":{"line":83,"column":6},"end":{"line":87,"column":7}},{"start":{},"end":{}}],"line":83},"11":{"loc":{"start":{"line":85,"column":8},"end":{"line":85,"column":46}},"type":"if","locations":[{"start":{"line":85,"column":8},"end":{"line":85,"column":46}},{"start":{},"end":{}}],"line":85},"12":{"loc":{"start":{"line":101,"column":4},"end":{"line":104,"column":5}},"type":"if","locations":[{"start":{"line":101,"column":4},"end":{"line":104,"column":5}},{"start":{},"end":{}}],"line":101},"13":{"loc":{"start":{"line":110,"column":21},"end":{"line":110,"column":71}},"type":"cond-expr","locations":[{"start":{"line":110,"column":37},"end":{"line":110,"column":64}},{"start":{"line":110,"column":67},"end":{"line":110,"column":71}}],"line":110},"14":{"loc":{"start":{"line":111,"column":24},"end":{"line":111,"column":80}},"type":"cond-expr","locations":[{"start":{"line":111,"column":43},"end":{"line":111,"column":73}},{"start":{"line":111,"column":76},"end":{"line":111,"column":80}}],"line":111},"15":{"loc":{"start":{"line":118,"column":19},"end":{"line":118,"column":66}},"type":"cond-expr","locations":[{"start":{"line":118,"column":53},"end":{"line":118,"column":59}},{"start":{"line":118,"column":62},"end":{"line":118,"column":66}}],"line":118},"16":{"loc":{"start":{"line":118,"column":19},"end":{"line":118,"column":50}},"type":"binary-expr","locations":[{"start":{"line":118,"column":19},"end":{"line":118,"column":25}},{"start":{"line":118,"column":29},"end":{"line":118,"column":50}}],"line":118},"17":{"loc":{"start":{"line":119,"column":15},"end":{"line":119,"column":45}},"type":"binary-expr","locations":[{"start":{"line":119,"column":15},"end":{"line":119,"column":37}},{"start":{"line":119,"column":41},"end":{"line":119,"column":45}}],"line":119},"18":{"loc":{"start":{"line":120,"column":20},"end":{"line":120,"column":76}},"type":"cond-expr","locations":[{"start":{"line":120,"column":60},"end":{"line":120,"column":69}},{"start":{"line":120,"column":72},"end":{"line":120,"column":76}}],"line":120},"19":{"loc":{"start":{"line":120,"column":20},"end":{"line":120,"column":57}},"type":"binary-expr","locations":[{"start":{"line":120,"column":20},"end":{"line":120,"column":29}},{"start":{"line":120,"column":33},"end":{"line":120,"column":57}}],"line":120},"20":{"loc":{"start":{"line":125,"column":15},"end":{"line":125,"column":68}},"type":"cond-expr","locations":[{"start":{"line":125,"column":38},"end":{"line":125,"column":49}},{"start":{"line":125,"column":52},"end":{"line":125,"column":68}}],"line":125},"21":{"loc":{"start":{"line":133,"column":16},"end":{"line":133,"column":60}},"type":"cond-expr","locations":[{"start":{"line":133,"column":40},"end":{"line":133,"column":49}},{"start":{"line":133,"column":52},"end":{"line":133,"column":60}}],"line":133},"22":{"loc":{"start":{"line":155,"column":9},"end":{"line":159,"column":9}},"type":"binary-expr","locations":[{"start":{"line":155,"column":9},"end":{"line":155,"column":14}},{"start":{"line":156,"column":10},"end":{"line":158,"column":17}}],"line":155},"23":{"loc":{"start":{"line":213,"column":18},"end":{"line":213,"column":72}},"type":"binary-expr","locations":[{"start":{"line":213,"column":18},"end":{"line":213,"column":49}},{"start":{"line":213,"column":53},"end":{"line":213,"column":72}}],"line":213},"24":{"loc":{"start":{"line":220,"column":20},"end":{"line":220,"column":78}},"type":"binary-expr","locations":[{"start":{"line":220,"column":20},"end":{"line":220,"column":51}},{"start":{"line":220,"column":55},"end":{"line":220,"column":78}}],"line":220},"25":{"loc":{"start":{"line":245,"column":20},"end":{"line":245,"column":53}},"type":"binary-expr","locations":[{"start":{"line":245,"column":20},"end":{"line":245,"column":30}},{"start":{"line":245,"column":34},"end":{"line":245,"column":53}}],"line":245},"26":{"loc":{"start":{"line":252,"column":22},"end":{"line":252,"column":59}},"type":"binary-expr","locations":[{"start":{"line":252,"column":22},"end":{"line":252,"column":32}},{"start":{"line":252,"column":36},"end":{"line":252,"column":59}}],"line":252},"27":{"loc":{"start":{"line":306,"column":39},"end":{"line":306,"column":80}},"type":"binary-expr","locations":[{"start":{"line":306,"column":39},"end":{"line":306,"column":49}},{"start":{"line":306,"column":53},"end":{"line":306,"column":80}}],"line":306},"28":{"loc":{"start":{"line":310,"column":11},"end":{"line":314,"column":11}},"type":"cond-expr","locations":[{"start":{"line":311,"column":12},"end":{"line":311,"column":49}},{"start":{"line":313,"column":12},"end":{"line":313,"column":70}}],"line":310}},"s":{"0":0,"1":0,"2":0,"3":0,"4":0,"5":0,"6":0,"7":0,"8":0,"9":0,"10":0,"11":0,"12":0,"13":0,"14":0,"15":0,"16":0,"17":0,"18":0,"19":0,"20":0,"21":0,"22":0,"23":0,"24":0,"25":0,"26":0,"27":0,"28":0,"29":0,"30":0,"31":0,"32":0,"33":0,"34":0,"35":0,"36":0,"37":0,"38":0,"39":0,"40":0,"41":0,"42":0,"43":0,"44":0,"45":0},"f":{"0":0,"1":0,"2":0,"3":0,"4":0,"5":0,"6":0,"7":0,"8":0,"9":0,"10":0,"11":0,"12":0,"13":0,"14":0,"15":0,"16":0,"17":0,"18":0},"b":{"0":[0],"1":[0,0],"2":[0,0],"3":[0,0],"4":[0,0],"5":[0,0],"6":[0,0],"7":[0,0],"8":[0,0],"9":[0,0],"10":[0,0],"11":[0,0],"12":[0,0],"13":[0,0],"14":[0,0],"15":[0,0],"16":[0,0],"17":[0,0],"18":[0,0],"19":[0,0],"20":[0,0],"21":[0,0],"22":[0,0],"23":[0,0],"24":[0,0],"25":[0,0],"26":[0,0],"27":[0,0],"28":[0,0]}}
,"/Users/tekjoe/Dev/k9d8/src/components/dogs/DogSizeTag.tsx": {"path":"/Users/tekjoe/Dev/k9d8/src/components/dogs/DogSizeTag.tsx","statementMap":{"0":{"start":{"line":4,"column":91},"end":{"line":9,"column":1}},"1":{"start":{"line":16,"column":17},"end":{"line":16,"column":34}},"2":{"start":{"line":18,"column":2},"end":{"line":22,"column":4}},"3":{"start":{"line":25,"column":15},"end":{"line":36,"column":2}}},"fnMap":{"0":{"name":"DogSizeTag","decl":{"start":{"line":15,"column":16},"end":{"line":15,"column":26}},"loc":{"start":{"line":15,"column":54},"end":{"line":23,"column":1}},"line":15}},"branchMap":{},"s":{"0":0,"1":0,"2":0,"3":0},"f":{"0":0},"b":{}}
,"/Users/tekjoe/Dev/k9d8/src/components/messages/ConversationListItem.tsx": {"path":"/Users/tekjoe/Dev/k9d8/src/components/messages/ConversationListItem.tsx","statementMap":{"0":{"start":{"line":11,"column":14},"end":{"line":11,"column":24}},"1":{"start":{"line":12,"column":15},"end":{"line":12,"column":42}},"2":{"start":{"line":13,"column":17},"end":{"line":13,"column":27}},"3":{"start":{"line":14,"column":19},"end":{"line":14,"column":45}},"4":{"start":{"line":15,"column":20},"end":{"line":15,"column":48}},"5":{"start":{"line":16,"column":19},"end":{"line":16,"column":48}},"6":{"start":{"line":18,"column":2},"end":{"line":18,"column":33}},"7":{"start":{"line":18,"column":20},"end":{"line":18,"column":33}},"8":{"start":{"line":19,"column":2},"end":{"line":19,"column":43}},"9":{"start":{"line":19,"column":21},"end":{"line":19,"column":43}},"10":{"start":{"line":20,"column":2},"end":{"line":20,"column":45}},"11":{"start":{"line":20,"column":22},"end":{"line":20,"column":45}},"12":{"start":{"line":21,"column":2},"end":{"line":21,"column":42}},"13":{"start":{"line":21,"column":20},"end":{"line":21,"column":42}},"14":{"start":{"line":22,"column":2},"end":{"line":25,"column":5}},"15":{"start":{"line":33,"column":27},"end":{"line":35,"column":3}},"16":{"start":{"line":34,"column":11},"end":{"line":34,"column":38}},"17":{"start":{"line":36,"column":24},"end":{"line":38,"column":3}},"18":{"start":{"line":37,"column":11},"end":{"line":37,"column":38}},"19":{"start":{"line":41,"column":4},"end":{"line":43,"column":42}},"20":{"start":{"line":46,"column":4},"end":{"line":46,"column":61}},"21":{"start":{"line":47,"column":20},"end":{"line":47,"column":57}},"22":{"start":{"line":49,"column":2},"end":{"line":92,"column":4}}},"fnMap":{"0":{"name":"formatRelativeTime","decl":{"start":{"line":10,"column":9},"end":{"line":10,"column":27}},"loc":{"start":{"line":10,"column":53},"end":{"line":26,"column":1}},"line":10},"1":{"name":"ConversationListItem","decl":{"start":{"line":28,"column":24},"end":{"line":28,"column":44}},"loc":{"start":{"line":32,"column":30},"end":{"line":93,"column":1}},"line":32},"2":{"name":"(anonymous_2)","decl":{"start":{"line":34,"column":4},"end":{"line":34,"column":5}},"loc":{"start":{"line":34,"column":11},"end":{"line":34,"column":38}},"line":34},"3":{"name":"(anonymous_3)","decl":{"start":{"line":37,"column":4},"end":{"line":37,"column":5}},"loc":{"start":{"line":37,"column":11},"end":{"line":37,"column":38}},"line":37}},"branchMap":{"0":{"loc":{"start":{"line":18,"column":2},"end":{"line":18,"column":33}},"type":"if","locations":[{"start":{"line":18,"column":2},"end":{"line":18,"column":33}},{"start":{},"end":{}}],"line":18},"1":{"loc":{"start":{"line":19,"column":2},"end":{"line":19,"column":43}},"type":"if","locations":[{"start":{"line":19,"column":2},"end":{"line":19,"column":43}},{"start":{},"end":{}}],"line":19},"2":{"loc":{"start":{"line":20,"column":2},"end":{"line":20,"column":45}},"type":"if","locations":[{"start":{"line":20,"column":2},"end":{"line":20,"column":45}},{"start":{},"end":{}}],"line":20},"3":{"loc":{"start":{"line":21,"column":2},"end":{"line":21,"column":42}},"type":"if","locations":[{"start":{"line":21,"column":2},"end":{"line":21,"column":42}},{"start":{},"end":{}}],"line":21},"4":{"loc":{"start":{"line":41,"column":4},"end":{"line":43,"column":42}},"type":"binary-expr","locations":[{"start":{"line":41,"column":4},"end":{"line":41,"column":17}},{"start":{"line":42,"column":4},"end":{"line":43,"column":42}}],"line":41},"5":{"loc":{"start":{"line":46,"column":4},"end":{"line":46,"column":61}},"type":"binary-expr","locations":[{"start":{"line":46,"column":4},"end":{"line":46,"column":43}},{"start":{"line":46,"column":47},"end":{"line":46,"column":61}}],"line":46},"6":{"loc":{"start":{"line":58,"column":12},"end":{"line":59,"column":95}},"type":"binary-expr","locations":[{"start":{"line":58,"column":12},"end":{"line":58,"column":21}},{"start":{"line":59,"column":12},"end":{"line":59,"column":95}}],"line":58},"7":{"loc":{"start":{"line":67,"column":36},"end":{"line":67,"column":94}},"type":"cond-expr","locations":[{"start":{"line":67,"column":47},"end":{"line":67,"column":68}},{"start":{"line":67,"column":71},"end":{"line":67,"column":94}}],"line":67},"8":{"loc":{"start":{"line":73,"column":39},"end":{"line":73,"column":97}},"type":"cond-expr","locations":[{"start":{"line":73,"column":50},"end":{"line":73,"column":73}},{"start":{"line":73,"column":76},"end":{"line":73,"column":97}}],"line":73},"9":{"loc":{"start":{"line":76,"column":11},"end":{"line":76,"column":65}},"type":"binary-expr","locations":[{"start":{"line":76,"column":11},"end":{"line":76,"column":44}},{"start":{"line":76,"column":48},"end":{"line":76,"column":65}}],"line":76},"10":{"loc":{"start":{"line":83,"column":32},"end":{"line":83,"column":97}},"type":"cond-expr","locations":[{"start":{"line":83,"column":43},"end":{"line":83,"column":73}},{"start":{"line":83,"column":76},"end":{"line":83,"column":97}}],"line":83},"11":{"loc":{"start":{"line":87,"column":9},"end":{"line":89,"column":9}},"type":"binary-expr","locations":[{"start":{"line":87,"column":9},"end":{"line":87,"column":17}},{"start":{"line":88,"column":10},"end":{"line":88,"column":75}}],"line":87}},"s":{"0":0,"1":0,"2":0,"3":0,"4":0,"5":0,"6":0,"7":0,"8":0,"9":0,"10":0,"11":0,"12":0,"13":0,"14":0,"15":0,"16":0,"17":0,"18":0,"19":0,"20":0,"21":0,"22":0},"f":{"0":0,"1":0,"2":0,"3":0},"b":{"0":[0,0],"1":[0,0],"2":[0,0],"3":[0,0],"4":[0,0],"5":[0,0],"6":[0,0],"7":[0,0],"8":[0,0],"9":[0,0],"10":[0,0],"11":[0,0]}}
,"/Users/tekjoe/Dev/k9d8/src/components/messages/MessageBubble.tsx": {"path":"/Users/tekjoe/Dev/k9d8/src/components/messages/MessageBubble.tsx","statementMap":{"0":{"start":{"line":12,"column":2},"end":{"line":15,"column":5}},"1":{"start":{"line":19,"column":26},"end":{"line":22,"column":35}},"2":{"start":{"line":20,"column":4},"end":{"line":20,"column":35}},"3":{"start":{"line":20,"column":28},"end":{"line":20,"column":35}},"4":{"start":{"line":21,"column":4},"end":{"line":21,"column":25}},"5":{"start":{"line":24,"column":2},"end":{"line":49,"column":4}}},"fnMap":{"0":{"name":"formatTime","decl":{"start":{"line":11,"column":9},"end":{"line":11,"column":19}},"loc":{"start":{"line":11,"column":45},"end":{"line":16,"column":1}},"line":11},"1":{"name":"MessageBubble","decl":{"start":{"line":18,"column":24},"end":{"line":18,"column":37}},"loc":{"start":{"line":18,"column":88},"end":{"line":50,"column":1}},"line":18},"2":{"name":"(anonymous_2)","decl":{"start":{"line":19,"column":38},"end":{"line":19,"column":39}},"loc":{"start":{"line":19,"column":44},"end":{"line":22,"column":3}},"line":19}},"branchMap":{"0":{"loc":{"start":{"line":20,"column":4},"end":{"line":20,"column":35}},"type":"if","locations":[{"start":{"line":20,"column":4},"end":{"line":20,"column":35}},{"start":{},"end":{}}],"line":20},"1":{"loc":{"start":{"line":20,"column":8},"end":{"line":20,"column":26}},"type":"binary-expr","locations":[{"start":{"line":20,"column":8},"end":{"line":20,"column":13}},{"start":{"line":20,"column":17},"end":{"line":20,"column":26}}],"line":20},"2":{"loc":{"start":{"line":28,"column":16},"end":{"line":28,"column":34}},"type":"binary-expr","locations":[{"start":{"line":28,"column":16},"end":{"line":28,"column":21}},{"start":{"line":28,"column":25},"end":{"line":28,"column":34}}],"line":28},"3":{"loc":{"start":{"line":30,"column":36},"end":{"line":30,"column":71}},"type":"cond-expr","locations":[{"start":{"line":30,"column":44},"end":{"line":30,"column":55}},{"start":{"line":30,"column":58},"end":{"line":30,"column":71}}],"line":30},"4":{"loc":{"start":{"line":33,"column":12},"end":{"line":35,"column":56}},"type":"cond-expr","locations":[{"start":{"line":34,"column":16},"end":{"line":34,"column":56}},{"start":{"line":35,"column":16},"end":{"line":35,"column":56}}],"line":33},"5":{"loc":{"start":{"line":39,"column":38},"end":{"line":39,"column":72}},"type":"cond-expr","locations":[{"start":{"line":39,"column":46},"end":{"line":39,"column":58}},{"start":{"line":39,"column":61},"end":{"line":39,"column":72}}],"line":39}},"s":{"0":0,"1":0,"2":0,"3":0,"4":0,"5":0},"f":{"0":0,"1":0,"2":0},"b":{"0":[0,0],"1":[0,0],"2":[0,0],"3":[0,0],"4":[0,0],"5":[0,0]}}
,"/Users/tekjoe/Dev/k9d8/src/components/parks/CheckInButton.tsx": {"path":"/Users/tekjoe/Dev/k9d8/src/components/parks/CheckInButton.tsx","statementMap":{"0":{"start":{"line":30,"column":42},"end":{"line":30,"column":57}},"1":{"start":{"line":31,"column":46},"end":{"line":31,"column":68}},"2":{"start":{"line":33,"column":22},"end":{"line":33,"column":42}},"3":{"start":{"line":35,"column":22},"end":{"line":43,"column":3}},"4":{"start":{"line":36,"column":4},"end":{"line":42,"column":5}},"5":{"start":{"line":37,"column":6},"end":{"line":37,"column":19}},"6":{"start":{"line":40,"column":6},"end":{"line":40,"column":47}},"7":{"start":{"line":40,"column":40},"end":{"line":40,"column":44}},"8":{"start":{"line":41,"column":6},"end":{"line":41,"column":28}},"9":{"start":{"line":45,"column":20},"end":{"line":51,"column":3}},"10":{"start":{"line":46,"column":4},"end":{"line":50,"column":6}},"11":{"start":{"line":47,"column":6},"end":{"line":49,"column":26}},"12":{"start":{"line":48,"column":30},"end":{"line":48,"column":42}},"13":{"start":{"line":53,"column":31},"end":{"line":56,"column":3}},"14":{"start":{"line":54,"column":4},"end":{"line":54,"column":27}},"15":{"start":{"line":55,"column":4},"end":{"line":55,"column":30}},"16":{"start":{"line":58,"column":2},"end":{"line":163,"column":4}},"17":{"start":{"line":90,"column":30},"end":{"line":90,"column":52}},"18":{"start":{"line":98,"column":33},"end":{"line":98,"column":55}},"19":{"start":{"line":115,"column":39},"end":{"line":115,"column":70}},"20":{"start":{"line":116,"column":20},"end":{"line":138,"column":22}},"21":{"start":{"line":123,"column":39},"end":{"line":123,"column":56}},"22":{"start":{"line":166,"column":15},"end":{"line":295,"column":2}}},"fnMap":{"0":{"name":"CheckInButton","decl":{"start":{"line":23,"column":16},"end":{"line":23,"column":29}},"loc":{"start":{"line":29,"column":23},"end":{"line":164,"column":1}},"line":29},"1":{"name":"(anonymous_1)","decl":{"start":{"line":35,"column":22},"end":{"line":35,"column":23}},"loc":{"start":{"line":35,"column":28},"end":{"line":43,"column":3}},"line":35},"2":{"name":"(anonymous_2)","decl":{"start":{"line":40,"column":33},"end":{"line":40,"column":34}},"loc":{"start":{"line":40,"column":40},"end":{"line":40,"column":44}},"line":40},"3":{"name":"(anonymous_3)","decl":{"start":{"line":45,"column":20},"end":{"line":45,"column":21}},"loc":{"start":{"line":45,"column":39},"end":{"line":51,"column":3}},"line":45},"4":{"name":"(anonymous_4)","decl":{"start":{"line":46,"column":22},"end":{"line":46,"column":23}},"loc":{"start":{"line":47,"column":6},"end":{"line":49,"column":26}},"line":47},"5":{"name":"(anonymous_5)","decl":{"start":{"line":48,"column":22},"end":{"line":48,"column":23}},"loc":{"start":{"line":48,"column":30},"end":{"line":48,"column":42}},"line":48},"6":{"name":"(anonymous_6)","decl":{"start":{"line":53,"column":31},"end":{"line":53,"column":32}},"loc":{"start":{"line":53,"column":37},"end":{"line":56,"column":3}},"line":53},"7":{"name":"(anonymous_7)","decl":{"start":{"line":90,"column":24},"end":{"line":90,"column":25}},"loc":{"start":{"line":90,"column":30},"end":{"line":90,"column":52}},"line":90},"8":{"name":"(anonymous_8)","decl":{"start":{"line":98,"column":27},"end":{"line":98,"column":28}},"loc":{"start":{"line":98,"column":33},"end":{"line":98,"column":55}},"line":98},"9":{"name":"(anonymous_9)","decl":{"start":{"line":114,"column":28},"end":{"line":114,"column":29}},"loc":{"start":{"line":114,"column":37},"end":{"line":139,"column":19}},"line":114},"10":{"name":"(anonymous_10)","decl":{"start":{"line":123,"column":33},"end":{"line":123,"column":34}},"loc":{"start":{"line":123,"column":39},"end":{"line":123,"column":56}},"line":123}},"branchMap":{"0":{"loc":{"start":{"line":36,"column":4},"end":{"line":42,"column":5}},"type":"if","locations":[{"start":{"line":36,"column":4},"end":{"line":42,"column":5}},{"start":{"line":38,"column":11},"end":{"line":42,"column":5}}],"line":36},"1":{"loc":{"start":{"line":47,"column":6},"end":{"line":49,"column":26}},"type":"cond-expr","locations":[{"start":{"line":48,"column":10},"end":{"line":48,"column":43}},{"start":{"line":49,"column":10},"end":{"line":49,"column":26}}],"line":47},"2":{"loc":{"start":{"line":63,"column":10},"end":{"line":63,"column":68}},"type":"cond-expr","locations":[{"start":{"line":63,"column":24},"end":{"line":63,"column":45}},{"start":{"line":63,"column":48},"end":{"line":63,"column":68}}],"line":63},"3":{"loc":{"start":{"line":64,"column":10},"end":{"line":64,"column":42}},"type":"binary-expr","locations":[{"start":{"line":64,"column":10},"end":{"line":64,"column":17}},{"start":{"line":64,"column":21},"end":{"line":64,"column":42}}],"line":64},"4":{"loc":{"start":{"line":69,"column":9},"end":{"line":83,"column":9}},"type":"cond-expr","locations":[{"start":{"line":70,"column":10},"end":{"line":73,"column":12}},{"start":{"line":75,"column":10},"end":{"line":82,"column":17}}],"line":69},"5":{"loc":{"start":{"line":72,"column":19},"end":{"line":72,"column":63}},"type":"cond-expr","locations":[{"start":{"line":72,"column":33},"end":{"line":72,"column":51}},{"start":{"line":72,"column":54},"end":{"line":72,"column":63}}],"line":72},"6":{"loc":{"start":{"line":78,"column":14},"end":{"line":78,"column":68}},"type":"cond-expr","locations":[{"start":{"line":78,"column":28},"end":{"line":78,"column":47}},{"start":{"line":78,"column":50},"end":{"line":78,"column":68}}],"line":78},"7":{"loc":{"start":{"line":81,"column":13},"end":{"line":81,"column":51}},"type":"cond-expr","locations":[{"start":{"line":81,"column":27},"end":{"line":81,"column":38}},{"start":{"line":81,"column":41},"end":{"line":81,"column":51}}],"line":81},"8":{"loc":{"start":{"line":105,"column":15},"end":{"line":141,"column":15}},"type":"cond-expr","locations":[{"start":{"line":106,"column":16},"end":{"line":111,"column":23}},{"start":{"line":113,"column":16},"end":{"line":140,"column":29}}],"line":105},"9":{"loc":{"start":{"line":121,"column":26},"end":{"line":121,"column":61}},"type":"binary-expr","locations":[{"start":{"line":121,"column":26},"end":{"line":121,"column":36}},{"start":{"line":121,"column":40},"end":{"line":121,"column":61}}],"line":121},"10":{"loc":{"start":{"line":126,"column":27},"end":{"line":128,"column":27}},"type":"binary-expr","locations":[{"start":{"line":126,"column":27},"end":{"line":126,"column":37}},{"start":{"line":127,"column":28},"end":{"line":127,"column":65}}],"line":126},"11":{"loc":{"start":{"line":133,"column":29},"end":{"line":133,"column":68}},"type":"cond-expr","locations":[{"start":{"line":133,"column":41},"end":{"line":133,"column":63}},{"start":{"line":133,"column":66},"end":{"line":133,"column":68}}],"line":133},"12":{"loc":{"start":{"line":146,"column":18},"end":{"line":146,"column":70}},"type":"binary-expr","locations":[{"start":{"line":146,"column":18},"end":{"line":146,"column":45}},{"start":{"line":146,"column":49},"end":{"line":146,"column":70}}],"line":146},"13":{"loc":{"start":{"line":153,"column":19},"end":{"line":155,"column":24}},"type":"cond-expr","locations":[{"start":{"line":154,"column":22},"end":{"line":154,"column":98}},{"start":{"line":155,"column":22},"end":{"line":155,"column":24}}],"line":153},"14":{"loc":{"start":{"line":154,"column":58},"end":{"line":154,"column":96}},"type":"cond-expr","locations":[{"start":{"line":154,"column":88},"end":{"line":154,"column":91}},{"start":{"line":154,"column":94},"end":{"line":154,"column":96}}],"line":154}},"s":{"0":0,"1":0,"2":0,"3":0,"4":0,"5":0,"6":0,"7":0,"8":0,"9":0,"10":0,"11":0,"12":0,"13":0,"14":0,"15":0,"16":0,"17":0,"18":0,"19":0,"20":0,"21":0,"22":0},"f":{"0":0,"1":0,"2":0,"3":0,"4":0,"5":0,"6":0,"7":0,"8":0,"9":0,"10":0},"b":{"0":[0,0],"1":[0,0],"2":[0,0],"3":[0,0],"4":[0,0],"5":[0,0],"6":[0,0],"7":[0,0],"8":[0,0],"9":[0,0],"10":[0,0],"11":[0,0],"12":[0,0],"13":[0,0],"14":[0,0]}}
,"/Users/tekjoe/Dev/k9d8/src/components/parks/CheckInList.tsx": {"path":"/Users/tekjoe/Dev/k9d8/src/components/parks/CheckInList.tsx","statementMap":{"0":{"start":{"line":11,"column":2},"end":{"line":15,"column":4}},"1":{"start":{"line":20,"column":4},"end":{"line":20,"column":77}},"2":{"start":{"line":22,"column":18},"end":{"line":24,"column":4}},"3":{"start":{"line":26,"column":2},"end":{"line":42,"column":4}},"4":{"start":{"line":37,"column":12},"end":{"line":37,"column":52}},"5":{"start":{"line":46,"column":2},"end":{"line":50,"column":4}},"6":{"start":{"line":54,"column":19},"end":{"line":57,"column":3}},"7":{"start":{"line":55,"column":17},"end":{"line":55,"column":45}},"8":{"start":{"line":59,"column":2},"end":{"line":75,"column":4}},"9":{"start":{"line":66,"column":32},"end":{"line":66,"column":39}},"10":{"start":{"line":67,"column":34},"end":{"line":67,"column":64}},"11":{"start":{"line":78,"column":15},"end":{"line":140,"column":2}}},"fnMap":{"0":{"name":"DogChip","decl":{"start":{"line":10,"column":9},"end":{"line":10,"column":16}},"loc":{"start":{"line":10,"column":45},"end":{"line":16,"column":1}},"line":10},"1":{"name":"CheckInItem","decl":{"start":{"line":18,"column":9},"end":{"line":18,"column":20}},"loc":{"start":{"line":18,"column":56},"end":{"line":43,"column":1}},"line":18},"2":{"name":"(anonymous_2)","decl":{"start":{"line":36,"column":28},"end":{"line":36,"column":29}},"loc":{"start":{"line":37,"column":12},"end":{"line":37,"column":52}},"line":37},"3":{"name":"EmptyState","decl":{"start":{"line":45,"column":9},"end":{"line":45,"column":19}},"loc":{"start":{"line":45,"column":22},"end":{"line":51,"column":1}},"line":45},"4":{"name":"CheckInList","decl":{"start":{"line":53,"column":16},"end":{"line":53,"column":27}},"loc":{"start":{"line":53,"column":66},"end":{"line":76,"column":1}},"line":53},"5":{"name":"(anonymous_5)","decl":{"start":{"line":55,"column":4},"end":{"line":55,"column":5}},"loc":{"start":{"line":55,"column":17},"end":{"line":55,"column":45}},"line":55},"6":{"name":"(anonymous_6)","decl":{"start":{"line":66,"column":22},"end":{"line":66,"column":23}},"loc":{"start":{"line":66,"column":32},"end":{"line":66,"column":39}},"line":66},"7":{"name":"(anonymous_7)","decl":{"start":{"line":67,"column":20},"end":{"line":67,"column":21}},"loc":{"start":{"line":67,"column":34},"end":{"line":67,"column":64}},"line":67}},"branchMap":{"0":{"loc":{"start":{"line":20,"column":4},"end":{"line":20,"column":77}},"type":"binary-expr","locations":[{"start":{"line":20,"column":4},"end":{"line":20,"column":33}},{"start":{"line":20,"column":37},"end":{"line":20,"column":59}},{"start":{"line":20,"column":63},"end":{"line":20,"column":77}}],"line":20},"1":{"loc":{"start":{"line":34,"column":7},"end":{"line":40,"column":7}},"type":"binary-expr","locations":[{"start":{"line":34,"column":7},"end":{"line":34,"column":19}},{"start":{"line":34,"column":23},"end":{"line":34,"column":46}},{"start":{"line":35,"column":8},"end":{"line":39,"column":15}}],"line":34},"2":{"loc":{"start":{"line":55,"column":24},"end":{"line":55,"column":44}},"type":"binary-expr","locations":[{"start":{"line":55,"column":24},"end":{"line":55,"column":39}},{"start":{"line":55,"column":43},"end":{"line":55,"column":44}}],"line":55},"3":{"loc":{"start":{"line":62,"column":23},"end":{"line":62,"column":48}},"type":"cond-expr","locations":[{"start":{"line":62,"column":40},"end":{"line":62,"column":43}},{"start":{"line":62,"column":46},"end":{"line":62,"column":48}}],"line":62},"4":{"loc":{"start":{"line":71,"column":10},"end":{"line":71,"column":68}},"type":"cond-expr","locations":[{"start":{"line":71,"column":40},"end":{"line":71,"column":56}},{"start":{"line":71,"column":59},"end":{"line":71,"column":68}}],"line":71}},"s":{"0":0,"1":0,"2":0,"3":0,"4":0,"5":0,"6":0,"7":0,"8":0,"9":0,"10":0,"11":0},"f":{"0":0,"1":0,"2":0,"3":0,"4":0,"5":0,"6":0,"7":0},"b":{"0":[0,0,0],"1":[0,0,0],"2":[0,0],"3":[0,0],"4":[0,0]}}
,"/Users/tekjoe/Dev/k9d8/src/components/parks/ParkCard.tsx": {"path":"/Users/tekjoe/Dev/k9d8/src/components/parks/ParkCard.tsx","statementMap":{"0":{"start":{"line":13,"column":2},"end":{"line":13,"column":27}},"1":{"start":{"line":13,"column":15},"end":{"line":13,"column":27}},"2":{"start":{"line":14,"column":2},"end":{"line":18,"column":4}},"3":{"start":{"line":22,"column":2},"end":{"line":26,"column":4}},"4":{"start":{"line":30,"column":2},"end":{"line":68,"column":4}},"5":{"start":{"line":32,"column":30},"end":{"line":32,"column":75}},"6":{"start":{"line":63,"column":12},"end":{"line":63,"column":57}},"7":{"start":{"line":71,"column":15},"end":{"line":145,"column":2}}},"fnMap":{"0":{"name":"FeatureBadge","decl":{"start":{"line":12,"column":9},"end":{"line":12,"column":21}},"loc":{"start":{"line":12,"column":77},"end":{"line":19,"column":1}},"line":12},"1":{"name":"AmenityChip","decl":{"start":{"line":21,"column":9},"end":{"line":21,"column":20}},"loc":{"start":{"line":21,"column":51},"end":{"line":27,"column":1}},"line":21},"2":{"name":"ParkCard","decl":{"start":{"line":29,"column":24},"end":{"line":29,"column":32}},"loc":{"start":{"line":29,"column":79},"end":{"line":69,"column":1}},"line":29},"3":{"name":"(anonymous_3)","decl":{"start":{"line":32,"column":13},"end":{"line":32,"column":14}},"loc":{"start":{"line":32,"column":30},"end":{"line":32,"column":75}},"line":32},"4":{"name":"(anonymous_4)","decl":{"start":{"line":62,"column":30},"end":{"line":62,"column":31}},"loc":{"start":{"line":63,"column":12},"end":{"line":63,"column":57}},"line":63}},"branchMap":{"0":{"loc":{"start":{"line":13,"column":2},"end":{"line":13,"column":27}},"type":"if","locations":[{"start":{"line":13,"column":2},"end":{"line":13,"column":27}},{"start":{},"end":{}}],"line":13},"1":{"loc":{"start":{"line":32,"column":49},"end":{"line":32,"column":74}},"type":"binary-expr","locations":[{"start":{"line":32,"column":49},"end":{"line":32,"column":56}},{"start":{"line":32,"column":60},"end":{"line":32,"column":74}}],"line":32},"2":{"loc":{"start":{"line":39,"column":9},"end":{"line":45,"column":9}},"type":"binary-expr","locations":[{"start":{"line":39,"column":9},"end":{"line":39,"column":33}},{"start":{"line":40,"column":10},"end":{"line":44,"column":17}}],"line":39},"3":{"loc":{"start":{"line":41,"column":13},"end":{"line":43,"column":45}},"type":"cond-expr","locations":[{"start":{"line":42,"column":16},"end":{"line":42,"column":52}},{"start":{"line":43,"column":16},"end":{"line":43,"column":45}}],"line":41},"4":{"loc":{"start":{"line":48,"column":7},"end":{"line":52,"column":7}},"type":"binary-expr","locations":[{"start":{"line":48,"column":7},"end":{"line":48,"column":19}},{"start":{"line":49,"column":8},"end":{"line":51,"column":15}}],"line":48},"5":{"loc":{"start":{"line":60,"column":7},"end":{"line":66,"column":7}},"type":"binary-expr","locations":[{"start":{"line":60,"column":7},"end":{"line":60,"column":32}},{"start":{"line":61,"column":8},"end":{"line":65,"column":15}}],"line":60}},"s":{"0":0,"1":0,"2":0,"3":0,"4":0,"5":0,"6":0,"7":0},"f":{"0":0,"1":0,"2":0,"3":0,"4":0},"b":{"0":[0,0],"1":[0,0],"2":[0,0],"3":[0,0],"4":[0,0],"5":[0,0]}}
,"/Users/tekjoe/Dev/k9d8/src/components/parks/ParkDetailMobile.tsx": {"path":"/Users/tekjoe/Dev/k9d8/src/components/parks/ParkDetailMobile.tsx","statementMap":{"0":{"start":{"line":28,"column":18},"end":{"line":33,"column":1}},"1":{"start":{"line":36,"column":2},"end":{"line":66,"column":4}},"2":{"start":{"line":70,"column":2},"end":{"line":85,"column":4}},"3":{"start":{"line":94,"column":17},"end":{"line":94,"column":28}},"4":{"start":{"line":95,"column":22},"end":{"line":95,"column":31}},"5":{"start":{"line":96,"column":17},"end":{"line":96,"column":34}},"6":{"start":{"line":98,"column":26},"end":{"line":98,"column":53}},"7":{"start":{"line":99,"column":32},"end":{"line":99,"column":46}},"8":{"start":{"line":100,"column":28},"end":{"line":100,"column":57}},"9":{"start":{"line":102,"column":17},"end":{"line":102,"column":33}},"10":{"start":{"line":103,"column":56},"end":{"line":103,"column":71}},"11":{"start":{"line":104,"column":46},"end":{"line":104,"column":68}},"12":{"start":{"line":105,"column":50},"end":{"line":105,"column":70}},"13":{"start":{"line":113,"column":6},"end":{"line":113,"column":30}},"14":{"start":{"line":115,"column":19},"end":{"line":115,"column":34}},"15":{"start":{"line":116,"column":78},"end":{"line":116,"column":104}},"16":{"start":{"line":117,"column":28},"end":{"line":117,"column":62}},"17":{"start":{"line":119,"column":23},"end":{"line":119,"column":41}},"18":{"start":{"line":120,"column":2},"end":{"line":128,"column":4}},"19":{"start":{"line":122,"column":6},"end":{"line":125,"column":7}},"20":{"start":{"line":123,"column":8},"end":{"line":123,"column":37}},"21":{"start":{"line":124,"column":8},"end":{"line":124,"column":15}},"22":{"start":{"line":126,"column":6},"end":{"line":126,"column":25}},"23":{"start":{"line":130,"column":2},"end":{"line":174,"column":17}},"24":{"start":{"line":131,"column":4},"end":{"line":135,"column":5}},"25":{"start":{"line":132,"column":6},"end":{"line":132,"column":38}},"26":{"start":{"line":133,"column":6},"end":{"line":133,"column":24}},"27":{"start":{"line":134,"column":6},"end":{"line":134,"column":13}},"28":{"start":{"line":137,"column":20},"end":{"line":137,"column":24}},"29":{"start":{"line":140,"column":21},"end":{"line":140,"column":44}},"30":{"start":{"line":142,"column":6},"end":{"line":166,"column":7}},"31":{"start":{"line":143,"column":32},"end":{"line":143,"column":36}},"32":{"start":{"line":145,"column":8},"end":{"line":149,"column":9}},"33":{"start":{"line":146,"column":10},"end":{"line":146,"column":46}},"34":{"start":{"line":147,"column":15},"end":{"line":149,"column":9}},"35":{"start":{"line":148,"column":10},"end":{"line":148,"column":57}},"36":{"start":{"line":151,"column":8},"end":{"line":157,"column":9}},"37":{"start":{"line":152,"column":10},"end":{"line":156,"column":11}},"38":{"start":{"line":153,"column":12},"end":{"line":153,"column":26}},"39":{"start":{"line":155,"column":12},"end":{"line":155,"column":39}},"40":{"start":{"line":159,"column":8},"end":{"line":161,"column":9}},"41":{"start":{"line":160,"column":10},"end":{"line":160,"column":50}},"42":{"start":{"line":163,"column":8},"end":{"line":165,"column":9}},"43":{"start":{"line":164,"column":10},"end":{"line":164,"column":28}},"44":{"start":{"line":169,"column":4},"end":{"line":169,"column":16}},"45":{"start":{"line":171,"column":4},"end":{"line":173,"column":6}},"46":{"start":{"line":172,"column":6},"end":{"line":172,"column":24}},"47":{"start":{"line":176,"column":2},"end":{"line":180,"column":34}},"48":{"start":{"line":177,"column":4},"end":{"line":179,"column":5}},"49":{"start":{"line":178,"column":6},"end":{"line":178,"column":47}},"50":{"start":{"line":178,"column":40},"end":{"line":178,"column":44}},"51":{"start":{"line":182,"column":21},"end":{"line":184,"column":14}},"52":{"start":{"line":183,"column":4},"end":{"line":183,"column":61}},"53":{"start":{"line":186,"column":27},"end":{"line":191,"column":12}},"54":{"start":{"line":187,"column":4},"end":{"line":190,"column":5}},"55":{"start":{"line":188,"column":18},"end":{"line":188,"column":81}},"56":{"start":{"line":189,"column":6},"end":{"line":189,"column":27}},"57":{"start":{"line":193,"column":25},"end":{"line":195,"column":22}},"58":{"start":{"line":194,"column":4},"end":{"line":194,"column":54}},"59":{"start":{"line":197,"column":28},"end":{"line":203,"column":29}},"60":{"start":{"line":198,"column":4},"end":{"line":202,"column":5}},"61":{"start":{"line":199,"column":6},"end":{"line":199,"column":17}},"62":{"start":{"line":201,"column":6},"end":{"line":201,"column":35}},"63":{"start":{"line":205,"column":31},"end":{"line":210,"column":31}},"64":{"start":{"line":206,"column":4},"end":{"line":209,"column":5}},"65":{"start":{"line":207,"column":6},"end":{"line":207,"column":30}},"66":{"start":{"line":208,"column":6},"end":{"line":208,"column":36}},"67":{"start":{"line":212,"column":20},"end":{"line":216,"column":8}},"68":{"start":{"line":213,"column":4},"end":{"line":215,"column":6}},"69":{"start":{"line":214,"column":6},"end":{"line":214,"column":81}},"70":{"start":{"line":214,"column":49},"end":{"line":214,"column":61}},"71":{"start":{"line":218,"column":24},"end":{"line":232,"column":22}},"72":{"start":{"line":219,"column":28},"end":{"line":219,"column":30}},"73":{"start":{"line":220,"column":20},"end":{"line":220,"column":37}},"74":{"start":{"line":222,"column":4},"end":{"line":229,"column":7}},"75":{"start":{"line":223,"column":6},"end":{"line":228,"column":9}},"76":{"start":{"line":224,"column":8},"end":{"line":227,"column":9}},"77":{"start":{"line":225,"column":10},"end":{"line":225,"column":30}},"78":{"start":{"line":226,"column":10},"end":{"line":226,"column":29}},"79":{"start":{"line":231,"column":4},"end":{"line":231,"column":32}},"80":{"start":{"line":234,"column":19},"end":{"line":254,"column":12}},"81":{"start":{"line":235,"column":4},"end":{"line":235,"column":25}},"82":{"start":{"line":235,"column":15},"end":{"line":235,"column":25}},"83":{"start":{"line":237,"column":76},"end":{"line":237,"column":78}},"84":{"start":{"line":238,"column":4},"end":{"line":238,"column":78}},"85":{"start":{"line":238,"column":24},"end":{"line":238,"column":78}},"86":{"start":{"line":239,"column":4},"end":{"line":239,"column":86}},"87":{"start":{"line":239,"column":24},"end":{"line":239,"column":86}},"88":{"start":{"line":240,"column":4},"end":{"line":240,"column":75}},"89":{"start":{"line":240,"column":24},"end":{"line":240,"column":75}},"90":{"start":{"line":241,"column":4},"end":{"line":241,"column":91}},"91":{"start":{"line":241,"column":45},"end":{"line":241,"column":91}},"92":{"start":{"line":242,"column":4},"end":{"line":242,"column":106}},"93":{"start":{"line":242,"column":52},"end":{"line":242,"column":106}},"94":{"start":{"line":244,"column":4},"end":{"line":251,"column":5}},"95":{"start":{"line":245,"column":6},"end":{"line":250,"column":8}},"96":{"start":{"line":253,"column":4},"end":{"line":253,"column":16}},"97":{"start":{"line":256,"column":2},"end":{"line":271,"column":3}},"98":{"start":{"line":257,"column":4},"end":{"line":270,"column":6}},"99":{"start":{"line":273,"column":2},"end":{"line":308,"column":3}},"100":{"start":{"line":274,"column":4},"end":{"line":307,"column":6}},"101":{"start":{"line":310,"column":2},"end":{"line":667,"column":4}},"102":{"start":{"line":425,"column":16},"end":{"line":425,"column":84}},"103":{"start":{"line":438,"column":18},"end":{"line":442,"column":20}},"104":{"start":{"line":441,"column":35},"end":{"line":441,"column":65}},"105":{"start":{"line":459,"column":16},"end":{"line":476,"column":28}},"106":{"start":{"line":461,"column":33},"end":{"line":461,"column":73}},"107":{"start":{"line":508,"column":30},"end":{"line":508,"column":59}},"108":{"start":{"line":540,"column":31},"end":{"line":540,"column":60}},"109":{"start":{"line":567,"column":41},"end":{"line":567,"column":72}},"110":{"start":{"line":568,"column":22},"end":{"line":608,"column":24}},"111":{"start":{"line":571,"column":41},"end":{"line":571,"column":58}},"112":{"start":{"line":618,"column":22},"end":{"line":642,"column":34}},"113":{"start":{"line":620,"column":39},"end":{"line":620,"column":74}}},"fnMap":{"0":{"name":"DogAvatar","decl":{"start":{"line":35,"column":9},"end":{"line":35,"column":18}},"loc":{"start":{"line":35,"column":73},"end":{"line":67,"column":1}},"line":35},"1":{"name":"FeatureTag","decl":{"start":{"line":69,"column":9},"end":{"line":69,"column":19}},"loc":{"start":{"line":69,"column":94},"end":{"line":86,"column":1}},"line":69},"2":{"name":"ParkDetailMobile","decl":{"start":{"line":93,"column":24},"end":{"line":93,"column":40}},"loc":{"start":{"line":93,"column":85},"end":{"line":668,"column":1}},"line":93},"3":{"name":"(anonymous_3)","decl":{"start":{"line":121,"column":16},"end":{"line":121,"column":17}},"loc":{"start":{"line":121,"column":22},"end":{"line":127,"column":5}},"line":121},"4":{"name":"(anonymous_4)","decl":{"start":{"line":130,"column":12},"end":{"line":130,"column":13}},"loc":{"start":{"line":130,"column":18},"end":{"line":174,"column":3}},"line":130},"5":{"name":"fetchPark","decl":{"start":{"line":139,"column":19},"end":{"line":139,"column":28}},"loc":{"start":{"line":139,"column":31},"end":{"line":167,"column":5}},"line":139},"6":{"name":"(anonymous_6)","decl":{"start":{"line":171,"column":11},"end":{"line":171,"column":12}},"loc":{"start":{"line":171,"column":17},"end":{"line":173,"column":5}},"line":171},"7":{"name":"(anonymous_7)","decl":{"start":{"line":176,"column":12},"end":{"line":176,"column":13}},"loc":{"start":{"line":176,"column":18},"end":{"line":180,"column":3}},"line":176},"8":{"name":"(anonymous_8)","decl":{"start":{"line":178,"column":33},"end":{"line":178,"column":34}},"loc":{"start":{"line":178,"column":40},"end":{"line":178,"column":44}},"line":178},"9":{"name":"(anonymous_9)","decl":{"start":{"line":182,"column":33},"end":{"line":182,"column":34}},"loc":{"start":{"line":182,"column":39},"end":{"line":184,"column":3}},"line":182},"10":{"name":"(anonymous_10)","decl":{"start":{"line":186,"column":39},"end":{"line":186,"column":40}},"loc":{"start":{"line":186,"column":45},"end":{"line":191,"column":3}},"line":186},"11":{"name":"(anonymous_11)","decl":{"start":{"line":193,"column":37},"end":{"line":193,"column":38}},"loc":{"start":{"line":193,"column":43},"end":{"line":195,"column":3}},"line":193},"12":{"name":"(anonymous_12)","decl":{"start":{"line":197,"column":40},"end":{"line":197,"column":41}},"loc":{"start":{"line":197,"column":46},"end":{"line":203,"column":3}},"line":197},"13":{"name":"(anonymous_13)","decl":{"start":{"line":205,"column":43},"end":{"line":205,"column":44}},"loc":{"start":{"line":205,"column":49},"end":{"line":210,"column":3}},"line":205},"14":{"name":"(anonymous_14)","decl":{"start":{"line":212,"column":32},"end":{"line":212,"column":33}},"loc":{"start":{"line":212,"column":51},"end":{"line":216,"column":3}},"line":212},"15":{"name":"(anonymous_15)","decl":{"start":{"line":213,"column":22},"end":{"line":213,"column":23}},"loc":{"start":{"line":214,"column":6},"end":{"line":214,"column":81}},"line":214},"16":{"name":"(anonymous_16)","decl":{"start":{"line":214,"column":41},"end":{"line":214,"column":42}},"loc":{"start":{"line":214,"column":49},"end":{"line":214,"column":61}},"line":214},"17":{"name":"(anonymous_17)","decl":{"start":{"line":218,"column":32},"end":{"line":218,"column":33}},"loc":{"start":{"line":218,"column":38},"end":{"line":232,"column":3}},"line":218},"18":{"name":"(anonymous_18)","decl":{"start":{"line":222,"column":27},"end":{"line":222,"column":28}},"loc":{"start":{"line":222,"column":40},"end":{"line":229,"column":5}},"line":222},"19":{"name":"(anonymous_19)","decl":{"start":{"line":223,"column":28},"end":{"line":223,"column":29}},"loc":{"start":{"line":223,"column":37},"end":{"line":228,"column":7}},"line":223},"20":{"name":"(anonymous_20)","decl":{"start":{"line":234,"column":27},"end":{"line":234,"column":28}},"loc":{"start":{"line":234,"column":33},"end":{"line":254,"column":3}},"line":234},"21":{"name":"(anonymous_21)","decl":{"start":{"line":424,"column":28},"end":{"line":424,"column":29}},"loc":{"start":{"line":425,"column":16},"end":{"line":425,"column":84}},"line":425},"22":{"name":"(anonymous_22)","decl":{"start":{"line":437,"column":35},"end":{"line":437,"column":36}},"loc":{"start":{"line":438,"column":18},"end":{"line":442,"column":20}},"line":438},"23":{"name":"(anonymous_23)","decl":{"start":{"line":441,"column":29},"end":{"line":441,"column":30}},"loc":{"start":{"line":441,"column":35},"end":{"line":441,"column":65}},"line":441},"24":{"name":"(anonymous_24)","decl":{"start":{"line":458,"column":28},"end":{"line":458,"column":29}},"loc":{"start":{"line":459,"column":16},"end":{"line":476,"column":28}},"line":459},"25":{"name":"(anonymous_25)","decl":{"start":{"line":461,"column":27},"end":{"line":461,"column":28}},"loc":{"start":{"line":461,"column":33},"end":{"line":461,"column":73}},"line":461},"26":{"name":"(anonymous_26)","decl":{"start":{"line":508,"column":24},"end":{"line":508,"column":25}},"loc":{"start":{"line":508,"column":30},"end":{"line":508,"column":59}},"line":508},"27":{"name":"(anonymous_27)","decl":{"start":{"line":540,"column":25},"end":{"line":540,"column":26}},"loc":{"start":{"line":540,"column":31},"end":{"line":540,"column":60}},"line":540},"28":{"name":"(anonymous_28)","decl":{"start":{"line":566,"column":30},"end":{"line":566,"column":31}},"loc":{"start":{"line":566,"column":39},"end":{"line":609,"column":21}},"line":566},"29":{"name":"(anonymous_29)","decl":{"start":{"line":571,"column":35},"end":{"line":571,"column":36}},"loc":{"start":{"line":571,"column":41},"end":{"line":571,"column":58}},"line":571},"30":{"name":"(anonymous_30)","decl":{"start":{"line":617,"column":35},"end":{"line":617,"column":36}},"loc":{"start":{"line":618,"column":22},"end":{"line":642,"column":34}},"line":618},"31":{"name":"(anonymous_31)","decl":{"start":{"line":620,"column":33},"end":{"line":620,"column":34}},"loc":{"start":{"line":620,"column":39},"end":{"line":620,"column":74}},"line":620}},"branchMap":{"0":{"loc":{"start":{"line":41,"column":12},"end":{"line":42,"column":95}},"type":"binary-expr","locations":[{"start":{"line":41,"column":12},"end":{"line":41,"column":25}},{"start":{"line":42,"column":12},"end":{"line":42,"column":95}}],"line":41},"1":{"loc":{"start":{"line":102,"column":17},"end":{"line":102,"column":33}},"type":"binary-expr","locations":[{"start":{"line":102,"column":17},"end":{"line":102,"column":25}},{"start":{"line":102,"column":29},"end":{"line":102,"column":33}}],"line":102},"2":{"loc":{"start":{"line":113,"column":17},"end":{"line":113,"column":29}},"type":"binary-expr","locations":[{"start":{"line":113,"column":17},"end":{"line":113,"column":23}},{"start":{"line":113,"column":27},"end":{"line":113,"column":29}}],"line":113},"3":{"loc":{"start":{"line":116,"column":91},"end":{"line":116,"column":103}},"type":"binary-expr","locations":[{"start":{"line":116,"column":91},"end":{"line":116,"column":97}},{"start":{"line":116,"column":101},"end":{"line":116,"column":103}}],"line":116},"4":{"loc":{"start":{"line":117,"column":42},"end":{"line":117,"column":61}},"type":"binary-expr","locations":[{"start":{"line":117,"column":42},"end":{"line":117,"column":48}},{"start":{"line":117,"column":52},"end":{"line":117,"column":61}}],"line":117},"5":{"loc":{"start":{"line":122,"column":6},"end":{"line":125,"column":7}},"type":"if","locations":[{"start":{"line":122,"column":6},"end":{"line":125,"column":7}},{"start":{},"end":{}}],"line":122},"6":{"loc":{"start":{"line":131,"column":4},"end":{"line":135,"column":5}},"type":"if","locations":[{"start":{"line":131,"column":4},"end":{"line":135,"column":5}},{"start":{},"end":{}}],"line":131},"7":{"loc":{"start":{"line":145,"column":8},"end":{"line":149,"column":9}},"type":"if","locations":[{"start":{"line":145,"column":8},"end":{"line":149,"column":9}},{"start":{"line":147,"column":15},"end":{"line":149,"column":9}}],"line":145},"8":{"loc":{"start":{"line":147,"column":15},"end":{"line":149,"column":9}},"type":"if","locations":[{"start":{"line":147,"column":15},"end":{"line":149,"column":9}},{"start":{},"end":{}}],"line":147},"9":{"loc":{"start":{"line":151,"column":8},"end":{"line":157,"column":9}},"type":"if","locations":[{"start":{"line":151,"column":8},"end":{"line":157,"column":9}},{"start":{},"end":{}}],"line":151},"10":{"loc":{"start":{"line":152,"column":10},"end":{"line":156,"column":11}},"type":"if","locations":[{"start":{"line":152,"column":10},"end":{"line":156,"column":11}},{"start":{"line":154,"column":17},"end":{"line":156,"column":11}}],"line":152},"11":{"loc":{"start":{"line":159,"column":8},"end":{"line":161,"column":9}},"type":"if","locations":[{"start":{"line":159,"column":8},"end":{"line":161,"column":9}},{"start":{},"end":{}}],"line":159},"12":{"loc":{"start":{"line":163,"column":8},"end":{"line":165,"column":9}},"type":"if","locations":[{"start":{"line":163,"column":8},"end":{"line":165,"column":9}},{"start":{},"end":{}}],"line":163},"13":{"loc":{"start":{"line":177,"column":4},"end":{"line":179,"column":5}},"type":"if","locations":[{"start":{"line":177,"column":4},"end":{"line":179,"column":5}},{"st
[...]
,"/Users/tekjoe/Dev/k9d8/src/services/wordFilter.ts": {"path":"/Users/tekjoe/Dev/k9d8/src/services/wordFilter.ts","statementMap":{"0":{"start":{"line":1,"column":23},"end":{"line":42,"column":1}},"1":{"start":{"line":44,"column":24},"end":{"line":47,"column":1}},"2":{"start":{"line":55,"column":33},"end":{"line":55,"column":35}},"3":{"start":{"line":57,"column":2},"end":{"line":60,"column":5}},"4":{"start":{"line":58,"column":4},"end":{"line":58,"column":43}},"5":{"start":{"line":59,"column":4},"end":{"line":59,"column":17}},"6":{"start":{"line":62,"column":2},"end":{"line":65,"column":4}}},"fnMap":{"0":{"name":"filterMessage","decl":{"start":{"line":54,"column":16},"end":{"line":54,"column":29}},"loc":{"start":{"line":54,"column":61},"end":{"line":66,"column":1}},"line":54},"1":{"name":"(anonymous_1)","decl":{"start":{"line":57,"column":35},"end":{"line":57,"column":36}},"loc":{"start":{"line":57,"column":46},"end":{"line":60,"column":3}},"line":57}},"branchMap":{},"s":{"0":3,"1":3,"2":12,"3":12,"4":9,"5":9,"6":12},"f":{"0":12,"1":9},"b":{},"_coverageSchema":"1a1c01bbd47fc00a2c39e90264f33305004495a9","hash":"8c407060828dbc0edd334d79382de796de76cd6b"}
,"/Users/tekjoe/Dev/k9d8/src/utils/fileUpload.ts": {"path":"/Users/tekjoe/Dev/k9d8/src/utils/fileUpload.ts","statementMap":{"0":{"start":{"line":5,"column":2},"end":{"line":8,"column":3}},"1":{"start":{"line":6,"column":21},"end":{"line":6,"column":37}},"2":{"start":{"line":7,"column":4},"end":{"line":7,"column":27}},"3":{"start":{"line":9,"column":15},"end":{"line":9,"column":28}},"4":{"start":{"line":10,"column":2},"end":{"line":10,"column":28}}},"fnMap":{"0":{"name":"readFileForUpload","decl":{"start":{"line":4,"column":22},"end":{"line":4,"column":39}},"loc":{"start":{"line":4,"column":82},"end":{"line":11,"column":1}},"line":4}},"branchMap":{"0":{"loc":{"start":{"line":5,"column":2},"end":{"line":8,"column":3}},"type":"if","locations":[{"start":{"line":5,"column":2},"end":{"line":8,"column":3}},{"start":{},"end":{}}],"line":5}},"s":{"0":0,"1":0,"2":0,"3":0,"4":0},"f":{"0":0},"b":{"0":[0,0]}}
,"/Users/tekjoe/Dev/k9d8/src/utils/playdates.ts": {"path":"/Users/tekjoe/Dev/k9d8/src/utils/playdates.ts","statementMap":{"0":{"start":{"line":7,"column":2},"end":{"line":7,"column":49}},"1":{"start":{"line":14,"column":2},"end":{"line":14,"column":73}},"2":{"start":{"line":21,"column":2},"end":{"line":21,"column":36}},"3":{"start":{"line":33,"column":2},"end":{"line":33,"column":27}},"4":{"start":{"line":33,"column":15},"end":{"line":33,"column":27}},"5":{"start":{"line":36,"column":2},"end":{"line":36,"column":53}},"6":{"start":{"line":36,"column":40},"end":{"line":36,"column":53}},"7":{"start":{"line":38,"column":2},"end":{"line":38,"column":36}},"8":{"start":{"line":49,"column":2},"end":{"line":51,"column":3}},"9":{"start":{"line":50,"column":4},"end":{"line":50,"column":74}},"10":{"start":{"line":53,"column":2},"end":{"line":55,"column":3}},"11":{"start":{"line":54,"column":4},"end":{"line":54,"column":78}},"12":{"start":{"line":57,"column":2},"end":{"line":64,"column":3}},"13":{"start":{"line":59,"column":6},"end":{"line":59,"column":74}},"14":{"start":{"line":60,"column":4},"end":{"line":62,"column":5}},"15":{"start":{"line":61,"column":6},"end":{"line":61,"column":72}},"16":{"start":{"line":63,"column":4},"end":{"line":63,"column":70}},"17":{"start":{"line":66,"column":2},"end":{"line":66,"column":69}},"18":{"start":{"line":80,"column":16},"end":{"line":80,"column":34}},"19":{"start":{"line":81,"column":14},"end":{"line":81,"column":30}},"20":{"start":{"line":84,"column":14},"end":{"line":84,"column":24}},"21":{"start":{"line":85,"column":18},"end":{"line":85,"column":61}},"22":{"start":{"line":86,"column":21},"end":{"line":86,"column":101}},"23":{"start":{"line":89,"column":2},"end":{"line":99,"column":3}},"24":{"start":{"line":90,"column":4},"end":{"line":90,"column":19}},"25":{"start":{"line":91,"column":9},"end":{"line":99,"column":3}},"26":{"start":{"line":92,"column":4},"end":{"line":92,"column":22}},"27":{"start":{"line":94,"column":4},"end":{"line":98,"column":7}},"28":{"start":{"line":102,"column":20},"end":{"line":108,"column":6}},"29":{"start":{"line":111,"column":21},"end":{"line":111,"column":52}},"30":{"start":{"line":112,"column":24},"end":{"line":112,"column":65}},"31":{"start":{"line":113,"column":26},"end":{"line":113,"column":83}},"32":{"start":{"line":116,"column":2},"end":{"line":122,"column":3}},"33":{"start":{"line":117,"column":4},"end":{"line":117,"column":55}},"34":{"start":{"line":118,"column":9},"end":{"line":122,"column":3}},"35":{"start":{"line":119,"column":4},"end":{"line":119,"column":70}},"36":{"start":{"line":121,"column":4},"end":{"line":121,"column":40}},"37":{"start":{"line":124,"column":2},"end":{"line":124,"column":39}},"38":{"start":{"line":131,"column":2},"end":{"line":131,"column":37}},"39":{"start":{"line":138,"column":2},"end":{"line":138,"column":86}},"40":{"start":{"line":148,"column":2},"end":{"line":152,"column":5}},"41":{"start":{"line":149,"column":18},"end":{"line":149,"column":49}},"42":{"start":{"line":150,"column":18},"end":{"line":150,"column":49}},"43":{"start":{"line":151,"column":4},"end":{"line":151,"column":63}},"44":{"start":{"line":164,"column":31},"end":{"line":164,"column":33}},"45":{"start":{"line":165,"column":27},"end":{"line":165,"column":29}},"46":{"start":{"line":167,"column":2},"end":{"line":173,"column":3}},"47":{"start":{"line":168,"column":4},"end":{"line":172,"column":5}},"48":{"start":{"line":169,"column":6},"end":{"line":169,"column":30}},"49":{"start":{"line":171,"column":6},"end":{"line":171,"column":26}},"50":{"start":{"line":175,"column":2},"end":{"line":178,"column":4}}},"fnMap":{"0":{"name":"isPlaydateExpired","decl":{"start":{"line":6,"column":16},"end":{"line":6,"column":33}},"loc":{"start":{"line":6,"column":80},"end":{"line":8,"column":1}},"line":6},"1":{"name":"isPlaydateActive","decl":{"start":{"line":13,"column":16},"end":{"line":13,"column":32}},"loc":{"start":{"line":13,"column":90},"end":{"line":15,"column":1}},"line":13},"2":{"name":"canRSVPToPlaydate","decl":{"start":{"line":20,"column":16},"end":{"line":20,"column":33}},"loc":{"start":{"line":20,"column":91},"end":{"line":22,"column":1}},"line":20},"3":{"name":"canEditPlaydate","decl":{"start":{"line":27,"column":16},"end":{"line":27,"column":31}},"loc":{"start":{"line":31,"column":11},"end":{"line":39,"column":1}},"line":31},"4":{"name":"getPlaydateStatus","decl":{"start":{"line":44,"column":16},"end":{"line":44,"column":33}},"loc":{"start":{"line":48,"column":2},"end":{"line":67,"column":1}},"line":48},"5":{"name":"formatPlaydateTime","decl":{"start":{"line":72,"column":16},"end":{"line":72,"column":34}},"loc":{"start":{"line":79,"column":2},"end":{"line":125,"column":1}},"line":79},"6":{"name":"isPastPlaydate","decl":{"start":{"line":130,"column":16},"end":{"line":130,"column":30}},"loc":{"start":{"line":130,"column":77},"end":{"line":132,"column":1}},"line":130},"7":{"name":"isUpcomingPlaydate","decl":{"start":{"line":137,"column":16},"end":{"line":137,"column":34}},"loc":{"start":{"line":137,"column":94},"end":{"line":139,"column":1}},"line":137},"8":{"name":"sortPlaydatesByTime","decl":{"start":{"line":144,"column":16},"end":{"line":144,"column":35}},"loc":{"start":{"line":147,"column":14},"end":{"line":153,"column":1}},"line":147},"9":{"name":"(anonymous_9)","decl":{"start":{"line":148,"column":29},"end":{"line":148,"column":30}},"loc":{"start":{"line":148,"column":39},"end":{"line":152,"column":3}},"line":148},"10":{"name":"filterPlaydatesByTime","decl":{"start":{"line":158,"column":16},"end":{"line":158,"column":37}},"loc":{"start":{"line":163,"column":2},"end":{"line":179,"column":1}},"line":163}},"branchMap":{"0":{"loc":{"start":{"line":14,"column":9},"end":{"line":14,"column":72}},"type":"binary-expr","locations":[{"start":{"line":14,"column":9},"end":{"line":14,"column":40}},{"start":{"line":14,"column":44},"end":{"line":14,"column":72}}],"line":14},"1":{"loc":{"start":{"line":30,"column":2},"end":{"line":30,"column":26}},"type":"default-arg","locations":[{"start":{"line":30,"column":21},"end":{"line":30,"column":26}}],"line":30},"2":{"loc":{"start":{"line":33,"column":2},"end":{"line":33,"column":27}},"type":"if","locations":[{"start":{"line":33,"column":2},"end":{"line":33,"column":27}},{"start":{},"end":{}}],"line":33},"3":{"loc":{"start":{"line":36,"column":2},"end":{"line":36,"column":53}},"type":"if","locations":[{"start":{"line":36,"column":2},"end":{"line":36,"column":53}},{"start":{},"end":{}}],"line":36},"4":{"loc":{"start":{"line":49,"column":2},"end":{"line":51,"column":3}},"type":"if","locations":[{"start":{"line":49,"column":2},"end":{"line":51,"column":3}},{"start":{},"end":{}}],"line":49},"5":{"loc":{"start":{"line":53,"column":2},"end":{"line":55,"column":3}},"type":"if","locations":[{"start":{"line":53,"column":2},"end":{"line":55,"column":3}},{"start":{},"end":{}}],"line":53},"6":{"loc":{"start":{"line":53,"column":6},"end":{"line":53,"column":68}},"type":"binary-expr","locations":[{"start":{"line":53,"column":6},"end":{"line":53,"column":37}},{"start":{"line":53,"column":41},"end":{"line":53,"column":68}}],"line":53},"7":{"loc":{"start":{"line":57,"column":2},"end":{"line":64,"column":3}},"type":"if","locations":[{"start":{"line":57,"column":2},"end":{"line":64,"column":3}},{"start":{},"end":{}}],"line":57},"8":{"loc":{"start":{"line":60,"column":4},"end":{"line":62,"column":5}},"type":"if","locations":[{"start":{"line":60,"column":4},"end":{"line":62,"column":5}},{"start":{},"end":{}}],"line":60},"9":{"loc":{"start":{"line":89,"column":2},"end":{"line":99,"column":3}},"type":"if","locations":[{"start":{"line":89,"column":2},"end":{"line":99,"column":3}},{"start":{"line":91,"column":9},"end":{"line":99,"column":3}}],"line":89},"10":{"loc":{"start":{"line":91,"column":9},"end":{"line":99,"column":3}},"type":"if","locations":[{"start":{"line":91,"column":9},"end":{"line":99,"column":3}},{"start":{"line":93,"column":9},"end":{"line":99,"column":3}}],"line":91},"11":{"loc":{"start":{"line":116,"column":2},"end":{"line":122,"column":3}},"type":"if","locations":[{"start":{"line":116,"column":2},"end":{"line":122,"column":3}},{"start":{"line":118,"column":9},"end":{"line":122,"column":3}}],"line":116},"12":{"loc":{"start":{"line":116,"column":6},"end":{"line":116,"column":46}},"type":"binary-expr","locations":[{"start":{"line":116,"column":6},"end":{"line":116,"column":23}},{"start":{"line":116,"column":27},"end":{"line":116,"column":46}}],"line":116},"13":{"loc":{"start":{"line":118,"column":9},"end":{"line":122,"column":3}},"type":"if","locations":[{"start":{"line":118,"column":9},"end":{"line":122,"column":3}},{"start":{"line":120,"column":9},"end":{"line":122,"column":3}}],"line":118},"14":{"loc":{"start":{"line":119,"column":39},"end":{"line":119,"column":67}},"type":"cond-expr","locations":[{"start":{"line":119,"column":59},"end":{"line":119,"column":62}},{"start":{"line":119,"column":65},"end":{"line":119,"column":67}}],"line":119},"15":{"loc":{"start":{"line":138,"column":9},"end":{"line":138,"column":85}},"type":"binary-expr","locations":[{"start":{"line":138,"column":9},"end":{"line":138,"column":40}},{"start":{"line":138,"column":44},"end":{"line":138,"column":85}}],"line":138},"16":{"loc":{"start":{"line":146,"column":2},"end":{"line":146,"column":35}},"type":"default-arg","locations":[{"start":{"line":146,"column":30},"end":{"line":146,"column":35}}],"line":146},"17":{"loc":{"start":{"line":151,"column":11},"end":{"line":151,"column":62}},"type":"cond-expr","locations":[{"start":{"line":151,"column":33},"end":{"line":151,"column":46}},{"start":{"line":151,"column":49},"end":{"line":151,"column":62}}],"line":151},"18":{"loc":{"start":{"line":168,"column":4},"end":{"line":172,"column":5}},"type":"if","locations":[{"start":{"line":168,"column":4},"end":{"line":172,"column":5}},{"start":{"line":170,"column":11},"end":{"line":172,"column":5}}],"line":168},"19":{"loc":{"start":{"line":168,"column":8},"end":{"line":168,"column":66}},"type":"binary-expr","locations":[{"start":{"line":168,"column":8},"end":{"line":168,"column":34}},{"start":{"line":168,"column":38},"end":{"line":168,"column":66}}],"line":168}},"s":{"0":21,"1":21,"2":3,"3":5,"4":2,"5":3,"6":1,"7":2,"8":5,"9":1,"10":4,"11":2,"12":2,"13":2,"14":2,"15":1,"16":1,"17":0,"18":3,"19":3,"20":3,"21":3,"22":3,"23":3,"24":1,"25":2,"26":1,"27":1,"28":3,"29":3,"30":3,"31":3,"32":3,"33":1,"34":2,"35":2,"36":0,"37":3,"38":0,"39":4,"40":8,"41":12,"42":12,"43":12,"44":3,"45":3,"46":3,"47":8,"48":4,"49":4,"50":3},"f":{"0":21,"1":21,"2":3,"3":5,"4":5,"5":3,"6":0,"7":4,"8":8,"9":12,"10":3},"b":{"0":[21,13],"1":[3],"2":[2,3],"3":[1,2],"4":[1,4],"5":[2,2],"6":[4,3],"7":[2,0],"8":[1,1],"9":[1,2],"10":[1,1],"11":[1,2],"12":[3,3],"13":[2,0],"14":[2,0],"15":[4,1],"16":[0],"17":[6,6],"18":[4,4],"19":[8,4]},"_coverageSchema":"1a1c01bbd47fc00a2c39e90264f33305004495a9","hash":"ffbc5862fcedc771880d74a8295e67c4a6799b6a"}
,"/Users/tekjoe/Dev/k9d8/src/utils/slug.ts": {"path":"/Users/tekjoe/Dev/k9d8/src/utils/slug.ts","statementMap":{"0":{"start":{"line":6,"column":2},"end":{"line":12,"column":27}},"1":{"start":{"line":20,"column":20},"end":{"line":22,"column":25}},"2":{"start":{"line":23,"column":2},"end":{"line":23,"column":50}},"3":{"start":{"line":31,"column":2},"end":{"line":31,"column":44}},"4":{"start":{"line":31,"column":32},"end":{"line":31,"column":44}},"5":{"start":{"line":32,"column":2},"end":{"line":32,"column":28}},"6":{"start":{"line":44,"column":16},"end":{"line":44,"column":31}},"7":{"start":{"line":45,"column":19},"end":{"line":45,"column":42}},"8":{"start":{"line":47,"column":2},"end":{"line":49,"column":3}},"9":{"start":{"line":48,"column":4},"end":{"line":48,"column":34}},"10":{"start":{"line":51,"column":2},"end":{"line":51,"column":14}},"11":{"start":{"line":58,"column":20},"end":{"line":58,"column":85}},"12":{"start":{"line":59,"column":2},"end":{"line":59,"column":29}},"13":{"start":{"line":71,"column":2},"end":{"line":73,"column":3}},"14":{"start":{"line":72,"column":4},"end":{"line":72,"column":31}},"15":{"start":{"line":75,"column":2},"end":{"line":77,"column":3}},"16":{"start":{"line":76,"column":4},"end":{"line":76,"column":42}},"17":{"start":{"line":79,"column":15},"end":{"line":79,"column":43}},"18":{"start":{"line":80,"column":2},"end":{"line":82,"column":3}},"19":{"start":{"line":81,"column":4},"end":{"line":81,"column":34}},"20":{"start":{"line":84,"column":2},"end":{"line":84,"column":29}},"21":{"start":{"line":93,"column":18},"end":{"line":93,"column":46}},"22":{"start":{"line":94,"column":2},"end":{"line":94,"column":28}},"23":{"start":{"line":94,"column":16},"end":{"line":94,"column":28}},"24":{"start":{"line":97,"column":21},"end":{"line":97,"column":77}},"25":{"start":{"line":97,"column":40},"end":{"line":97,"column":76}},"26":{"start":{"line":99,"column":2},"end":{"line":99,"column":28}}},"fnMap":{"0":{"name":"generateParkSlug","decl":{"start":{"line":5,"column":16},"end":{"line":5,"column":32}},"loc":{"start":{"line":5,"column":55},"end":{"line":13,"column":1}},"line":5},"1":{"name":"generateParkSlugWithState","decl":{"start":{"line":19,"column":16},"end":{"line":19,"column":41}},"loc":{"start":{"line":19,"column":79},"end":{"line":24,"column":1}},"line":19},"2":{"name":"extractSlugFromUrl","decl":{"start":{"line":30,"column":16},"end":{"line":30,"column":34}},"loc":{"start":{"line":30,"column":64},"end":{"line":33,"column":1}},"line":30},"3":{"name":"extractShortIdFromSlug","decl":{"start":{"line":43,"column":16},"end":{"line":43,"column":38}},"loc":{"start":{"line":43,"column":68},"end":{"line":52,"column":1}},"line":43},"4":{"name":"isValidUUID","decl":{"start":{"line":57,"column":16},"end":{"line":57,"column":27}},"loc":{"start":{"line":57,"column":50},"end":{"line":60,"column":1}},"line":57},"5":{"name":"parseSlugOrId","decl":{"start":{"line":66,"column":16},"end":{"line":66,"column":29}},"loc":{"start":{"line":69,"column":24},"end":{"line":85,"column":1}},"line":69},"6":{"name":"findParkIdFromSlug","decl":{"start":{"line":92,"column":16},"end":{"line":92,"column":34}},"loc":{"start":{"line":92,"column":83},"end":{"line":100,"column":1}},"line":92},"7":{"name":"(anonymous_7)","decl":{"start":{"line":97,"column":34},"end":{"line":97,"column":35}},"loc":{"start":{"line":97,"column":40},"end":{"line":97,"column":76}},"line":97}},"branchMap":{"0":{"loc":{"start":{"line":31,"column":2},"end":{"line":31,"column":44}},"type":"if","locations":[{"start":{"line":31,"column":2},"end":{"line":31,"column":44}},{"start":{},"end":{}}],"line":31},"1":{"loc":{"start":{"line":31,"column":6},"end":{"line":31,"column":30}},"type":"binary-expr","locations":[{"start":{"line":31,"column":6},"end":{"line":31,"column":11}},{"start":{"line":31,"column":15},"end":{"line":31,"column":30}}],"line":31},"2":{"loc":{"start":{"line":47,"column":2},"end":{"line":49,"column":3}},"type":"if","locations":[{"start":{"line":47,"column":2},"end":{"line":49,"column":3}},{"start":{},"end":{}}],"line":47},"3":{"loc":{"start":{"line":47,"column":6},"end":{"line":47,"column":49}},"type":"binary-expr","locations":[{"start":{"line":47,"column":6},"end":{"line":47,"column":14}},{"start":{"line":47,"column":18},"end":{"line":47,"column":49}}],"line":47},"4":{"loc":{"start":{"line":71,"column":2},"end":{"line":73,"column":3}},"type":"if","locations":[{"start":{"line":71,"column":2},"end":{"line":73,"column":3}},{"start":{},"end":{}}],"line":71},"5":{"loc":{"start":{"line":75,"column":2},"end":{"line":77,"column":3}},"type":"if","locations":[{"start":{"line":75,"column":2},"end":{"line":77,"column":3}},{"start":{},"end":{}}],"line":75},"6":{"loc":{"start":{"line":80,"column":2},"end":{"line":82,"column":3}},"type":"if","locations":[{"start":{"line":80,"column":2},"end":{"line":82,"column":3}},{"start":{},"end":{}}],"line":80},"7":{"loc":{"start":{"line":94,"column":2},"end":{"line":94,"column":28}},"type":"if","locations":[{"start":{"line":94,"column":2},"end":{"line":94,"column":28}},{"start":{},"end":{}}],"line":94},"8":{"loc":{"start":{"line":99,"column":9},"end":{"line":99,"column":27}},"type":"binary-expr","locations":[{"start":{"line":99,"column":9},"end":{"line":99,"column":19}},{"start":{"line":99,"column":23},"end":{"line":99,"column":27}}],"line":99}},"s":{"0":9,"1":2,"2":2,"3":6,"4":3,"5":3,"6":7,"7":7,"8":7,"9":4,"10":3,"11":8,"12":8,"13":4,"14":1,"15":3,"16":1,"17":2,"18":2,"19":1,"20":1,"21":3,"22":3,"23":1,"24":2,"25":3,"26":2},"f":{"0":9,"1":2,"2":6,"3":7,"4":8,"5":4,"6":3,"7":3},"b":{"0":[3,3],"1":[6,5],"2":[4,3],"3":[7,7],"4":[1,3],"5":[1,2],"6":[1,1],"7":[1,2],"8":[2,1]},"_coverageSchema":"1a1c01bbd47fc00a2c39e90264f33305004495a9","hash":"272fe6268590b7546637bac125f024ef298a9bbd"}
}
