TN:
SF:src/components/ImagePickerWithModeration.tsx
FN:44,Toast
FN:48,(anonymous_1)
FN:62,(anonymous_2)
FN:74,(anonymous_3)
FN:77,(anonymous_4)
FN:117,ImagePickerWithModeration
FN:137,(anonymous_6)
FN:139,(anonymous_7)
FN:146,(anonymous_8)
FN:150,(anonymous_9)
FN:154,(anonymous_10)
FN:223,(anonymous_11)
FN:232,(anonymous_12)
FN:236,(anonymous_13)
FN:243,(anonymous_14)
FNF:15
FNH:0
FNDA:0,Toast
FNDA:0,(anonymous_1)
FNDA:0,(anonymous_2)
FNDA:0,(anonymous_3)
FNDA:0,(anonymous_4)
FNDA:0,ImagePickerWithModeration
FNDA:0,(anonymous_6)
FNDA:0,(anonymous_7)
FNDA:0,(anonymous_8)
FNDA:0,(anonymous_9)
FNDA:0,(anonymous_10)
FNDA:0,(anonymous_11)
FNDA:0,(anonymous_12)
FNDA:0,(anonymous_13)
FNDA:0,(anonymous_14)
DA:34,0
DA:45,0
DA:46,0
DA:48,0
DA:49,0
DA:62,0
DA:63,0
DA:74,0
DA:77,0
DA:80,0
DA:81,0
DA:83,0
DA:127,0
DA:128,0
DA:129,0
DA:130,0
DA:131,0
DA:133,0
DA:134,0
DA:137,0
DA:138,0
DA:139,0
DA:140,0
DA:141,0
DA:146,0
DA:147,0
DA:150,0
DA:151,0
DA:154,0
DA:156,0
DA:157,0
DA:158,0
DA:159,0
DA:164,0
DA:169,0
DA:176,0
DA:177,0
DA:180,0
DA:183,0
DA:184,0
DA:185,0
DA:189,0
DA:190,0
DA:192,0
DA:193,0
DA:194,0
DA:196,0
DA:197,0
DA:198,0
DA:203,0
DA:205,0
DA:207,0
DA:210,0
DA:213,0
DA:215,0
DA:223,0
DA:228,0
DA:232,0
DA:233,0
DA:236,0
DA:237,0
DA:238,0
DA:239,0
DA:243,0
DA:244,0
DA:247,0
DA:248,0
DA:306,0
DA:349,0
LF:69
LH:0
BRDA:81,0,0,0
BRDA:81,0,1,0
BRDA:93,1,0,0
BRDA:93,1,1,0
BRDA:95,2,0,0
BRDA:95,2,1,0
BRDA:97,3,0,0
BRDA:97,3,1,0
BRDA:121,4,0,0
BRDA:122,5,0,0
BRDA:123,6,0,0
BRDA:124,7,0,0
BRDA:125,8,0,0
BRDA:134,9,0,0
BRDA:134,9,1,0
BRDA:138,10,0,0
BRDA:138,10,1,0
BRDA:138,11,0,0
BRDA:138,11,1,0
BRDA:156,12,0,0
BRDA:156,12,1,0
BRDA:158,13,0,0
BRDA:158,13,1,0
BRDA:176,14,0,0
BRDA:176,14,1,0
BRDA:176,15,0,0
BRDA:176,15,1,0
BRDA:183,16,0,0
BRDA:183,16,1,0
BRDA:192,17,0,0
BRDA:192,17,1,0
BRDA:194,18,0,0
BRDA:194,18,1,0
BRDA:205,19,0,0
BRDA:205,19,1,0
BRDA:238,20,0,0
BRDA:238,20,1,0
BRDA:247,21,0,0
BRDA:247,21,1,0
BRDA:251,22,0,0
BRDA:251,22,1,0
BRDA:264,23,0,0
BRDA:264,23,1,0
BRDA:283,24,0,0
BRDA:283,24,1,0
BRDA:283,24,2,0
BRDA:291,25,0,0
BRDA:291,25,1,0
BRDA:309,26,0,0
BRDA:309,26,1,0
BRDA:326,27,0,0
BRDA:326,27,1,0
BRDA:330,28,0,0
BRDA:330,28,1,0
BRDA:330,29,0,0
BRDA:330,29,1,0
BRDA:334,30,0,0
BRDA:334,30,1,0
BRF:58
BRH:0
end_of_record
TN:
SF:src/components/auth/SocialAuthButtons.tsx
FN:17,SocialAuthButtons
FN:25,handleGoogle
FN:41,handleApple
FNF:3
FNH:0
FNDA:0,SocialAuthButtons
FNDA:0,handleGoogle
FNDA:0,handleApple
DA:18,0
DA:19,0
DA:20,0
DA:22,0
DA:23,0
DA:26,0
DA:27,0
DA:28,0
DA:29,0
DA:30,0
DA:31,0
DA:34,0
DA:35,0
DA:37,0
DA:42,0
DA:43,0
DA:44,0
DA:45,0
DA:46,0
DA:47,0
DA:50,0
DA:55,0
DA:56,0
DA:58,0
DA:62,0
LF:25
LH:0
BRDA:22,0,0,0
BRDA:22,0,1,0
BRDA:23,1,0,0
BRDA:23,1,1,0
BRDA:30,2,0,0
BRDA:30,2,1,0
BRDA:34,3,0,0
BRDA:34,3,1,0
BRDA:34,4,0,0
BRDA:34,4,1,0
BRDA:35,5,0,0
BRDA:35,5,1,0
BRDA:46,6,0,0
BRDA:46,6,1,0
BRDA:50,7,0,0
BRDA:50,7,1,0
BRDA:51,8,0,0
BRDA:51,8,1,0
BRDA:51,8,2,0
BRDA:56,9,0,0
BRDA:56,9,1,0
BRDA:64,10,0,0
BRDA:64,10,1,0
BRDA:90,11,0,0
BRDA:90,11,1,0
BRDA:90,12,0,0
BRDA:90,12,1,0
BRDA:93,13,0,0
BRDA:93,13,1,0
BRF:29
BRH:0
end_of_record
TN:
SF:src/components/dogs/DogCard.tsx
FN:19,DogCard
FN:22,(anonymous_1)
FN:55,(anonymous_2)
FNF:3
FNH:0
FNDA:0,DogCard
FNDA:0,(anonymous_1)
FNDA:0,(anonymous_2)
DA:6,0
DA:20,0
DA:22,0
DA:55,0
DA:64,0
LF:5
LH:0
BRDA:22,0,0,0
BRDA:22,0,1,0
BRDA:26,1,0,0
BRDA:26,1,1,0
BRDA:46,2,0,0
BRDA:46,2,1,0
BRDA:55,3,0,0
BRDA:55,3,1,0
BRF:8
BRH:0
end_of_record
TN:
SF:src/components/dogs/DogForm.tsx
FN:60,DogForm
FN:76,(anonymous_1)
FN:77,(anonymous_2)
FN:80,(anonymous_3)
FN:81,(anonymous_4)
FN:86,(anonymous_5)
FN:92,(anonymous_6)
FN:96,(anonymous_7)
FN:100,(anonymous_8)
FN:169,(anonymous_9)
FN:182,(anonymous_10)
FN:195,(anonymous_11)
FN:208,(anonymous_12)
FN:215,(anonymous_13)
FN:238,(anonymous_14)
FN:247,(anonymous_15)
FN:271,(anonymous_16)
FN:284,(anonymous_17)
FN:297,(anonymous_18)
FNF:19
FNH:0
FNDA:0,DogForm
FNDA:0,(anonymous_1)
FNDA:0,(anonymous_2)
FNDA:0,(anonymous_3)
FNDA:0,(anonymous_4)
FNDA:0,(anonymous_5)
FNDA:0,(anonymous_6)
FNDA:0,(anonymous_7)
FNDA:0,(anonymous_8)
FNDA:0,(anonymous_9)
FNDA:0,(anonymous_10)
FNDA:0,(anonymous_11)
FNDA:0,(anonymous_12)
FNDA:0,(anonymous_13)
FNDA:0,(anonymous_14)
FNDA:0,(anonymous_15)
FNDA:0,(anonymous_16)
FNDA:0,(anonymous_17)
FNDA:0,(anonymous_18)
DA:15,0
DA:22,0
DA:61,0
DA:62,0
DA:64,0
DA:76,0
DA:77,0
DA:80,0
DA:81,0
DA:82,0
DA:83,0
DA:85,0
DA:86,0
DA:88,0
DA:92,0
DA:93,0
DA:96,0
DA:97,0
DA:100,0
DA:101,0
DA:102,0
DA:103,0
DA:106,0
DA:107,0
DA:109,0
DA:110,0
DA:111,0
DA:113,0
DA:125,0
DA:127,0
DA:131,0
DA:169,0
DA:182,0
DA:195,0
DA:209,0
DA:215,0
DA:239,0
DA:240,0
DA:247,0
DA:271,0
DA:284,0
DA:297,0
DA:321,0
LF:43
LH:0
BRDA:60,0,0,0
BRDA:65,1,0,0
BRDA:65,1,1,0
BRDA:66,2,0,0
BRDA:66,2,1,0
BRDA:67,3,0,0
BRDA:67,3,1,0
BRDA:68,4,0,0
BRDA:68,4,1,0
BRDA:69,5,0,0
BRDA:69,5,1,0
BRDA:70,6,0,0
BRDA:70,6,1,0
BRDA:71,7,0,0
BRDA:71,7,1,0
BRDA:72,8,0,0
BRDA:72,8,1,0
BRDA:73,9,0,0
BRDA:73,9,1,0
BRDA:83,10,0,0
BRDA:83,10,1,0
BRDA:85,11,0,0
BRDA:85,11,1,0
BRDA:101,12,0,0
BRDA:101,12,1,0
BRDA:110,13,0,0
BRDA:110,13,1,0
BRDA:111,14,0,0
BRDA:111,14,1,0
BRDA:118,15,0,0
BRDA:118,15,1,0
BRDA:118,16,0,0
BRDA:118,16,1,0
BRDA:119,17,0,0
BRDA:119,17,1,0
BRDA:120,18,0,0
BRDA:120,18,1,0
BRDA:120,19,0,0
BRDA:120,19,1,0
BRDA:125,20,0,0
BRDA:125,20,1,0
BRDA:133,21,0,0
BRDA:133,21,1,0
BRDA:155,22,0,0
BRDA:155,22,1,0
BRDA:213,23,0,0
BRDA:213,23,1,0
BRDA:220,24,0,0
BRDA:220,24,1,0
BRDA:245,25,0,0
BRDA:245,25,1,0
BRDA:252,26,0,0
BRDA:252,26,1,0
BRDA:306,27,0,0
BRDA:306,27,1,0
BRDA:310,28,0,0
BRDA:310,28,1,0
BRF:57
BRH:0
end_of_record
TN:
SF:src/components/dogs/DogSizeTag.tsx
FN:15,DogSizeTag
FNF:1
FNH:0
FNDA:0,DogSizeTag
DA:4,0
DA:16,0
DA:18,0
DA:25,0
LF:4
LH:0
BRF:0
BRH:0
end_of_record
TN:
SF:src/components/messages/ConversationListItem.tsx
FN:10,formatRelativeTime
FN:28,ConversationListItem
FN:34,(anonymous_2)
FN:37,(anonymous_3)
FNF:4
FNH:0
FNDA:0,formatRelativeTime
FNDA:0,ConversationListItem
FNDA:0,(anonymous_2)
FNDA:0,(anonymous_3)
DA:11,0
DA:12,0
DA:13,0
DA:14,0
DA:15,0
DA:16,0
DA:18,0
DA:19,0
DA:20,0
DA:21,0
DA:22,0
DA:33,0
DA:34,0
DA:36,0
DA:37,0
DA:41,0
DA:46,0
DA:47,0
DA:49,0
LF:19
LH:0
BRDA:18,0,0,0
BRDA:18,0,1,0
BRDA:19,1,0,0
BRDA:19,1,1,0
BRDA:20,2,0,0
BRDA:20,2,1,0
BRDA:21,3,0,0
BRDA:21,3,1,0
BRDA:41,4,0,0
BRDA:41,4,1,0
BRDA:46,5,0,0
BRDA:46,5,1,0
BRDA:58,6,0,0
BRDA:58,6,1,0
BRDA:67,7,0,0
BRDA:67,7,1,0
BRDA:73,8,0,0
BRDA:73,8,1,0
BRDA:76,9,0,0
BRDA:76,9,1,0
BRDA:83,10,0,0
BRDA:83,10,1,0
BRDA:87,11,0,0
BRDA:87,11,1,0
BRF:24
BRH:0
end_of_record
TN:
SF:src/components/messages/MessageBubble.tsx
FN:11,formatTime
FN:18,MessageBubble
FN:19,(anonymous_2)
FNF:3
FNH:0
FNDA:0,formatTime
FNDA:0,MessageBubble
FNDA:0,(anonymous_2)
DA:12,0
DA:19,0
DA:20,0
DA:21,0
DA:24,0
LF:5
LH:0
BRDA:20,0,0,0
BRDA:20,0,1,0
BRDA:20,1,0,0
BRDA:20,1,1,0
BRDA:28,2,0,0
BRDA:28,2,1,0
BRDA:30,3,0,0
BRDA:30,3,1,0
BRDA:33,4,0,0
BRDA:33,4,1,0
BRDA:39,5,0,0
BRDA:39,5,1,0
BRF:12
BRH:0
end_of_record
TN:
SF:src/components/parks/CheckInButton.tsx
FN:23,CheckInButton
FN:35,(anonymous_1)
FN:40,(anonymous_2)
FN:45,(anonymous_3)
FN:46,(anonymous_4)
FN:48,(anonymous_5)
FN:53,(anonymous_6)
FN:90,(anonymous_7)
FN:98,(anonymous_8)
FN:114,(anonymous_9)
FN:123,(anonymous_10)
FNF:11
FNH:0
FNDA:0,CheckInButton
FNDA:0,(anonymous_1)
FNDA:0,(anonymous_2)
FNDA:0,(anonymous_3)
FNDA:0,(anonymous_4)
FNDA:0,(anonymous_5)
FNDA:0,(anonymous_6)
FNDA:0,(anonymous_7)
FNDA:0,(anonymous_8)
FNDA:0,(anonymous_9)
FNDA:0,(anonymous_10)
DA:30,0
DA:31,0
DA:33,0
DA:35,0
DA:36,0
DA:37,0
DA:40,0
DA:41,0
DA:45,0
DA:46,0
DA:47,0
DA:48,0
DA:53,0
DA:54,0
DA:55,0
DA:58,0
DA:90,0
DA:98,0
DA:115,0
DA:116,0
DA:123,0
DA:166,0
LF:22
LH:0
BRDA:36,0,0,0
BRDA:36,0,1,0
BRDA:47,1,0,0
BRDA:47,1,1,0
BRDA:63,2,0,0
BRDA:63,2,1,0
BRDA:64,3,0,0
BRDA:64,3,1,0
BRDA:69,4,0,0
BRDA:69,4,1,0
BRDA:72,5,0,0
BRDA:72,5,1,0
BRDA:78,6,0,0
BRDA:78,6,1,0
BRDA:81,7,0,0
BRDA:81,7,1,0
BRDA:105,8,0,0
BRDA:105,8,1,0
BRDA:121,9,0,0
BRDA:121,9,1,0
BRDA:126,10,0,0
BRDA:126,10,1,0
BRDA:133,11,0,0
BRDA:133,11,1,0
BRDA:146,12,0,0
BRDA:146,12,1,0
BRDA:153,13,0,0
BRDA:153,13,1,0
BRDA:154,14,0,0
BRDA:154,14,1,0
BRF:30
BRH:0
end_of_record
TN:
SF:src/components/parks/CheckInList.tsx
FN:10,DogChip
FN:18,CheckInItem
FN:36,(anonymous_2)
FN:45,EmptyState
FN:53,CheckInList
FN:55,(anonymous_5)
FN:66,(anonymous_6)
FN:67,(anonymous_7)
FNF:8
FNH:0
FNDA:0,DogChip
FNDA:0,CheckInItem
FNDA:0,(anonymous_2)
FNDA:0,EmptyState
FNDA:0,CheckInList
FNDA:0,(anonymous_5)
FNDA:0,(anonymous_6)
FNDA:0,(anonymous_7)
DA:11,0
DA:20,0
DA:22,0
DA:26,0
DA:37,0
DA:46,0
DA:54,0
DA:55,0
DA:59,0
DA:66,0
DA:67,0
DA:78,0
LF:12
LH:0
BRDA:20,0,0,0
BRDA:20,0,1,0
BRDA:20,0,2,0
BRDA:34,1,0,0
BRDA:34,1,1,0
BRDA:34,1,2,0
BRDA:55,2,0,0
BRDA:55,2,1,0
BRDA:62,3,0,0
BRDA:62,3,1,0
BRDA:71,4,0,0
BRDA:71,4,1,0
BRF:12
BRH:0
end_of_record
TN:
SF:src/components/parks/ParkCard.tsx
FN:12,FeatureBadge
FN:21,AmenityChip
FN:29,ParkCard
FN:32,(anonymous_3)
FN:62,(anonymous_4)
FNF:5
FNH:0
FNDA:0,FeatureBadge
FNDA:0,AmenityChip
FNDA:0,ParkCard
FNDA:0,(anonymous_3)
FNDA:0,(anonymous_4)
DA:13,0
DA:14,0
DA:22,0
DA:30,0
DA:32,0
DA:63,0
DA:71,0
LF:7
LH:0
BRDA:13,0,0,0
BRDA:13,0,1,0
BRDA:32,1,0,0
BRDA:32,1,1,0
BRDA:39,2,0,0
BRDA:39,2,1,0
BRDA:41,3,0,0
BRDA:41,3,1,0
BRDA:48,4,0,0
BRDA:48,4,1,0
BRDA:60,5,0,0
BRDA:60,5,1,0
BRF:12
BRH:0
end_of_record
TN:
SF:src/components/parks/ParkDetailMobile.tsx
FN:35,DogAvatar
FN:69,FeatureTag
FN:93,ParkDetailMobile
FN:121,(anonymous_3)
FN:130,(anonymous_4)
FN:139,fetchPark
FN:171,(anonymous_6)
FN:176,(anonymous_7)
FN:178,(anonymous_8)
FN:182,(anonymous_9)
FN:186,(anonymous_10)
FN:193,(anonymous_11)
FN:197,(anonymous_12)
FN:205,(anonymous_13)
FN:212,(anonymous_14)
FN:213,(anonymous_15)
FN:214,(anonymous_16)
FN:218,(anonymous_17)
FN:222,(anonymous_18)
FN:223,(anonymous_19)
FN:234,(anonymous_20)
FN:424,(anonymous_21)
FN:437,(anonymous_22)
FN:441,(anonymous_23)
FN:458,(anonymous_24)
FN:461,(anonymous_25)
FN:508,(anonymous_26)
FN:540,(anonymous_27)
FN:566,(anonymous_28)
FN:571,(anonymous_29)
FN:617,(anonymous_30)
FN:620,(anonymous_31)
FNF:32
FNH:0
FNDA:0,DogAvatar
FNDA:0,FeatureTag
FNDA:0,ParkDetailMobile
FNDA:0,(anonymous_3)
FNDA:0,(anonymous_4)
FNDA:0,fetchPark
FNDA:0,(anonymous_6)
FNDA:0,(anonymous_7)
FNDA:0,(anonymous_8)
FNDA:0,(anonymous_9)
FNDA:0,(anonymous_10)
FNDA:0,(anonymous_11)
FNDA:0,(anonymous_12)
FNDA:0,(anonymous_13)
FNDA:0,(anonymous_14)
FNDA:0,(anonymous_15)
FNDA:0,(anonymous_16)
FNDA:0,(anonymous_17)
FNDA:0,(anonymous_18)
FNDA:0,(anonymous_19)
FNDA:0,(anonymous_20)
FNDA:0,(anonymous_21)
FNDA:0,(anonymous_22)
FNDA:0,(anonymous_23)
FNDA:0,(anonymous_24)
FNDA:0,(anonymous_25)
FNDA:0,(anonymous_26)
FNDA:0,(anonymous_27)
FNDA:0,(anonymous_28)
FNDA:0,(anonymous_29)
FNDA:0,(anonymous_30)
FNDA:0,(anonymous_31)
DA:28,0
DA:36,0
DA:70,0
DA:94,0
DA:95,0
DA:96,0
DA:98,0
DA:99,0
DA:100,0
DA:102,0
DA:103,0
DA:104,0
DA:105,0
DA:113,0
DA:115,0
DA:116,0
DA:117,0
DA:119,0
DA:120,0
DA:122,0
DA:123,0
DA:124,0
DA:126,0
DA:130,0
DA:131,0
DA:132,0
DA:133,0
DA:134,0
DA:137,0
DA:140,0
DA:142,0
DA:143,0
DA:145,0
DA:146,0
DA:147,0
DA:148,0
DA:151,0
DA:152,0
DA:153,0
DA:155,0
DA:159,0
DA:160,0
DA:163,0
DA:164,0
DA:169,0
DA:171,0
DA:172,0
DA:176,0
DA:177,0
DA:178,0
DA:182,0
DA:183,0
DA:186,0
DA:187,0
DA:188,0
DA:189,0
DA:193,0
DA:194,0
DA:197,0
DA:198,0
DA:199,0
DA:201,0
DA:205,0
DA:206,0
DA:207,0
DA:208,0
DA:212,0
DA:213,0
DA:214,0
DA:218,0
DA:219,0
DA:220,0
DA:222,0
DA:223,0
DA:224,0
DA:225,0
DA:226,0
DA:231,0
DA:234,0
DA:235,0
DA:237,0
DA:238,0
DA:239,0
DA:240,0
DA:241,0
DA:242,0
DA:244,0
DA:245,0
DA:253,0
DA:256,0
DA:257,0
DA:273,0
DA:274,0
DA:310,0
DA:425,0
DA:438,0
DA:441,0
DA:459,0
DA:461,0
DA:508,0
DA:540,0
DA:567,0
DA:568,0
DA:571,0
DA:618,0
DA:620,0
LF:106
LH:0
BRDA:41,0,0,0
BRDA:41,0,1,0
BRDA:102,1,0,0
BRDA:102,1,1,0
BRDA:113,2,0,0
BRDA:113,2,1,0
BRDA:116,3,0,0
BRDA:116,3,1,0
BRDA:117,4,0,0
BRDA:117,4,1,0
BRDA:122,5,0,0
BRDA:122,5,1,0
BRDA:131,6,0,0
BRDA:131,6,1,0
BRDA:145,7,0,0
BRDA:145,7,1,0
BRDA:147,8,0,0
BRDA:147,8,1,0
BRDA:151,9,0,0
BRDA:151,9,1,0
BRDA:152,10,0,0
BRDA:152,10,1,0
BRDA:159,11,0,0
BRDA:159,11,1,0
BRDA:163,12,0,0
BRDA:163,12,1,0
BRDA:177,13,0,0
BRDA:177,13,1,0
BRDA:177,14,0,0
BRDA:177,14,1,0
BRDA:183,15,0,0
BRDA:183,15,1,0
BRDA:187,16,0,0
BRDA:187,16,1,0
BRDA:198,17,0,0
BRDA:198,17,1,0
BRDA:206,18,0,0
BRDA:206,18,1,0
BRDA:214,19,0,0
BRDA:214,19,1,0
BRDA:224,20,0,0
BRDA:224,20,1,0
BRDA:235,21,0,0
BRDA:235,21,1,0
BRDA:238,22,0,0
BRDA:238,22,1,0
BRDA:239,23,0,0
BRDA:239,23,1,0
BRDA:240,24,0,0
BRDA:240,24,1,0
BRDA:241,25,0,0
BRDA:241,25,1,0
BRDA:242,26,0,0
BRDA:242,26,1,0
BRDA:244,27,0,0
BRDA:244,27,1,0
BRDA:256,28,0,0
BRDA:256,28,1,0
BRDA:273,29,0,0
BRDA:273,29,1,0
BRDA:273,30,0,0
BRDA:273,30,1,0
BRDA:290,31,0,0
BRDA:290,31,1,0
BRDA:318,32,0,0
BRDA:318,32,1,0
BRDA:318,32,2,0
BRDA:349,33,0,0
BRDA:349,33,1,0
BRDA:388,34,0,0
BRDA:388,34,1,0
BRDA:391,35,0,0
BRDA:391,35,1,0
BRDA:395,36,0,0
BRDA:395,36,1,0
BRDA:407,37,0,0
BRDA:407,37,1,0
BRDA:435,38,0,0
BRDA:435,38,1,0
BRDA:455,39,0,0
BRDA:455,39,1,0
BRDA:457,40,0,0
BRDA:457,40,1,0
BRDA:484,41,0,0
BRDA:484,41,1,0
BRDA:493,42,0,0
BRDA:493,42,1,0
BRDA:559,43,0,0
BRDA:559,43,1,0
BRDA:578,44,0,0
BRDA:578,44,1,0
BRDA:579,45,0,0
BRDA:579,45,1,0
BRDA:585,46,0,0
BRDA:585,46,1,0
BRDA:599,47,0,0
BRDA:599,47,1,0
BRDA:600,48,0,0
BRDA:600,48,1,0
BRDA:605,49,0,0
BRDA:605,49,1,0
BRDA:628,50,0,0
BRDA:628,50,1,0
BRDA:629,51,0,0
BRDA:629,51,1,0
BRDA:636,52,0,0
BRDA:636,52,1,0
BRDA:637,53,0,0
BRDA:637,53,1,0
BRDA:650,54,0,0
BRDA:650,54,1,0
BRF:111
BRH:0
end_of_record
TN:
SF:src/components/parks/ParkPhotoCard.tsx
FN:23,ParkPhotoCard
FN:34,handleReport
FN:38,(anonymous_2)
FN:47,(anonymous_3)
FN:49,(anonymous_4)
FN:56,handleDelete
FN:66,(anonymous_6)
FN:71,confirmDelete
FN:92,(anonymous_8)
FN:130,(anonymous_9)
FN:133,(anonymous_10)
FN:142,(anonymous_11)
FN:160,(anonymous_12)
FNF:13
FNH:0
FNDA:0,ParkPhotoCard
FNDA:0,handleReport
FNDA:0,(anonymous_2)
FNDA:0,(anonymous_3)
FNDA:0,(anonymous_4)
FNDA:0,handleDelete
FNDA:0,(anonymous_6)
FNDA:0,confirmDelete
FNDA:0,(anonymous_8)
FNDA:0,(anonymous_9)
FNDA:0,(anonymous_10)
FNDA:0,(anonymous_11)
FNDA:0,(anonymous_12)
DA:16,0
DA:32,0
DA:35,0
DA:36,0
DA:37,0
DA:38,0
DA:39,0
DA:41,0
DA:43,0
DA:47,0
DA:49,0
DA:57,0
DA:58,0
DA:59,0
DA:61,0
DA:66,0
DA:72,0
DA:73,0
DA:76,0
DA:92,0
DA:130,0
DA:133,0
DA:142,0
DA:160,0
LF:24
LH:0
BRDA:35,0,0,0
BRDA:35,0,1,0
BRDA:37,1,0,0
BRDA:37,1,1,0
BRDA:39,2,0,0
BRDA:39,2,1,0
BRDA:57,3,0,0
BRDA:57,3,1,0
BRDA:81,4,0,0
BRDA:81,4,1,0
BRDA:82,5,0,0
BRDA:82,5,1,0
BRDA:83,6,0,0
BRDA:83,6,1,0
BRDA:90,7,0,0
BRDA:90,7,1,0
BRDA:96,8,0,0
BRDA:96,8,1,0
BRDA:98,9,0,0
BRDA:98,9,1,0
BRDA:101,10,0,0
BRDA:101,10,1,0
BRDA:106,11,0,0
BRDA:106,11,1,0
BRDA:109,12,0,0
BRDA:109,12,1,0
BRDA:111,13,0,0
BRDA:111,13,1,0
BRDA:116,14,0,0
BRDA:116,14,1,0
BRF:30
BRH:0
end_of_record
TN:
SF:src/components/parks/ParkPhotoGrid.tsx
FN:18,ParkPhotoGrid
FN:27,handleTap
FN:72,handleReport
FN:74,(anonymous_3)
FN:75,(anonymous_4)
FN:158,(anonymous_5)
FNF:6
FNH:0
FNDA:0,ParkPhotoGrid
FNDA:0,handleTap
FNDA:0,handleReport
FNDA:0,(anonymous_3)
FNDA:0,(anonymous_4)
FNDA:0,(anonymous_5)
DA:10,0
DA:23,0
DA:24,0
DA:25,0
DA:28,0
DA:29,0
DA:30,0
DA:31,0
DA:32,0
DA:33,0
DA:34,0
DA:35,0
DA:39,0
DA:46,0
DA:48,0
DA:51,0
DA:52,0
DA:54,0
DA:55,0
DA:56,0
DA:57,0
DA:61,0
DA:62,0
DA:64,0
DA:65,0
DA:67,0
DA:68,0
DA:73,0
DA:74,0
DA:76,0
DA:77,0
DA:81,0
DA:82,0
DA:92,0
DA:95,0
DA:147,0
DA:159,0
LF:37
LH:0
BRDA:28,0,0,0
BRDA:28,0,1,0
BRDA:28,1,0,0
BRDA:28,1,1,0
BRDA:31,2,0,0
BRDA:31,2,1,0
BRDA:33,3,0,0
BRDA:33,3,1,0
BRDA:46,4,0,0
BRDA:46,4,1,0
BRDA:46,5,0,0
BRDA:46,5,1,0
BRDA:51,6,0,0
BRDA:51,6,1,0
BRDA:55,7,0,0
BRDA:55,7,1,0
BRDA:64,8,0,0
BRDA:64,8,1,0
BRDA:76,9,0,0
BRDA:76,9,1,0
BRDA:81,10,0,0
BRDA:81,10,1,0
BRDA:92,11,0,0
BRDA:92,11,1,0
BRDA:96,12,0,0
BRDA:96,12,1,0
BRDA:110,13,0,0
BRDA:110,13,1,0
BRDA:113,14,0,0
BRDA:113,14,1,0
BRDA:150,15,0,0
BRDA:150,15,1,0
BRF:32
BRH:0
end_of_record
TN:
SF:src/components/parks/ParkReviewCard.tsx
FN:14,formatRelativeDate
FN:40,ParkReviewCard
FN:55,handleReport
FN:59,(anonymous_3)
FN:68,(anonymous_4)
FN:70,(anonymous_5)
FN:77,handleDelete
FN:87,(anonymous_7)
FN:92,confirmDelete
FN:97,handleSubmitReply
FN:153,(anonymous_10)
FN:169,(anonymous_11)
FN:233,(anonymous_12)
FN:253,(anonymous_13)
FN:256,(anonymous_14)
FN:265,(anonymous_15)
FN:283,(anonymous_16)
FNF:17
FNH:0
FNDA:0,formatRelativeDate
FNDA:0,ParkReviewCard
FNDA:0,handleReport
FNDA:0,(anonymous_3)
FNDA:0,(anonymous_4)
FNDA:0,(anonymous_5)
FNDA:0,handleDelete
FNDA:0,(anonymous_7)
FNDA:0,confirmDelete
FNDA:0,handleSubmitReply
FNDA:0,(anonymous_10)
FNDA:0,(anonymous_11)
FNDA:0,(anonymous_12)
FNDA:0,(anonymous_13)
FNDA:0,(anonymous_14)
FNDA:0,(anonymous_15)
FNDA:0,(anonymous_16)
DA:6,0
DA:15,0
DA:16,0
DA:17,0
DA:18,0
DA:19,0
DA:20,0
DA:21,0
DA:22,0
DA:23,0
DA:24,0
DA:25,0
DA:26,0
DA:50,0
DA:51,0
DA:52,0
DA:53,0
DA:56,0
DA:57,0
DA:58,0
DA:59,0
DA:60,0
DA:62,0
DA:64,0
DA:68,0
DA:70,0
DA:78,0
DA:79,0
DA:80,0
DA:82,0
DA:87,0
DA:93,0
DA:94,0
DA:98,0
DA:99,0
DA:100,0
DA:101,0
DA:102,0
DA:103,0
DA:105,0
DA:106,0
DA:108,0
DA:112,0
DA:114,0
DA:153,0
DA:169,0
DA:234,0
DA:253,0
DA:256,0
DA:265,0
DA:283,0
LF:51
LH:0
BRDA:19,0,0,0
BRDA:19,0,1,0
BRDA:20,1,0,0
BRDA:20,1,1,0
BRDA:22,2,0,0
BRDA:22,2,1,0
BRDA:24,3,0,0
BRDA:24,3,1,0
BRDA:48,4,0,0
BRDA:56,5,0,0
BRDA:56,5,1,0
BRDA:58,6,0,0
BRDA:58,6,1,0
BRDA:60,7,0,0
BRDA:60,7,1,0
BRDA:78,8,0,0
BRDA:78,8,1,0
BRDA:98,9,0,0
BRDA:98,9,1,0
BRDA:98,10,0,0
BRDA:98,10,1,0
BRDA:105,11,0,0
BRDA:105,11,1,0
BRDA:115,12,0,0
BRDA:115,12,1,0
BRDA:126,13,0,0
BRDA:126,13,1,0
BRDA:137,14,0,0
BRDA:137,14,1,0
BRDA:151,15,0,0
BRDA:151,15,1,0
BRDA:157,16,0,0
BRDA:157,16,1,0
BRDA:159,17,0,0
BRDA:159,17,1,0
BRDA:162,18,0,0
BRDA:162,18,1,0
BRDA:167,19,0,0
BRDA:167,19,1,0
BRDA:167,19,2,0
BRDA:167,19,3,0
BRDA:177,20,0,0
BRDA:177,20,1,0
BRDA:177,20,2,0
BRDA:183,21,0,0
BRDA:183,21,1,0
BRDA:192,22,0,0
BRDA:192,22,1,0
BRDA:214,23,0,0
BRDA:214,23,1,0
BRDA:217,24,0,0
BRDA:217,24,1,0
BRDA:225,25,0,0
BRDA:225,25,1,0
BRDA:231,26,0,0
BRDA:231,26,1,0
BRDA:231,26,2,0
BRDA:240,27,0,0
BRDA:240,27,1,0
BRF:59
BRH:0
end_of_record
TN:
SF:src/components/parks/ParkReviewList.tsx
FN:13,ParkReviewList
FN:32,handleSubmit
FN:47,handleReply
FN:71,(anonymous_3)
FN:88,(anonymous_4)
FN:101,(anonymous_5)
FN:140,(anonymous_6)
FN:172,(anonymous_7)
FNF:8
FNH:0
FNDA:0,ParkReviewList
FNDA:0,handleSubmit
FNDA:0,handleReply
FNDA:0,(anonymous_3)
FNDA:0,(anonymous_4)
FNDA:0,(anonymous_5)
FNDA:0,(anonymous_6)
FNDA:0,(anonymous_7)
DA:27,0
DA:28,0
DA:29,0
DA:30,0
DA:33,0
DA:34,0
DA:35,0
DA:36,0
DA:37,0
DA:38,0
DA:40,0
DA:41,0
DA:43,0
DA:48,0
DA:51,0
DA:52,0
DA:62,0
DA:71,0
DA:88,0
DA:101,0
DA:140,0
DA:173,0
LF:22
LH:0
BRDA:33,0,0,0
BRDA:33,0,1,0
BRDA:40,1,0,0
BRDA:40,1,1,0
BRDA:51,2,0,0
BRDA:51,2,1,0
BRDA:67,3,0,0
BRDA:67,3,1,0
BRDA:69,4,0,0
BRDA:69,4,1,0
BRDA:69,4,2,0
BRDA:85,5,0,0
BRDA:85,5,1,0
BRDA:93,6,0,0
BRDA:93,6,1,0
BRDA:96,7,0,0
BRDA:96,7,1,0
BRDA:106,8,0,0
BRDA:106,8,1,0
BRDA:109,9,0,0
BRDA:109,9,1,0
BRDA:117,10,0,0
BRDA:117,10,1,0
BRDA:152,11,0,0
BRDA:152,11,1,0
BRDA:157,12,0,0
BRDA:157,12,1,0
BRDA:158,13,0,0
BRDA:158,13,1,0
BRDA:161,14,0,0
BRDA:161,14,1,0
BRDA:162,15,0,0
BRDA:162,15,1,0
BRDA:170,16,0,0
BRDA:170,16,1,0
BRDA:189,17,0,0
BRDA:189,17,1,0
BRDA:195,18,0,0
BRDA:195,18,1,0
BRDA:195,18,2,0
BRF:40
BRH:0
end_of_record
TN:
SF:src/components/playdates/PlaydateCard.tsx
FN:12,formatDateRange
FN:27,PlaydateCard
FN:29,(anonymous_2)
FN:38,(anonymous_3)
FNF:4
FNH:0
FNDA:0,formatDateRange
FNDA:0,PlaydateCard
FNDA:0,(anonymous_2)
FNDA:0,(anonymous_3)
DA:13,0
DA:14,0
DA:16,0
DA:17,0
DA:18,0
DA:20,0
DA:21,0
DA:24,0
DA:28,0
DA:29,0
DA:32,0
DA:33,0
DA:34,0
DA:36,0
DA:38,0
DA:90,0
LF:16
LH:0
BRDA:20,0,0,0
BRDA:20,0,1,0
BRDA:27,1,0,0
BRDA:28,2,0,0
BRDA:28,2,1,0
BRDA:33,3,0,0
BRDA:33,3,1,0
BRDA:34,4,0,0
BRDA:34,4,1,0
BRDA:40,5,0,0
BRDA:40,5,1,0
BRDA:40,5,2,0
BRDA:41,6,0,0
BRDA:41,6,1,0
BRDA:46,7,0,0
BRDA:46,7,1,0
BRDA:46,7,2,0
BRDA:49,8,0,0
BRDA:49,8,1,0
BRDA:54,9,0,0
BRDA:54,9,1,0
BRDA:54,9,2,0
BRDA:59,10,0,0
BRDA:59,10,1,0
BRDA:59,10,2,0
BRDA:59,10,3,0
BRDA:66,11,0,0
BRDA:66,11,1,0
BRDA:77,12,0,0
BRDA:77,12,1,0
BRDA:79,13,0,0
BRDA:79,13,1,0
BRDA:82,14,0,0
BRDA:82,14,1,0
BRDA:83,15,0,0
BRDA:83,15,1,0
BRDA:83,16,0,0
BRDA:83,16,1,0
BRF:38
BRH:0
end_of_record
TN:
SF:src/components/playdates/PlaydateForm.tsx
FN:30,(anonymous_0)
FN:54,PlaydateForm
FN:96,(anonymous_2)
FN:101,(anonymous_3)
FN:105,(anonymous_4)
FN:111,(anonymous_5)
FN:112,(anonymous_6)
FN:114,(anonymous_7)
FN:119,onFormSubmit
FN:146,(anonymous_9)
FN:151,(anonymous_10)
FN:159,(anonymous_11)
FN:169,(anonymous_12)
FN:197,(anonymous_13)
FN:219,(anonymous_14)
FN:239,(anonymous_15)
FN:260,(anonymous_16)
FN:265,(anonymous_17)
FN:281,(anonymous_18)
FN:288,(anonymous_19)
FN:324,(anonymous_20)
FN:333,(anonymous_21)
FN:371,(anonymous_22)
FN:391,(anonymous_23)
FN:395,(anonymous_24)
FN:404,(anonymous_25)
FN:424,(anonymous_26)
FN:428,(anonymous_27)
FN:437,(anonymous_28)
FN:442,(anonymous_29)
FN:456,(anonymous_30)
FN:463,(anonymous_31)
FN:483,(anonymous_32)
FN:489,(anonymous_33)
FN:512,(anonymous_34)
FNF:35
FNH:0
FNDA:0,(anonymous_0)
FNDA:0,PlaydateForm
FNDA:0,(anonymous_2)
FNDA:0,(anonymous_3)
FNDA:0,(anonymous_4)
FNDA:0,(anonymous_5)
FNDA:0,(anonymous_6)
FNDA:0,(anonymous_7)
FNDA:0,onFormSubmit
FNDA:0,(anonymous_9)
FNDA:0,(anonymous_10)
FNDA:0,(anonymous_11)
FNDA:0,(anonymous_12)
FNDA:0,(anonymous_13)
FNDA:0,(anonymous_14)
FNDA:0,(anonymous_15)
FNDA:0,(anonymous_16)
FNDA:0,(anonymous_17)
FNDA:0,(anonymous_18)
FNDA:0,(anonymous_19)
FNDA:0,(anonymous_20)
FNDA:0,(anonymous_21)
FNDA:0,(anonymous_22)
FNDA:0,(anonymous_23)
FNDA:0,(anonymous_24)
FNDA:0,(anonymous_25)
FNDA:0,(anonymous_26)
FNDA:0,(anonymous_27)
FNDA:0,(anonymous_28)
FNDA:0,(anonymous_29)
FNDA:0,(anonymous_30)
FNDA:0,(anonymous_31)
FNDA:0,(anonymous_32)
FNDA:0,(anonymous_33)
FNDA:0,(anonymous_34)
DA:22,0
DA:30,0
DA:61,0
DA:62,0
DA:63,0
DA:64,0
DA:65,0
DA:69,0
DA:71,0
DA:80,0
DA:95,0
DA:96,0
DA:97,0
DA:98,0
DA:100,0
DA:101,0
DA:102,0
DA:103,0
DA:104,0
DA:106,0
DA:111,0
DA:112,0
DA:113,0
DA:114,0
DA:120,0
DA:121,0
DA:122,0
DA:125,0
DA:135,0
DA:139,0
DA:142,0
DA:143,0
DA:144,0
DA:146,0
DA:147,0
DA:148,0
DA:151,0
DA:152,0
DA:153,0
DA:154,0
DA:159,0
DA:160,0
DA:161,0
DA:162,0
DA:163,0
DA:165,0
DA:169,0
DA:170,0
DA:171,0
DA:172,0
DA:173,0
DA:174,0
DA:175,0
DA:178,0
DA:181,0
DA:198,0
DA:220,0
DA:239,0
DA:260,0
DA:265,0
DA:282,0
DA:289,0
DA:290,0
DA:291,0
DA:325,0
DA:326,0
DA:333,0
DA:371,0
DA:392,0
DA:393,0
DA:395,0
DA:404,0
DA:425,0
DA:426,0
DA:428,0
DA:437,0
DA:442,0
DA:457,0
DA:458,0
DA:459,0
DA:464,0
DA:465,0
DA:466,0
DA:484,0
DA:485,0
DA:490,0
DA:491,0
DA:492,0
DA:513,0
DA:542,0
LF:90
LH:0
BRDA:56,0,0,0
BRDA:59,1,0,0
BRDA:66,2,0,0
BRDA:66,2,1,0
BRDA:69,3,0,0
BRDA:69,3,1,0
BRDA:71,4,0,0
BRDA:71,4,1,0
BRDA:83,5,0,0
BRDA:83,5,1,0
BRDA:84,6,0,0
BRDA:84,6,1,0
BRDA:85,7,0,0
BRDA:85,7,1,0
BRDA:89,8,0,0
BRDA:89,8,1,0
BRDA:102,9,0,0
BRDA:102,9,1,0
BRDA:106,10,0,0
BRDA:106,10,1,0
BRDA:106,10,2,0
BRDA:113,11,0,0
BRDA:113,11,1,0
BRDA:122,12,0,0
BRDA:122,12,1,0
BRDA:127,13,0,0
BRDA:127,13,1,0
BRDA:131,14,0,0
BRDA:131,14,1,0
BRDA:144,15,0,0
BRDA:144,15,1,0
BRDA:147,16,0,0
BRDA:147,16,1,0
BRDA:152,17,0,0
BRDA:152,17,1,0
BRDA:173,18,0,0
BRDA:173,18,1,0
BRDA:173,19,0,0
BRDA:173,19,1,0
BRDA:183,20,0,0
BRDA:183,20,1,0
BRDA:199,21,0,0
BRDA:199,21,1,0
BRDA:208,22,0,0
BRDA:208,22,1,0
BRDA:238,23,0,0
BRDA:238,23,1,0
BRDA:244,24,0,0
BRDA:244,24,1,0
BRDA:247,25,0,0
BRDA:247,25,1,0
BRDA:250,26,0,0
BRDA:250,26,1,0
BRDA:286,27,0,0
BRDA:286,27,1,0
BRDA:297,28,0,0
BRDA:297,28,1,0
BRDA:303,29,0,0
BRDA:303,29,1,0
BRDA:310,30,0,0
BRDA:310,30,1,0
BRDA:312,31,0,0
BRDA:312,31,1,0
BRDA:320,32,0,0
BRDA:320,32,1,0
BRDA:331,33,0,0
BRDA:331,33,1,0
BRDA:338,34,0,0
BRDA:338,34,1,0
BRDA:341,35,0,0
BRDA:341,35,1,0
BRDA:348,36,0,0
BRDA:348,36,1,0
BRDA:354,37,0,0
BRDA:354,37,1,0
BRDA:370,38,0,0
BRDA:370,38,1,0
BRDA:371,39,0,0
BRDA:371,39,1,0
BRDA:380,40,0,0
BRDA:380,40,1,0
BRDA:385,41,0,0
BRDA:385,41,1,0
BRDA:403,42,0,0
BRDA:403,42,1,0
BRDA:404,43,0,0
BRDA:404,43,1,0
BRDA:413,44,0,0
BRDA:413,44,1,0
BRDA:418,45,0,0
BRDA:418,45,1,0
BRDA:462,46,0,0
BRDA:462,46,1,0
BRDA:469,47,0,0
BRDA:469,47,1,0
BRDA:470,48,0,0
BRDA:470,48,1,0
BRDA:472,49,0,0
BRDA:472,49,1,0
BRDA:484,50,0,0
BRDA:484,50,1,0
BRDA:488,51,0,0
BRDA:488,51,1,0
BRDA:495,52,0,0
BRDA:495,52,1,0
BRDA:527,53,0,0
BRDA:527,53,1,0
BRDA:531,54,0,0
BRDA:531,54,1,0
BRF:109
BRH:0
end_of_record
TN:
SF:src/components/seo/SEOHead.tsx
FN:23,SEOHead
FNF:1
FNH:0
FNDA:0,SEOHead
DA:4,0
DA:5,0
DA:6,0
DA:31,0
DA:33,0
DA:34,0
DA:35,0
DA:37,0
LF:8
LH:0
BRDA:28,0,0,0
BRDA:29,1,0,0
BRDA:31,2,0,0
BRDA:31,2,1,0
BRDA:33,3,0,0
BRDA:33,3,1,0
BRDA:34,4,0,0
BRDA:34,4,1,0
BRDA:35,5,0,0
BRDA:35,5,1,0
BRDA:41,6,0,0
BRDA:41,6,1,0
BRDA:48,7,0,0
BRDA:48,7,1,0
BRF:14
BRH:0
end_of_record
TN:
SF:src/components/seo/StructuredData.tsx
FN:9,StructuredData
FN:25,mobileAppSchema
FN:43,placeSchema
FN:71,faqPageSchema
FN:76,(anonymous_4)
FN:88,organizationSchema
FN:101,breadcrumbSchema
FN:106,(anonymous_7)
FN:116,blogPostingSchema
FNF:9
FNH:0
FNDA:0,StructuredData
FNDA:0,mobileAppSchema
FNDA:0,placeSchema
FNDA:0,faqPageSchema
FNDA:0,(anonymous_4)
FNDA:0,organizationSchema
FNDA:0,breadcrumbSchema
FNDA:0,(anonymous_7)
FNDA:0,blogPostingSchema
DA:10,0
DA:12,0
DA:17,0
DA:26,0
DA:51,0
DA:74,0
DA:76,0
DA:89,0
DA:104,0
DA:106,0
DA:123,0
LF:11
LH:0
BRDA:10,0,0,0
BRDA:10,0,1,0
BRDA:54,1,0,0
BRDA:54,1,1,0
BRDA:55,2,0,0
BRDA:55,2,1,0
BRDA:66,3,0,0
BRDA:66,3,1,0
BRF:8
BRH:0
end_of_record
TN:
SF:src/components/seo/index.ts
FNF:0
FNH:0
LF:0
LH:0
BRF:0
BRH:0
end_of_record
TN:
SF:src/components/ui/ConfirmModal.tsx
FN:15,ConfirmModal
FNF:1
FNH:0
FNDA:0,ConfirmModal
DA:25,0
DA:50,0
LF:2
LH:0
BRDA:19,0,0,0
BRDA:20,1,0,0
BRDA:21,2,0,0
BRDA:37,3,0,0
BRDA:37,3,1,0
BRDA:39,4,0,0
BRDA:39,4,1,0
BRF:7
BRH:0
end_of_record
TN:
SF:src/components/ui/DesktopSidebar.tsx
FN:16,getSnapshot
FN:20,subscribe
FN:22,(anonymous_2)
FN:25,setCollapsed
FN:30,(anonymous_4)
FN:42,NavItem
FN:100,DesktopSidebar
FN:108,(anonymous_7)
FN:112,(anonymous_8)
FN:120,(anonymous_9)
FN:140,(anonymous_10)
FN:163,(anonymous_11)
FN:170,(anonymous_12)
FN:177,(anonymous_13)
FN:184,(anonymous_14)
FN:191,(anonymous_15)
FN:198,(anonymous_16)
FNF:17
FNH:0
FNDA:0,getSnapshot
FNDA:0,subscribe
FNDA:0,(anonymous_2)
FNDA:0,setCollapsed
FNDA:0,(anonymous_4)
FNDA:0,NavItem
FNDA:0,DesktopSidebar
FNDA:0,(anonymous_7)
FNDA:0,(anonymous_8)
FNDA:0,(anonymous_9)
FNDA:0,(anonymous_10)
FNDA:0,(anonymous_11)
FNDA:0,(anonymous_12)
FNDA:0,(anonymous_13)
FNDA:0,(anonymous_14)
FNDA:0,(anonymous_15)
FNDA:0,(anonymous_16)
DA:6,0
DA:10,0
DA:14,0
DA:17,0
DA:21,0
DA:22,0
DA:26,0
DA:27,0
DA:28,0
DA:30,0
DA:43,0
DA:101,0
DA:102,0
DA:103,0
DA:106,0
DA:108,0
DA:109,0
DA:112,0
DA:113,0
DA:114,0
DA:116,0
DA:120,0
DA:121,0
DA:122,0
DA:124,0
DA:127,0
DA:140,0
DA:163,0
DA:170,0
DA:177,0
DA:184,0
DA:191,0
DA:198,0
LF:33
LH:0
BRDA:10,0,0,0
BRDA:10,0,1,0
BRDA:10,1,0,0
BRDA:10,1,1,0
BRDA:27,2,0,0
BRDA:27,2,1,0
BRDA:27,3,0,0
BRDA:27,3,1,0
BRDA:49,4,0,0
BRDA:49,4,1,0
BRDA:50,5,0,0
BRDA:50,5,1,0
BRDA:54,6,0,0
BRDA:54,6,1,0
BRDA:61,7,0,0
BRDA:61,7,1,0
BRDA:63,8,0,0
BRDA:63,8,1,0
BRDA:63,8,2,0
BRDA:79,9,0,0
BRDA:79,9,1,0
BRDA:84,10,0,0
BRDA:84,10,1,0
BRDA:89,11,0,0
BRDA:89,11,1,0
BRDA:90,12,0,0
BRDA:90,12,1,0
BRDA:106,13,0,0
BRDA:106,13,1,0
BRDA:113,14,0,0
BRDA:113,14,1,0
BRDA:121,15,0,0
BRDA:121,15,1,0
BRDA:130,16,0,0
BRDA:130,16,1,0
BRDA:144,17,0,0
BRDA:144,17,1,0
BRDA:145,18,0,0
BRDA:145,18,1,0
BRDA:146,19,0,0
BRDA:146,19,1,0
BRDA:151,20,0,0
BRDA:151,20,1,0
BRDA:157,21,0,0
BRDA:157,21,1,0
BRDA:189,22,0,0
BRDA:189,22,1,0
BRDA:205,23,0,0
BRDA:205,23,1,0
BRDA:216,24,0,0
BRDA:216,24,1,0
BRDA:217,25,0,0
BRDA:217,25,1,0
BRDA:223,26,0,0
BRDA:223,26,1,0
BRDA:227,27,0,0
BRDA:227,27,1,0
BRF:57
BRH:0
end_of_record
TN:
SF:src/components/ui/Skeleton.tsx
FN:14,Skeleton
FN:17,(anonymous_1)
FN:33,(anonymous_2)
FN:61,SkeletonCard
FN:71,(anonymous_4)
FN:82,SkeletonPlaydateCard
FN:101,SkeletonParkCard
FN:123,SkeletonNotification
FN:144,SkeletonList
FN:145,(anonymous_9)
FN:160,(anonymous_10)
FNF:11
FNH:0
FNDA:0,Skeleton
FNDA:0,(anonymous_1)
FNDA:0,(anonymous_2)
FNDA:0,SkeletonCard
FNDA:0,(anonymous_4)
FNDA:0,SkeletonPlaydateCard
FNDA:0,SkeletonParkCard
FNDA:0,SkeletonNotification
FNDA:0,SkeletonList
FNDA:0,(anonymous_9)
FNDA:0,(anonymous_10)
DA:15,0
DA:17,0
DA:18,0
DA:32,0
DA:33,0
DA:36,0
DA:62,0
DA:72,0
DA:83,0
DA:102,0
DA:124,0
DA:145,0
DA:146,0
DA:148,0
DA:150,0
DA:152,0
DA:154,0
DA:158,0
DA:161,0
DA:169,0
LF:20
LH:0
BRDA:14,0,0,0
BRDA:14,1,0,0
BRDA:14,2,0,0
BRDA:61,3,0,0
BRDA:61,4,0,0
BRDA:64,5,0,0
BRDA:64,5,1,0
BRDA:144,6,0,0
BRDA:144,7,0,0
BRDA:146,8,0,0
BRDA:146,8,1,0
BRDA:146,8,2,0
BRDA:146,8,3,0
BRDA:161,9,0,0
BRDA:161,9,1,0
BRF:15
BRH:0
end_of_record
TN:
SF:src/components/ui/WebPageLayout.tsx
FN:15,WebPageLayout
FNF:1
FNH:0
FNDA:0,WebPageLayout
DA:21,0
DA:23,0
DA:25,0
DA:44,0
LF:4
LH:0
BRDA:17,0,0,0
BRDA:19,1,0,0
BRDA:23,2,0,0
BRDA:23,2,1,0
BRDA:23,3,0,0
BRDA:23,3,1,0
BRDA:25,4,0,0
BRDA:25,4,1,0
BRDA:46,5,0,0
BRDA:46,5,1,0
BRF:10
BRH:0
end_of_record
TN:
SF:src/components/web/Footer.tsx
FN:7,Footer
FN:40,(anonymous_1)
FN:43,(anonymous_2)
FN:49,(anonymous_3)
FN:52,(anonymous_4)
FN:58,(anonymous_5)
FN:61,(anonymous_6)
FNF:7
FNH:0
FNDA:0,Footer
FNDA:0,(anonymous_1)
FNDA:0,(anonymous_2)
FNDA:0,(anonymous_3)
FNDA:0,(anonymous_4)
FNDA:0,(anonymous_5)
FNDA:0,(anonymous_6)
DA:5,0
DA:8,0
DA:9,0
DA:10,0
DA:12,0
DA:40,0
DA:43,0
DA:49,0
DA:52,0
DA:58,0
DA:61,0
LF:11
LH:0
BRDA:19,0,0,0
BRDA:19,0,1,0
BRDA:25,1,0,0
BRDA:25,1,1,0
BRDA:27,2,0,0
BRDA:27,2,1,0
BRDA:37,3,0,0
BRDA:37,3,1,0
BRDA:75,4,0,0
BRDA:75,4,1,0
BRDA:80,5,0,0
BRDA:80,5,1,0
BRDA:82,6,0,0
BRDA:82,6,1,0
BRDA:84,7,0,0
BRDA:84,7,1,0
BRF:16
BRH:0
end_of_record
TN:
SF:src/components/web/NavBar.tsx
FN:13,NavBar
FN:35,(anonymous_1)
FN:44,(anonymous_2)
FN:45,(anonymous_3)
FN:52,(anonymous_4)
FN:56,(anonymous_5)
FN:67,(anonymous_6)
FN:94,(anonymous_7)
FN:95,(anonymous_8)
FN:100,(anonymous_9)
FN:104,(anonymous_10)
FNF:11
FNH:0
FNDA:0,NavBar
FNDA:0,(anonymous_1)
FNDA:0,(anonymous_2)
FNDA:0,(anonymous_3)
FNDA:0,(anonymous_4)
FNDA:0,(anonymous_5)
FNDA:0,(anonymous_6)
FNDA:0,(anonymous_7)
FNDA:0,(anonymous_8)
FNDA:0,(anonymous_9)
FNDA:0,(anonymous_10)
DA:6,0
DA:14,0
DA:15,0
DA:16,0
DA:17,0
DA:19,0
DA:35,0
DA:45,0
DA:52,0
DA:56,0
DA:67,0
DA:95,0
DA:100,0
DA:104,0
LF:14
LH:0
BRDA:27,0,0,0
BRDA:27,0,1,0
BRDA:41,1,0,0
BRDA:41,1,1,0
BRDA:66,2,0,0
BRDA:66,2,1,0
BRDA:68,3,0,0
BRDA:68,3,1,0
BRDA:74,4,0,0
BRDA:74,4,1,0
BRDA:74,4,2,0
BRF:11
BRH:0
end_of_record
TN:
SF:src/components/web/ParkDetailAuth.tsx
FN:46,DogAvatar
FN:86,FeatureTag
FN:111,ButtonOutline
FN:137,ButtonPrimary
FN:165,ParkDetailAuth
FN:200,(anonymous_5)
FN:209,(anonymous_6)
FN:218,fetchPark
FN:250,(anonymous_8)
FN:255,(anonymous_9)
FN:257,(anonymous_10)
FN:261,(anonymous_11)
FN:265,(anonymous_12)
FN:272,(anonymous_13)
FN:276,(anonymous_14)
FN:284,(anonymous_15)
FN:291,(anonymous_16)
FN:292,(anonymous_17)
FN:293,(anonymous_18)
FN:298,(anonymous_19)
FN:302,(anonymous_20)
FN:303,(anonymous_21)
FN:315,(anonymous_22)
FN:503,(anonymous_23)
FN:516,(anonymous_24)
FN:520,(anonymous_25)
FN:538,(anonymous_26)
FN:542,(anonymous_27)
FN:611,(anonymous_28)
FN:615,(anonymous_29)
FN:688,(anonymous_30)
FN:722,(anonymous_31)
FN:749,(anonymous_32)
FN:754,(anonymous_33)
FN:801,(anonymous_34)
FN:804,(anonymous_35)
FNF:36
FNH:0
FNDA:0,DogAvatar
FNDA:0,FeatureTag
FNDA:0,ButtonOutline
FNDA:0,ButtonPrimary
FNDA:0,ParkDetailAuth
FNDA:0,(anonymous_5)
FNDA:0,(anonymous_6)
FNDA:0,fetchPark
FNDA:0,(anonymous_8)
FNDA:0,(anonymous_9)
FNDA:0,(anonymous_10)
FNDA:0,(anonymous_11)
FNDA:0,(anonymous_12)
FNDA:0,(anonymous_13)
FNDA:0,(anonymous_14)
FNDA:0,(anonymous_15)
FNDA:0,(anonymous_16)
FNDA:0,(anonymous_17)
FNDA:0,(anonymous_18)
FNDA:0,(anonymous_19)
FNDA:0,(anonymous_20)
FNDA:0,(anonymous_21)
FNDA:0,(anonymous_22)
FNDA:0,(anonymous_23)
FNDA:0,(anonymous_24)
FNDA:0,(anonymous_25)
FNDA:0,(anonymous_26)
FNDA:0,(anonymous_27)
FNDA:0,(anonymous_28)
FNDA:0,(anonymous_29)
FNDA:0,(anonymous_30)
FNDA:0,(anonymous_31)
FNDA:0,(anonymous_32)
FNDA:0,(anonymous_33)
FNDA:0,(anonymous_34)
FNDA:0,(anonymous_35)
DA:33,0
DA:47,0
DA:87,0
DA:112,0
DA:138,0
DA:140,0
DA:166,0
DA:167,0
DA:168,0
DA:169,0
DA:170,0
DA:172,0
DA:173,0
DA:174,0
DA:176,0
DA:177,0
DA:178,0
DA:180,0
DA:181,0
DA:182,0
DA:183,0
DA:191,0
DA:193,0
DA:194,0
DA:195,0
DA:198,0
DA:199,0
DA:201,0
DA:202,0
DA:203,0
DA:205,0
DA:209,0
DA:210,0
DA:211,0
DA:212,0
DA:213,0
DA:216,0
DA:219,0
DA:221,0
DA:222,0
DA:224,0
DA:225,0
DA:226,0
DA:227,0
DA:230,0
DA:231,0
DA:232,0
DA:234,0
DA:238,0
DA:239,0
DA:242,0
DA:243,0
DA:248,0
DA:250,0
DA:251,0
DA:255,0
DA:256,0
DA:257,0
DA:261,0
DA:262,0
DA:265,0
DA:266,0
DA:267,0
DA:268,0
DA:272,0
DA:273,0
DA:276,0
DA:277,0
DA:278,0
DA:280,0
DA:284,0
DA:285,0
DA:286,0
DA:287,0
DA:291,0
DA:292,0
DA:293,0
DA:298,0
DA:299,0
DA:300,0
DA:302,0
DA:303,0
DA:304,0
DA:305,0
DA:306,0
DA:311,0
DA:315,0
DA:316,0
DA:318,0
DA:319,0
DA:320,0
DA:321,0
DA:322,0
DA:323,0
DA:325,0
DA:326,0
DA:334,0
DA:337,0
DA:338,0
DA:358,0
DA:359,0
DA:388,0
DA:391,0
DA:504,0
DA:517,0
DA:520,0
DA:539,0
DA:542,0
DA:612,0
DA:615,0
DA:688,0
DA:722,0
DA:750,0
DA:751,0
DA:754,0
DA:802,0
DA:804,0
LF:117
LH:0
BRDA:52,0,0,0
BRDA:52,0,1,0
BRDA:137,1,0,0
BRDA:138,2,0,0
BRDA:138,2,1,0
BRDA:138,3,0,0
BRDA:138,3,1,0
BRDA:143,4,0,0
BRDA:143,4,1,0
BRDA:148,5,0,0
BRDA:148,5,1,0
BRDA:154,6,0,0
BRDA:154,6,1,0
BRDA:180,7,0,0
BRDA:180,7,1,0
BRDA:191,8,0,0
BRDA:191,8,1,0
BRDA:194,9,0,0
BRDA:194,9,1,0
BRDA:195,10,0,0
BRDA:195,10,1,0
BRDA:201,11,0,0
BRDA:201,11,1,0
BRDA:210,12,0,0
BRDA:210,12,1,0
BRDA:224,13,0,0
BRDA:224,13,1,0
BRDA:226,14,0,0
BRDA:226,14,1,0
BRDA:230,15,0,0
BRDA:230,15,1,0
BRDA:231,16,0,0
BRDA:231,16,1,0
BRDA:238,17,0,0
BRDA:238,17,1,0
BRDA:242,18,0,0
BRDA:242,18,1,0
BRDA:256,19,0,0
BRDA:256,19,1,0
BRDA:256,20,0,0
BRDA:256,20,1,0
BRDA:262,21,0,0
BRDA:262,21,1,0
BRDA:266,22,0,0
BRDA:266,22,1,0
BRDA:277,23,0,0
BRDA:277,23,1,0
BRDA:285,24,0,0
BRDA:285,24,1,0
BRDA:293,25,0,0
BRDA:293,25,1,0
BRDA:304,26,0,0
BRDA:304,26,1,0
BRDA:316,27,0,0
BRDA:316,27,1,0
BRDA:319,28,0,0
BRDA:319,28,1,0
BRDA:320,29,0,0
BRDA:320,29,1,0
BRDA:321,30,0,0
BRDA:321,30,1,0
BRDA:322,31,0,0
BRDA:322,31,1,0
BRDA:323,32,0,0
BRDA:323,32,1,0
BRDA:325,33,0,0
BRDA:325,33,1,0
BRDA:337,34,0,0
BRDA:337,34,1,0
BRDA:340,35,0,0
BRDA:340,35,1,0
BRDA:343,36,0,0
BRDA:343,36,1,0
BRDA:344,37,0,0
BRDA:344,37,1,0
BRDA:344,38,0,0
BRDA:344,38,1,0
BRDA:349,39,0,0
BRDA:349,39,1,0
BRDA:350,40,0,0
BRDA:350,40,1,0
BRDA:358,41,0,0
BRDA:358,41,1,0
BRDA:358,42,0,0
BRDA:358,42,1,0
BRDA:361,43,0,0
BRDA:361,43,1,0
BRDA:377,44,0,0
BRDA:377,44,1,0
BRDA:388,45,0,0
BRDA:388,45,1,0
BRDA:389,46,0,0
BRDA:389,46,1,0
BRDA:397,47,0,0
BRDA:397,47,1,0
BRDA:397,47,2,0
BRDA:402,48,0,0
BRDA:402,48,1,0
BRDA:409,49,0,0
BRDA:409,49,1,0
BRDA:409,50,0,0
BRDA:409,50,1,0
BRDA:411,51,0,0
BRDA:411,51,1,0
BRDA:413,52,0,0
BRDA:413,52,1,0
BRDA:417,53,0,0
BRDA:417,53,1,0
BRDA:443,54,0,0
BRDA:443,54,1,0
BRDA:444,55,0,0
BRDA:444,55,1,0
BRDA:445,56,0,0
BRDA:445,56,1,0
BRDA:454,57,0,0
BRDA:454,57,1,0
BRDA:470,58,0,0
BRDA:470,58,1,0
BRDA:473,59,0,0
BRDA:473,59,1,0
BRDA:486,60,0,0
BRDA:486,60,1,0
BRDA:514,61,0,0
BRDA:514,61,1,0
BRDA:530,62,0,0
BRDA:530,62,1,0
BRDA:535,63,0,0
BRDA:535,63,1,0
BRDA:537,64,0,0
BRDA:537,64,1,0
BRDA:570,65,0,0
BRDA:570,65,1,0
BRDA:579,66,0,0
BRDA:579,66,1,0
BRDA:589,67,0,0
BRDA:589,67,1,0
BRDA:607,68,0,0
BRDA:607,68,1,0
BRDA:609,69,0,0
BRDA:609,69,1,0
BRDA:647,70,0,0
BRDA:647,70,1,0
BRDA:665,71,0,0
BRDA:665,71,1,0
BRDA:671,72,0,0
BRDA:671,72,1,0
BRDA:675,73,0,0
BRDA:675,73,1,0
BRDA:742,74,0,0
BRDA:742,74,1,0
BRDA:761,75,0,0
BRDA:761,75,1,0
BRDA:762,76,0,0
BRDA:762,76,1,0
BRDA:768,77,0,0
BRDA:768,77,1,0
BRDA:782,78,0,0
BRDA:782,78,1,0
BRDA:783,79,0,0
BRDA:783,79,1,0
BRDA:788,80,0,0
BRDA:788,80,1,0
BRDA:812,81,0,0
BRDA:812,81,1,0
BRDA:813,82,0,0
BRDA:813,82,1,0
BRDA:820,83,0,0
BRDA:820,83,1,0
BRDA:821,84,0,0
BRDA:821,84,1,0
BRDA:835,85,0,0
BRDA:835,85,1,0
BRF:172
BRH:0
end_of_record
TN:
SF:src/components/web/PublicParkDetail.tsx
FN:16,extractStateAbbrev
FN:29,Container
FN:44,FeatureTag
FN:63,PublicParkDetail
FN:74,(anonymous_4)
FN:78,(anonymous_5)
FN:92,(anonymous_6)
FN:94,(anonymous_7)
FN:106,(anonymous_8)
FN:106,(anonymous_9)
FN:120,(anonymous_10)
FN:181,(anonymous_11)
FN:213,(anonymous_12)
FN:289,(anonymous_13)
FN:295,(anonymous_14)
FN:301,(anonymous_15)
FN:339,(anonymous_16)
FN:356,(anonymous_17)
FN:369,(anonymous_18)
FN:416,(anonymous_19)
FN:450,(anonymous_20)
FN:557,(anonymous_21)
FN:561,(anonymous_22)
FN:564,(anonymous_23)
FN:629,(anonymous_24)
FN:663,(anonymous_25)
FN:770,(anonymous_26)
FN:774,(anonymous_27)
FN:777,(anonymous_28)
FNF:29
FNH:0
FNDA:0,extractStateAbbrev
FNDA:0,Container
FNDA:0,FeatureTag
FNDA:0,PublicParkDetail
FNDA:0,(anonymous_4)
FNDA:0,(anonymous_5)
FNDA:0,(anonymous_6)
FNDA:0,(anonymous_7)
FNDA:0,(anonymous_8)
FNDA:0,(anonymous_9)
FNDA:0,(anonymous_10)
FNDA:0,(anonymous_11)
FNDA:0,(anonymous_12)
FNDA:0,(anonymous_13)
FNDA:0,(anonymous_14)
FNDA:0,(anonymous_15)
FNDA:0,(anonymous_16)
FNDA:0,(anonymous_17)
FNDA:0,(anonymous_18)
FNDA:0,(anonymous_19)
FNDA:0,(anonymous_20)
FNDA:0,(anonymous_21)
FNDA:0,(anonymous_22)
FNDA:0,(anonymous_23)
FNDA:0,(anonymous_24)
FNDA:0,(anonymous_25)
FNDA:0,(anonymous_26)
FNDA:0,(anonymous_27)
FNDA:0,(anonymous_28)
DA:17,0
DA:18,0
DA:19,0
DA:20,0
DA:21,0
DA:27,0
DA:30,0
DA:31,0
DA:32,0
DA:45,0
DA:64,0
DA:65,0
DA:66,0
DA:67,0
DA:68,0
DA:69,0
DA:70,0
DA:71,0
DA:72,0
DA:74,0
DA:75,0
DA:76,0
DA:78,0
DA:79,0
DA:80,0
DA:81,0
DA:82,0
DA:83,0
DA:84,0
DA:86,0
DA:87,0
DA:89,0
DA:90,0
DA:92,0
DA:94,0
DA:95,0
DA:100,0
DA:103,0
DA:106,0
DA:108,0
DA:109,0
DA:116,0
DA:117,0
DA:120,0
DA:127,0
DA:128,0
DA:129,0
DA:130,0
DA:131,0
DA:132,0
DA:133,0
DA:135,0
DA:139,0
DA:168,0
DA:182,0
DA:189,0
DA:213,0
DA:228,0
DA:230,0
DA:289,0
DA:295,0
DA:301,0
DA:339,0
DA:356,0
DA:369,0
DA:417,0
DA:450,0
DA:557,0
DA:562,0
DA:564,0
DA:630,0
DA:663,0
DA:770,0
DA:775,0
DA:777,0
LF:75
LH:0
BRDA:17,0,0,0
BRDA:17,0,1,0
BRDA:18,1,0,0
BRDA:18,1,1,0
BRDA:19,2,0,0
BRDA:19,2,1,0
BRDA:20,3,0,0
BRDA:20,3,1,0
BRDA:20,4,0,0
BRDA:20,4,1,0
BRDA:35,5,0,0
BRDA:35,5,1,0
BRDA:75,6,0,0
BRDA:75,6,1,0
BRDA:81,7,0,0
BRDA:81,7,1,0
BRDA:83,8,0,0
BRDA:83,8,1,0
BRDA:87,9,0,0
BRDA:87,9,1,0
BRDA:89,10,0,0
BRDA:89,10,1,0
BRDA:106,11,0,0
BRDA:106,11,1,0
BRDA:108,12,0,0
BRDA:108,12,1,0
BRDA:116,13,0,0
BRDA:116,13,1,0
BRDA:128,14,0,0
BRDA:128,14,1,0
BRDA:129,15,0,0
BRDA:129,15,1,0
BRDA:131,16,0,0
BRDA:131,16,1,0
BRDA:132,17,0,0
BRDA:132,17,1,0
BRDA:133,18,0,0
BRDA:133,18,1,0
BRDA:139,19,0,0
BRDA:139,19,1,0
BRDA:142,20,0,0
BRDA:142,20,1,0
BRDA:150,21,0,0
BRDA:150,21,1,0
BRDA:153,22,0,0
BRDA:153,22,1,0
BRDA:154,23,0,0
BRDA:154,23,1,0
BRDA:155,24,0,0
BRDA:155,24,1,0
BRDA:155,25,0,0
BRDA:155,25,1,0
BRDA:156,26,0,0
BRDA:156,26,1,0
BRDA:158,27,0,0
BRDA:158,27,1,0
BRDA:159,28,0,0
BRDA:159,28,1,0
BRDA:159,29,0,0
BRDA:159,29,1,0
BRDA:160,30,0,0
BRDA:160,30,1,0
BRDA:168,31,0,0
BRDA:168,31,1,0
BRDA:169,32,0,0
BRDA:169,32,1,0
BRDA:172,33,0,0
BRDA:172,33,1,0
BRDA:180,34,0,0
BRDA:180,34,1,0
BRDA:193,35,0,0
BRDA:193,35,1,0
BRDA:194,36,0,0
BRDA:194,36,1,0
BRDA:199,37,0,0
BRDA:199,37,1,0
BRDA:217,38,0,0
BRDA:217,38,1,0
BRDA:218,39,0,0
BRDA:218,39,1,0
BRDA:235,40,0,0
BRDA:235,40,1,0
BRDA:236,41,0,0
BRDA:236,41,1,0
BRDA:245,42,0,0
BRDA:245,42,1,0
BRDA:246,43,0,0
BRDA:246,43,1,0
BRDA:257,44,0,0
BRDA:257,44,1,0
BRDA:262,45,0,0
BRDA:262,45,1,0
BRDA:262,46,0,0
BRDA:262,46,1,0
BRDA:264,47,0,0
BRDA:264,47,1,0
BRDA:284,48,0,0
BRDA:284,48,1,0
BRDA:284,49,0,0
BRDA:284,49,1,0
BRDA:284,50,0,0
BRDA:284,50,1,0
BRDA:286,51,0,0
BRDA:286,51,1,0
BRDA:287,52,0,0
BRDA:287,52,1,0
BRDA:290,53,0,0
BRDA:290,53,1,0
BRDA:292,54,0,0
BRDA:292,54,1,0
BRDA:296,55,0,0
BRDA:296,55,1,0
BRDA:298,56,0,0
BRDA:298,56,1,0
BRDA:300,57,0,0
BRDA:300,57,1,0
BRDA:302,58,0,0
BRDA:302,58,1,0
BRDA:303,59,0,0
BRDA:303,59,1,0
BRDA:308,60,0,0
BRDA:308,60,1,0
BRDA:310,61,0,0
BRDA:310,61,1,0
BRDA:311,62,0,0
BRDA:311,62,1,0
BRDA:324,63,0,0
BRDA:324,63,1,0
BRDA:327,64,0,0
BRDA:327,64,1,0
BRDA:336,65,0,0
BRDA:336,65,1,0
BRDA:385,66,0,0
BRDA:385,66,1,0
BRDA:391,67,0,0
BRDA:391,67,1,0
BRDA:407,68,0,0
BRDA:407,68,1,0
BRDA:421,69,0,0
BRDA:421,69,1,0
BRDA:435,70,0,0
BRDA:435,70,1,0
BRDA:467,71,0,0
BRDA:467,71,1,0
BRDA:511,72,0,0
BRDA:511,72,1,0
BRDA:521,73,0,0
BRDA:521,73,1,0
BRDA:533,74,0,0
BRDA:533,74,1,0
BRDA:571,75,0,0
BRDA:571,75,1,0
BRDA:580,76,0,0
BRDA:580,76,1,0
BRDA:604,77,0,0
BRDA:604,77,1,0
BRDA:620,78,0,0
BRDA:620,78,1,0
BRDA:634,79,0,0
BRDA:634,79,1,0
BRDA:648,80,0,0
BRDA:648,80,1,0
BRDA:680,81,0,0
BRDA:680,81,1,0
BRDA:724,82,0,0
BRDA:724,82,1,0
BRDA:732,83,0,0
BRDA:732,83,1,0
BRDA:746,84,0,0
BRDA:746,84,1,0
BRDA:784,85,0,0
BRDA:784,85,1,0
BRDA:793,86,0,0
BRDA:793,86,1,0
BRF:174
BRH:0
end_of_record
TN:
SF:src/constants/colors.ts
FNF:0
FNH:0
DA:1,0
LF:1
LH:0
BRF:0
BRH:0
end_of_record
TN:
SF:src/hooks/useAuth.ts
FN:4,useAuth
FNF:1
FNH:0
FNDA:0,useAuth
DA:5,0
DA:6,0
DA:7,0
DA:9,0
LF:4
LH:0
BRDA:6,0,0,0
BRDA:6,0,1,0
BRF:2
BRH:0
end_of_record
TN:
SF:src/hooks/useCheckIn.ts
FN:21,useCheckIn
FN:30,(anonymous_1)
FN:57,(anonymous_2)
FN:62,(anonymous_3)
FN:74,(anonymous_4)
FN:86,(anonymous_5)
FN:94,(anonymous_6)
FN:103,(anonymous_7)
FN:116,(anonymous_8)
FNF:9
FNH:0
FNDA:0,useCheckIn
FNDA:0,(anonymous_1)
FNDA:0,(anonymous_2)
FNDA:0,(anonymous_3)
FNDA:0,(anonymous_4)
FNDA:0,(anonymous_5)
FNDA:0,(anonymous_6)
FNDA:0,(anonymous_7)
FNDA:0,(anonymous_8)
DA:22,0
DA:23,0
DA:25,0
DA:26,0
DA:27,0
DA:28,0
DA:30,0
DA:31,0
DA:32,0
DA:33,0
DA:34,0
DA:35,0
DA:37,0
DA:38,0
DA:42,0
DA:44,0
DA:45,0
DA:47,0
DA:50,0
DA:52,0
DA:57,0
DA:58,0
DA:62,0
DA:63,0
DA:64,0
DA:75,0
DA:87,0
DA:92,0
DA:94,0
DA:95,0
DA:96,0
DA:97,0
DA:102,0
DA:104,0
DA:105,0
DA:106,0
DA:107,0
DA:108,0
DA:110,0
DA:116,0
DA:117,0
DA:118,0
DA:119,0
DA:120,0
DA:121,0
DA:123,0
DA:127,0
LF:47
LH:0
BRDA:31,0,0,0
BRDA:31,0,1,0
BRDA:40,1,0,0
BRDA:40,1,1,0
BRDA:44,2,0,0
BRDA:44,2,1,0
BRDA:44,3,0,0
BRDA:44,3,1,0
BRDA:63,4,0,0
BRDA:63,4,1,0
BRDA:95,5,0,0
BRDA:95,5,1,0
BRDA:104,6,0,0
BRDA:104,6,1,0
BRDA:117,7,0,0
BRDA:117,7,1,0
BRF:16
BRH:0
end_of_record
TN:
SF:src/hooks/useConversations.ts
FN:15,useConversations
FN:23,(anonymous_1)
FN:35,(anonymous_2)
FN:40,(anonymous_3)
FN:52,(anonymous_4)
FN:63,(anonymous_5)
FN:75,(anonymous_6)
FN:83,(anonymous_7)
FN:91,(anonymous_8)
FN:92,(anonymous_9)
FNF:10
FNH:0
FNDA:0,useConversations
FNDA:0,(anonymous_1)
FNDA:0,(anonymous_2)
FNDA:0,(anonymous_3)
FNDA:0,(anonymous_4)
FNDA:0,(anonymous_5)
FNDA:0,(anonymous_6)
FNDA:0,(anonymous_7)
FNDA:0,(anonymous_8)
FNDA:0,(anonymous_9)
DA:16,0
DA:17,0
DA:19,0
DA:20,0
DA:21,0
DA:23,0
DA:24,0
DA:25,0
DA:26,0
DA:27,0
DA:29,0
DA:31,0
DA:35,0
DA:36,0
DA:40,0
DA:41,0
DA:43,0
DA:53,0
DA:64,0
DA:76,0
DA:81,0
DA:83,0
DA:84,0
DA:85,0
DA:86,0
DA:91,0
DA:92,0
DA:93,0
DA:94,0
DA:99,0
LF:30
LH:0
BRDA:24,0,0,0
BRDA:24,0,1,0
BRDA:41,1,0,0
BRDA:41,1,1,0
BRDA:84,2,0,0
BRDA:84,2,1,0
BRDA:93,3,0,0
BRDA:93,3,1,0
BRF:8
BRH:0
end_of_record
TN:
SF:src/hooks/useDogs.ts
FN:13,useDogs
FN:18,(anonymous_1)
FN:33,(anonymous_2)
FN:38,(anonymous_3)
FN:40,(anonymous_4)
FN:47,(anonymous_5)
FN:49,(anonymous_6)
FN:49,(anonymous_7)
FN:56,(anonymous_8)
FN:58,(anonymous_9)
FN:58,(anonymous_10)
FNF:11
FNH:0
FNDA:0,useDogs
FNDA:0,(anonymous_1)
FNDA:0,(anonymous_2)
FNDA:0,(anonymous_3)
FNDA:0,(anonymous_4)
FNDA:0,(anonymous_5)
FNDA:0,(anonymous_6)
FNDA:0,(anonymous_7)
FNDA:0,(anonymous_8)
FNDA:0,(anonymous_9)
FNDA:0,(anonymous_10)
DA:14,0
DA:15,0
DA:16,0
DA:18,0
DA:19,0
DA:20,0
DA:21,0
DA:22,0
DA:23,0
DA:24,0
DA:26,0
DA:27,0
DA:29,0
DA:33,0
DA:34,0
DA:37,0
DA:39,0
DA:40,0
DA:41,0
DA:46,0
DA:48,0
DA:49,0
DA:50,0
DA:55,0
DA:57,0
DA:58,0
DA:63,0
LF:27
LH:0
BRDA:19,0,0,0
BRDA:19,0,1,0
BRDA:26,1,0,0
BRDA:26,1,1,0
BRDA:49,2,0,0
BRDA:49,2,1,0
BRF:6
BRH:0
end_of_record
TN:
SF:src/hooks/useFriends.ts
FN:31,useFriends
FN:41,(anonymous_1)
FN:59,(anonymous_2)
FN:64,(anonymous_3)
FN:72,(anonymous_4)
FN:79,(anonymous_5)
FN:86,(anonymous_6)
FN:94,(anonymous_7)
FN:103,(anonymous_8)
FN:111,(anonymous_9)
FN:118,(anonymous_10)
FN:124,(anonymous_11)
FN:129,(anonymous_12)
FNF:13
FNH:0
FNDA:0,useFriends
FNDA:0,(anonymous_1)
FNDA:0,(anonymous_2)
FNDA:0,(anonymous_3)
FNDA:0,(anonymous_4)
FNDA:0,(anonymous_5)
FNDA:0,(anonymous_6)
FNDA:0,(anonymous_7)
FNDA:0,(anonymous_8)
FNDA:0,(anonymous_9)
FNDA:0,(anonymous_10)
FNDA:0,(anonymous_11)
FNDA:0,(anonymous_12)
DA:32,0
DA:33,0
DA:35,0
DA:36,0
DA:37,0
DA:38,0
DA:39,0
DA:41,0
DA:42,0
DA:43,0
DA:44,0
DA:49,0
DA:50,0
DA:51,0
DA:53,0
DA:55,0
DA:59,0
DA:60,0
DA:64,0
DA:65,0
DA:67,0
DA:73,0
DA:80,0
DA:87,0
DA:92,0
DA:94,0
DA:95,0
DA:96,0
DA:97,0
DA:102,0
DA:104,0
DA:105,0
DA:110,0
DA:112,0
DA:117,0
DA:119,0
DA:124,0
DA:125,0
DA:128,0
DA:130,0
DA:131,0
DA:136,0
LF:42
LH:0
BRDA:42,0,0,0
BRDA:42,0,1,0
BRDA:65,1,0,0
BRDA:65,1,1,0
BRDA:95,2,0,0
BRDA:95,2,1,0
BRDA:104,3,0,0
BRDA:104,3,1,0
BRDA:130,4,0,0
BRDA:130,4,1,0
BRF:10
BRH:0
end_of_record
TN:
SF:src/hooks/useLocation.ts
FN:15,useLocation
FN:20,(anonymous_1)
FN:23,requestAndGetLocation
FN:59,(anonymous_3)
FNF:4
FNH:0
FNDA:0,useLocation
FNDA:0,(anonymous_1)
FNDA:0,requestAndGetLocation
FNDA:0,(anonymous_3)
DA:16,0
DA:17,0
DA:18,0
DA:20,0
DA:21,0
DA:24,0
DA:25,0
DA:26,0
DA:27,0
DA:28,0
DA:29,0
DA:31,0
DA:34,0
DA:38,0
DA:39,0
DA:45,0
DA:47,0
DA:48,0
DA:51,0
DA:52,0
DA:57,0
DA:59,0
DA:60,0
DA:64,0
LF:24
LH:0
BRDA:26,0,0,0
BRDA:26,0,1,0
BRDA:27,1,0,0
BRDA:27,1,1,0
BRDA:38,2,0,0
BRDA:38,2,1,0
BRDA:45,3,0,0
BRDA:45,3,1,0
BRDA:47,4,0,0
BRDA:47,4,1,0
BRDA:51,5,0,0
BRDA:51,5,1,0
BRF:12
BRH:0
end_of_record
TN:
SF:src/hooks/useMessages.ts
FN:20,useMessages
FN:29,(anonymous_1)
FN:45,(anonymous_2)
FN:50,(anonymous_3)
FN:61,(anonymous_4)
FN:63,(anonymous_5)
FN:64,(anonymous_6)
FN:77,(anonymous_7)
FN:86,(anonymous_8)
FN:90,(anonymous_9)
FN:91,(anonymous_10)
FN:98,(anonymous_11)
FN:103,(anonymous_12)
FNF:13
FNH:0
FNDA:0,useMessages
FNDA:0,(anonymous_1)
FNDA:0,(anonymous_2)
FNDA:0,(anonymous_3)
FNDA:0,(anonymous_4)
FNDA:0,(anonymous_5)
FNDA:0,(anonymous_6)
FNDA:0,(anonymous_7)
FNDA:0,(anonymous_8)
FNDA:0,(anonymous_9)
FNDA:0,(anonymous_10)
FNDA:0,(anonymous_11)
FNDA:0,(anonymous_12)
DA:21,0
DA:22,0
DA:24,0
DA:25,0
DA:26,0
DA:27,0
DA:29,0
DA:30,0
DA:31,0
DA:32,0
DA:33,0
DA:35,0
DA:36,0
DA:39,0
DA:41,0
DA:45,0
DA:46,0
DA:50,0
DA:51,0
DA:62,0
DA:63,0
DA:64,0
DA:65,0
DA:68,0
DA:69,0
DA:75,0
DA:77,0
DA:78,0
DA:79,0
DA:80,0
DA:85,0
DA:87,0
DA:88,0
DA:90,0
DA:91,0
DA:92,0
DA:98,0
DA:99,0
DA:100,0
DA:101,0
DA:102,0
DA:103,0
DA:106,0
LF:43
LH:0
BRDA:35,0,0,0
BRDA:35,0,1,0
BRDA:64,1,0,0
BRDA:64,1,1,0
BRDA:68,2,0,0
BRDA:68,2,1,0
BRDA:78,3,0,0
BRDA:78,3,1,0
BRDA:87,4,0,0
BRDA:87,4,1,0
BRDA:91,5,0,0
BRDA:91,5,1,0
BRDA:99,6,0,0
BRDA:99,6,1,0
BRDA:99,7,0,0
BRDA:99,7,1,0
BRDA:102,8,0,0
BRDA:102,8,1,0
BRF:18
BRH:0
end_of_record
TN:
SF:src/hooks/useModeration.ts
FN:44,useModeration
FN:51,(anonymous_1)
FN:72,(anonymous_2)
FN:79,(anonymous_3)
FN:87,(anonymous_4)
FN:94,(anonymous_5)
FNF:6
FNH:0
FNDA:0,useModeration
FNDA:0,(anonymous_1)
FNDA:0,(anonymous_2)
FNDA:0,(anonymous_3)
FNDA:0,(anonymous_4)
FNDA:0,(anonymous_5)
DA:45,0
DA:46,0
DA:47,0
DA:48,0
DA:49,0
DA:51,0
DA:52,0
DA:54,0
DA:55,0
DA:57,0
DA:58,0
DA:59,0
DA:60,0
DA:61,0
DA:64,0
DA:65,0
DA:67,0
DA:72,0
DA:73,0
DA:74,0
DA:75,0
DA:79,0
DA:80,0
DA:82,0
DA:84,0
DA:87,0
DA:88,0
DA:89,0
DA:91,0
DA:94,0
DA:95,0
DA:98,0
LF:32
LH:0
BRDA:44,0,0,0
BRDA:45,1,0,0
BRDA:52,2,0,0
BRDA:52,2,1,0
BRDA:52,3,0,0
BRDA:52,3,1,0
BRDA:60,4,0,0
BRDA:60,4,1,0
BRDA:64,5,0,0
BRDA:64,5,1,0
BRDA:73,6,0,0
BRDA:73,6,1,0
BRDA:73,7,0,0
BRDA:73,7,1,0
BRDA:80,8,0,0
BRDA:80,8,1,0
BRDA:88,9,0,0
BRDA:88,9,1,0
BRF:18
BRH:0
end_of_record
TN:
SF:src/hooks/useNearbyParks.ts
FN:22,useNearbyParks
FN:34,(anonymous_1)
FN:48,(anonymous_2)
FN:51,(anonymous_3)
FN:52,(anonymous_4)
FN:53,(anonymous_5)
FN:58,(anonymous_6)
FN:82,(anonymous_7)
FN:90,(anonymous_8)
FN:97,(anonymous_9)
FNF:10
FNH:0
FNDA:0,useNearbyParks
FNDA:0,(anonymous_1)
FNDA:0,(anonymous_2)
FNDA:0,(anonymous_3)
FNDA:0,(anonymous_4)
FNDA:0,(anonymous_5)
FNDA:0,(anonymous_6)
FNDA:0,(anonymous_7)
FNDA:0,(anonymous_8)
FNDA:0,(anonymous_9)
DA:10,0
DA:26,0
DA:27,0
DA:28,0
DA:29,0
DA:30,0
DA:31,0
DA:32,0
DA:34,0
DA:35,0
DA:36,0
DA:37,0
DA:38,0
DA:39,0
DA:42,0
DA:43,0
DA:47,0
DA:49,0
DA:50,0
DA:51,0
DA:52,0
DA:53,0
DA:58,0
DA:59,0
DA:60,0
DA:61,0
DA:62,0
DA:63,0
DA:68,0
DA:72,0
DA:73,0
DA:74,0
DA:76,0
DA:78,0
DA:82,0
DA:83,0
DA:84,0
DA:85,0
DA:86,0
DA:90,0
DA:91,0
DA:92,0
DA:97,0
DA:98,0
DA:99,0
DA:103,0
LF:46
LH:0
BRDA:24,0,0,0
BRDA:37,1,0,0
BRDA:37,1,1,0
BRDA:42,2,0,0
BRDA:42,2,1,0
BRDA:59,3,0,0
BRDA:59,3,1,0
BRDA:76,4,0,0
BRDA:76,4,1,0
BRDA:91,5,0,0
BRDA:91,5,1,0
BRDA:91,6,0,0
BRDA:91,6,1,0
BRDA:98,7,0,0
BRDA:98,7,1,0
BRDA:98,8,0,0
BRDA:98,8,1,0
BRF:17
BRH:0
end_of_record
TN:
SF:src/hooks/useNearbyPups.ts
FN:21,useNearbyPups
FN:26,(anonymous_1)
FN:37,(anonymous_2)
FN:42,(anonymous_3)
FN:52,(anonymous_4)
FN:60,(anonymous_5)
FN:69,(anonymous_6)
FN:76,(anonymous_7)
FNF:8
FNH:0
FNDA:0,useNearbyPups
FNDA:0,(anonymous_1)
FNDA:0,(anonymous_2)
FNDA:0,(anonymous_3)
FNDA:0,(anonymous_4)
FNDA:0,(anonymous_5)
FNDA:0,(anonymous_6)
FNDA:0,(anonymous_7)
DA:22,0
DA:23,0
DA:24,0
DA:26,0
DA:27,0
DA:28,0
DA:29,0
DA:31,0
DA:33,0
DA:37,0
DA:38,0
DA:42,0
DA:43,0
DA:53,0
DA:58,0
DA:60,0
DA:61,0
DA:62,0
DA:63,0
DA:69,0
DA:70,0
DA:71,0
DA:72,0
DA:73,0
DA:74,0
DA:76,0
DA:85,0
LF:27
LH:0
BRDA:61,0,0,0
BRDA:61,0,1,0
BRDA:70,1,0,0
BRDA:70,1,1,0
BRDA:71,2,0,0
BRDA:71,2,1,0
BRDA:73,3,0,0
BRDA:73,3,1,0
BRF:8
BRH:0
end_of_record
TN:
SF:src/hooks/useNotifications.ts
FN:14,(anonymous_0)
FN:34,useNotifications
FN:40,(anonymous_2)
FN:43,setup
FN:73,(anonymous_4)
FN:75,(anonymous_5)
FN:83,(anonymous_6)
FN:85,(anonymous_7)
FN:96,(anonymous_8)
FNF:9
FNH:0
FNDA:0,(anonymous_0)
FNDA:0,useNotifications
FNDA:0,(anonymous_2)
FNDA:0,setup
FNDA:0,(anonymous_4)
FNDA:0,(anonymous_5)
FNDA:0,(anonymous_6)
FNDA:0,(anonymous_7)
FNDA:0,(anonymous_8)
DA:13,0
DA:14,0
DA:24,0
DA:25,0
DA:35,0
DA:36,0
DA:37,0
DA:38,0
DA:40,0
DA:41,0
DA:45,0
DA:48,0
DA:49,0
DA:50,0
DA:51,0
DA:52,0
DA:54,0
DA:55,0
DA:56,0
DA:59,0
DA:60,0
DA:61,0
DA:62,0
DA:65,0
DA:68,0
DA:69,0
DA:70,0
DA:73,0
DA:75,0
DA:76,0
DA:77,0
DA:83,0
DA:85,0
DA:86,0
DA:87,0
DA:88,0
DA:89,0
DA:90,0
DA:91,0
DA:92,0
DA:96,0
LF:41
LH:0
BRDA:24,0,0,0
BRDA:24,0,1,0
BRDA:41,1,0,0
BRDA:41,1,1,0
BRDA:45,2,0,0
BRDA:45,2,1,0
BRDA:50,3,0,0
BRDA:50,3,1,0
BRDA:54,4,0,0
BRDA:54,4,1,0
BRDA:60,5,0,0
BRDA:60,5,1,0
BRDA:76,6,0,0
BRDA:76,6,1,0
BRDA:87,7,0,0
BRDA:87,7,1,0
BRDA:87,8,0,0
BRDA:87,8,1,0
BRDA:87,8,2,0
BRDA:88,9,0,0
BRDA:88,9,1,0
BRDA:89,10,0,0
BRDA:89,10,1,0
BRDA:89,11,0,0
BRDA:89,11,1,0
BRDA:89,11,2,0
BRDA:90,12,0,0
BRDA:90,12,1,0
BRDA:91,13,0,0
BRDA:91,13,1,0
BRF:30
BRH:0
end_of_record
TN:
SF:src/hooks/useNotificationsData.ts
FN:26,useNotificationsData
FN:44,(anonymous_1)
FN:71,(anonymous_2)
FN:83,(anonymous_3)
FN:91,(anonymous_4)
FN:95,(anonymous_5)
FN:96,(anonymous_6)
FN:98,(anonymous_7)
FN:107,(anonymous_8)
FN:111,(anonymous_9)
FN:119,(anonymous_10)
FN:121,(anonymous_11)
FN:127,(anonymous_12)
FN:133,(anonymous_13)
FN:137,(anonymous_14)
FN:138,(anonymous_15)
FN:141,(anonymous_16)
FN:149,(anonymous_17)
FN:153,(anonymous_18)
FN:154,(anonymous_19)
FN:165,(anonymous_20)
FN:169,(anonymous_21)
FN:170,(anonymous_22)
FN:170,(anonymous_23)
FN:173,(anonymous_24)
FNF:25
FNH:0
FNDA:0,useNotificationsData
FNDA:0,(anonymous_1)
FNDA:0,(anonymous_2)
FNDA:0,(anonymous_3)
FNDA:0,(anonymous_4)
FNDA:0,(anonymous_5)
FNDA:0,(anonymous_6)
FNDA:0,(anonymous_7)
FNDA:0,(anonymous_8)
FNDA:0,(anonymous_9)
FNDA:0,(anonymous_10)
FNDA:0,(anonymous_11)
FNDA:0,(anonymous_12)
FNDA:0,(anonymous_13)
FNDA:0,(anonymous_14)
FNDA:0,(anonymous_15)
FNDA:0,(anonymous_16)
FNDA:0,(anonymous_17)
FNDA:0,(anonymous_18)
FNDA:0,(anonymous_19)
FNDA:0,(anonymous_20)
FNDA:0,(anonymous_21)
FNDA:0,(anonymous_22)
FNDA:0,(anonymous_23)
FNDA:0,(anonymous_24)
DA:30,0
DA:31,0
DA:33,0
DA:34,0
DA:35,0
DA:36,0
DA:37,0
DA:38,0
DA:40,0
DA:41,0
DA:44,0
DA:45,0
DA:47,0
DA:48,0
DA:49,0
DA:51,0
DA:52,0
DA:57,0
DA:58,0
DA:60,0
DA:61,0
DA:64,0
DA:66,0
DA:71,0
DA:72,0
DA:74,0
DA:75,0
DA:76,0
DA:78,0
DA:83,0
DA:84,0
DA:85,0
DA:86,0
DA:91,0
DA:92,0
DA:95,0
DA:96,0
DA:98,0
DA:99,0
DA:102,0
DA:106,0
DA:107,0
DA:111,0
DA:112,0
DA:113,0
DA:119,0
DA:120,0
DA:121,0
DA:122,0
DA:127,0
DA:128,0
DA:129,0
DA:133,0
DA:134,0
DA:135,0
DA:137,0
DA:138,0
DA:141,0
DA:143,0
DA:144,0
DA:149,0
DA:150,0
DA:151,0
DA:153,0
DA:154,0
DA:157,0
DA:159,0
DA:160,0
DA:165,0
DA:166,0
DA:167,0
DA:169,0
DA:170,0
DA:172,0
DA:173,0
DA:176,0
DA:177,0
DA:181,0
LF:78
LH:0
BRDA:40,0,0,0
BRDA:40,0,1,0
BRDA:44,1,0,0
BRDA:45,2,0,0
BRDA:45,2,1,0
BRDA:51,3,0,0
BRDA:51,3,1,0
BRDA:60,4,0,0
BRDA:60,4,1,0
BRDA:64,5,0,0
BRDA:64,5,1,0
BRDA:72,6,0,0
BRDA:72,6,1,0
BRDA:84,7,0,0
BRDA:84,7,1,0
BRDA:92,8,0,0
BRDA:92,8,1,0
BRDA:98,9,0,0
BRDA:98,9,1,0
BRDA:106,10,0,0
BRDA:106,10,1,0
BRDA:112,11,0,0
BRDA:112,11,1,0
BRDA:120,12,0,0
BRDA:120,12,1,0
BRDA:120,13,0,0
BRDA:120,13,1,0
BRDA:138,14,0,0
BRDA:138,14,1,0
BRDA:172,15,0,0
BRDA:172,15,1,0
BRDA:172,16,0,0
BRDA:172,16,1,0
BRF:33
BRH:0
end_of_record
TN:
SF:src/hooks/useParkPhotos.ts
FN:24,useParkPhotos
FN:30,(anonymous_1)
FN:42,(anonymous_2)
FN:47,(anonymous_3)
FN:55,(anonymous_4)
FN:60,(anonymous_5)
FN:64,(anonymous_6)
FN:69,(anonymous_7)
FN:72,(anonymous_8)
FN:75,(anonymous_9)
FN:77,(anonymous_10)
FN:77,(anonymous_11)
FN:95,(anonymous_12)
FN:96,(anonymous_13)
FN:96,(anonymous_14)
FN:104,(anonymous_15)
FNF:16
FNH:0
FNDA:0,useParkPhotos
FNDA:0,(anonymous_1)
FNDA:0,(anonymous_2)
FNDA:0,(anonymous_3)
FNDA:0,(anonymous_4)
FNDA:0,(anonymous_5)
FNDA:0,(anonymous_6)
FNDA:0,(anonymous_7)
FNDA:0,(anonymous_8)
FNDA:0,(anonymous_9)
FNDA:0,(anonymous_10)
FNDA:0,(anonymous_11)
FNDA:0,(anonymous_12)
FNDA:0,(anonymous_13)
FNDA:0,(anonymous_14)
FNDA:0,(anonymous_15)
DA:25,0
DA:26,0
DA:27,0
DA:28,0
DA:30,0
DA:31,0
DA:32,0
DA:33,0
DA:34,0
DA:36,0
DA:38,0
DA:42,0
DA:43,0
DA:47,0
DA:48,0
DA:50,0
DA:55,0
DA:60,0
DA:64,0
DA:65,0
DA:69,0
DA:70,0
DA:71,0
DA:72,0
DA:75,0
DA:77,0
DA:78,0
DA:79,0
DA:80,0
DA:87,0
DA:88,0
DA:91,0
DA:95,0
DA:96,0
DA:97,0
DA:98,0
DA:100,0
DA:104,0
DA:105,0
DA:108,0
DA:110,0
LF:41
LH:0
BRDA:31,0,0,0
BRDA:31,0,1,0
BRDA:48,1,0,0
BRDA:48,1,1,0
BRDA:70,2,0,0
BRDA:70,2,1,0
BRDA:70,3,0,0
BRDA:70,3,1,0
BRDA:78,4,0,0
BRDA:78,4,1,0
BRDA:83,5,0,0
BRDA:83,5,1,0
BRDA:83,6,0,0
BRDA:83,6,1,0
BRDA:108,7,0,0
BRDA:108,7,1,0
BRF:16
BRH:0
end_of_record
TN:
SF:src/hooks/useParkReviews.ts
FN:25,useParkReviews
FN:32,(anonymous_1)
FN:44,(anonymous_2)
FN:49,(anonymous_3)
FN:57,(anonymous_4)
FN:62,(anonymous_5)
FN:66,(anonymous_6)
FN:72,(anonymous_7)
FN:79,(anonymous_8)
FN:85,(anonymous_9)
FN:87,(anonymous_10)
FN:87,(anonymous_11)
FN:95,(anonymous_12)
FN:114,(anonymous_13)
FN:115,(anonymous_14)
FN:115,(anonymous_15)
FN:123,(anonymous_16)
FNF:17
FNH:0
FNDA:0,useParkReviews
FNDA:0,(anonymous_1)
FNDA:0,(anonymous_2)
FNDA:0,(anonymous_3)
FNDA:0,(anonymous_4)
FNDA:0,(anonymous_5)
FNDA:0,(anonymous_6)
FNDA:0,(anonymous_7)
FNDA:0,(anonymous_8)
FNDA:0,(anonymous_9)
FNDA:0,(anonymous_10)
FNDA:0,(anonymous_11)
FNDA:0,(anonymous_12)
FNDA:0,(anonymous_13)
FNDA:0,(anonymous_14)
FNDA:0,(anonymous_15)
FNDA:0,(anonymous_16)
DA:26,0
DA:27,0
DA:28,0
DA:29,0
DA:30,0
DA:32,0
DA:33,0
DA:34,0
DA:35,0
DA:36,0
DA:38,0
DA:40,0
DA:44,0
DA:45,0
DA:49,0
DA:50,0
DA:52,0
DA:57,0
DA:62,0
DA:66,0
DA:67,0
DA:72,0
DA:73,0
DA:74,0
DA:76,0
DA:79,0
DA:80,0
DA:81,0
DA:82,0
DA:85,0
DA:87,0
DA:88,0
DA:89,0
DA:90,0
DA:92,0
DA:93,0
DA:96,0
DA:97,0
DA:98,0
DA:100,0
DA:104,0
DA:107,0
DA:108,0
DA:110,0
DA:114,0
DA:115,0
DA:116,0
DA:117,0
DA:119,0
DA:123,0
DA:124,0
DA:127,0
LF:52
LH:0
BRDA:33,0,0,0
BRDA:33,0,1,0
BRDA:50,1,0,0
BRDA:50,1,1,0
BRDA:73,2,0,0
BRDA:73,2,1,0
BRDA:74,3,0,0
BRDA:74,3,1,0
BRDA:74,4,0,0
BRDA:74,4,1,0
BRDA:80,5,0,0
BRDA:80,5,1,0
BRDA:88,6,0,0
BRDA:88,6,1,0
BRDA:90,7,0,0
BRDA:90,7,1,0
BRDA:90,8,0,0
BRDA:90,8,1,0
BRDA:92,9,0,0
BRDA:92,9,1,0
BRDA:96,10,0,0
BRDA:96,10,1,0
BRDA:98,11,0,0
BRDA:98,11,1,0
BRDA:98,12,0,0
BRDA:98,12,1,0
BRF:26
BRH:0
end_of_record
TN:
SF:src/hooks/useParks.ts
FN:13,useParks
FN:21,(anonymous_1)
FN:40,(anonymous_2)
FNF:3
FNH:0
FNDA:0,useParks
FNDA:0,(anonymous_1)
FNDA:0,(anonymous_2)
DA:14,0
DA:15,0
DA:18,0
DA:19,0
DA:21,0
DA:22,0
DA:23,0
DA:24,0
DA:25,0
DA:29,0
DA:30,0
DA:33,0
DA:34,0
DA:36,0
DA:40,0
DA:41,0
DA:44,0
LF:17
LH:0
BRDA:33,0,0,0
BRDA:33,0,1,0
BRF:2
BRH:0
end_of_record
TN:
SF:src/hooks/usePlaydateDetail.ts
FN:14,usePlaydateDetail
FN:25,(anonymous_1)
FN:41,(anonymous_2)
FN:51,(anonymous_3)
FN:55,(anonymous_4)
FN:58,(anonymous_5)
FN:61,(anonymous_6)
FN:71,(anonymous_7)
FN:90,(anonymous_8)
FN:96,(anonymous_9)
FN:99,(anonymous_10)
FN:120,(anonymous_11)
FN:125,(anonymous_12)
FN:129,(anonymous_13)
FNF:14
FNH:0
FNDA:0,usePlaydateDetail
FNDA:0,(anonymous_1)
FNDA:0,(anonymous_2)
FNDA:0,(anonymous_3)
FNDA:0,(anonymous_4)
FNDA:0,(anonymous_5)
FNDA:0,(anonymous_6)
FNDA:0,(anonymous_7)
FNDA:0,(anonymous_8)
FNDA:0,(anonymous_9)
FNDA:0,(anonymous_10)
FNDA:0,(anonymous_11)
FNDA:0,(anonymous_12)
FNDA:0,(anonymous_13)
DA:15,0
DA:16,0
DA:17,0
DA:19,0
DA:20,0
DA:21,0
DA:22,0
DA:23,0
DA:25,0
DA:26,0
DA:27,0
DA:28,0
DA:29,0
DA:30,0
DA:31,0
DA:34,0
DA:35,0
DA:37,0
DA:41,0
DA:42,0
DA:45,0
DA:46,0
DA:47,0
DA:48,0
DA:50,0
DA:51,0
DA:54,0
DA:55,0
DA:57,0
DA:58,0
DA:61,0
DA:62,0
DA:63,0
DA:72,0
DA:73,0
DA:74,0
DA:75,0
DA:78,0
DA:79,0
DA:81,0
DA:89,0
DA:91,0
DA:92,0
DA:93,0
DA:94,0
DA:95,0
DA:96,0
DA:97,0
DA:98,0
DA:99,0
DA:101,0
DA:102,0
DA:103,0
DA:105,0
DA:107,0
DA:111,0
DA:112,0
DA:114,0
DA:120,0
DA:121,0
DA:122,0
DA:123,0
DA:124,0
DA:125,0
DA:126,0
DA:127,0
DA:129,0
DA:134,0
DA:135,0
DA:137,0
DA:141,0
LF:71
LH:0
BRDA:26,0,0,0
BRDA:26,0,1,0
BRDA:34,1,0,0
BRDA:34,1,1,0
BRDA:47,2,0,0
BRDA:47,2,1,0
BRDA:47,3,0,0
BRDA:47,3,1,0
BRDA:48,4,0,0
BRDA:48,4,1,0
BRDA:50,5,0,0
BRDA:50,5,1,0
BRDA:54,6,0,0
BRDA:54,6,1,0
BRDA:57,7,0,0
BRDA:57,7,1,0
BRDA:62,8,0,0
BRDA:62,8,1,0
BRDA:78,9,0,0
BRDA:78,9,1,0
BRDA:91,10,0,0
BRDA:91,10,1,0
BRDA:91,11,0,0
BRDA:91,11,1,0
BRDA:97,12,0,0
BRDA:97,12,1,0
BRDA:98,13,0,0
BRDA:98,13,1,0
BRDA:101,14,0,0
BRDA:101,14,1,0
BRDA:102,15,0,0
BRDA:102,15,1,0
BRDA:111,16,0,0
BRDA:111,16,1,0
BRDA:121,17,0,0
BRDA:121,17,1,0
BRDA:121,18,0,0
BRDA:121,18,1,0
BRDA:126,19,0,0
BRDA:126,19,1,0
BRDA:129,20,0,0
BRDA:129,20,1,0
BRDA:134,21,0,0
BRDA:134,21,1,0
BRF:44
BRH:0
end_of_record
TN:
SF:src/hooks/usePlaydateExpiration.ts
FN:8,usePlaydateExpiration
FN:10,(anonymous_1)
FN:19,(anonymous_2)
FN:35,(anonymous_3)
FN:45,usePlaydateRefresh
FN:50,(anonymous_5)
FN:53,(anonymous_6)
FN:57,(anonymous_7)
FNF:8
FNH:0
FNDA:0,usePlaydateExpiration
FNDA:0,(anonymous_1)
FNDA:0,(anonymous_2)
FNDA:0,(anonymous_3)
FNDA:0,usePlaydateRefresh
FNDA:0,(anonymous_5)
FNDA:0,(anonymous_6)
FNDA:0,(anonymous_7)
DA:9,0
DA:11,0
DA:12,0
DA:13,0
DA:19,0
DA:21,0
DA:35,0
DA:36,0
DA:50,0
DA:51,0
DA:53,0
DA:54,0
DA:57,0
LF:13
LH:0
BRDA:11,0,0,0
BRDA:11,0,1,0
BRDA:48,1,0,0
BRDA:51,2,0,0
BRDA:51,2,1,0
BRF:5
BRH:0
end_of_record
TN:
SF:src/hooks/usePlaydates.ts
FN:32,usePlaydates
FN:43,(anonymous_1)
FN:70,(anonymous_2)
FN:75,(anonymous_3)
FN:77,(anonymous_4)
FN:80,(anonymous_5)
FN:85,(anonymous_6)
FN:88,(anonymous_7)
FN:98,(anonymous_8)
FN:100,(anonymous_9)
FN:100,(anonymous_10)
FN:101,(anonymous_11)
FN:102,(anonymous_12)
FN:107,(anonymous_13)
FN:115,(anonymous_14)
FN:116,(anonymous_15)
FN:119,(anonymous_16)
FN:137,(anonymous_17)
FN:140,(anonymous_18)
FN:141,(anonymous_19)
FN:145,(anonymous_20)
FNF:21
FNH:0
FNDA:0,usePlaydates
FNDA:0,(anonymous_1)
FNDA:0,(anonymous_2)
FNDA:0,(anonymous_3)
FNDA:0,(anonymous_4)
FNDA:0,(anonymous_5)
FNDA:0,(anonymous_6)
FNDA:0,(anonymous_7)
FNDA:0,(anonymous_8)
FNDA:0,(anonymous_9)
FNDA:0,(anonymous_10)
FNDA:0,(anonymous_11)
FNDA:0,(anonymous_12)
FNDA:0,(anonymous_13)
FNDA:0,(anonymous_14)
FNDA:0,(anonymous_15)
FNDA:0,(anonymous_16)
FNDA:0,(anonymous_17)
FNDA:0,(anonymous_18)
FNDA:0,(anonymous_19)
FNDA:0,(anonymous_20)
DA:33,0
DA:34,0
DA:36,0
DA:37,0
DA:38,0
DA:39,0
DA:40,0
DA:41,0
DA:43,0
DA:44,0
DA:45,0
DA:46,0
DA:48,0
DA:51,0
DA:52,0
DA:54,0
DA:56,0
DA:57,0
DA:58,0
DA:59,0
DA:63,0
DA:64,0
DA:66,0
DA:70,0
DA:71,0
DA:74,0
DA:76,0
DA:77,0
DA:78,0
DA:79,0
DA:81,0
DA:83,0
DA:85,0
DA:86,0
DA:87,0
DA:89,0
DA:91,0
DA:93,0
DA:98,0
DA:99,0
DA:100,0
DA:101,0
DA:102,0
DA:106,0
DA:112,0
DA:113,0
DA:115,0
DA:116,0
DA:117,0
DA:118,0
DA:119,0
DA:121,0
DA:122,0
DA:123,0
DA:125,0
DA:127,0
DA:130,0
DA:131,0
DA:136,0
DA:138,0
DA:140,0
DA:141,0
DA:142,0
DA:143,0
DA:145,0
DA:149,0
DA:150,0
DA:155,0
LF:68
LH:0
BRDA:48,0,0,0
BRDA:48,0,1,0
BRDA:54,1,0,0
BRDA:54,1,1,0
BRDA:63,2,0,0
BRDA:63,2,1,0
BRDA:102,3,0,0
BRDA:102,3,1,0
BRDA:110,4,0,0
BRDA:112,5,0,0
BRDA:112,5,1,0
BRDA:117,6,0,0
BRDA:117,6,1,0
BRDA:118,7,0,0
BRDA:118,7,1,0
BRDA:121,8,0,0
BRDA:121,8,1,0
BRDA:122,9,0,0
BRDA:122,9,1,0
BRDA:142,10,0,0
BRDA:142,10,1,0
BRDA:145,11,0,0
BRDA:145,11,1,0
BRF:23
BRH:0
end_of_record
TN:
SF:src/hooks/useRecentActivity.ts
FN:27,useRecentActivity
FN:31,(anonymous_1)
FN:49,(anonymous_2)
FN:64,(anonymous_3)
FN:84,(anonymous_4)
FN:87,(anonymous_5)
FN:102,(anonymous_6)
FN:112,(anonymous_7)
FNF:8
FNH:0
FNDA:0,useRecentActivity
FNDA:0,(anonymous_1)
FNDA:0,(anonymous_2)
FNDA:0,(anonymous_3)
FNDA:0,(anonymous_4)
FNDA:0,(anonymous_5)
FNDA:0,(anonymous_6)
FNDA:0,(anonymous_7)
DA:28,0
DA:29,0
DA:31,0
DA:32,0
DA:33,0
DA:34,0
DA:35,0
DA:38,0
DA:40,0
DA:46,0
DA:49,0
DA:50,0
DA:51,0
DA:64,0
DA:65,0
DA:66,0
DA:67,0
DA:69,0
DA:82,0
DA:83,0
DA:84,0
DA:87,0
DA:88,0
DA:89,0
DA:102,0
DA:103,0
DA:105,0
DA:106,0
DA:108,0
DA:112,0
DA:113,0
DA:116,0
LF:32
LH:0
BRDA:32,0,0,0
BRDA:32,0,1,0
BRDA:50,1,0,0
BRDA:50,1,1,0
BRDA:66,2,0,0
BRDA:66,2,1,0
BRDA:67,3,0,0
BRDA:67,3,1,0
BRDA:67,3,2,0
BRDA:88,4,0,0
BRDA:88,4,1,0
BRF:11
BRH:0
end_of_record
TN:
SF:src/hooks/useResponsiveLayout.ts
FN:10,useResponsiveLayout
FNF:1
FNH:0
FNDA:0,useResponsiveLayout
DA:3,0
DA:11,0
DA:13,0
DA:14,0
DA:15,0
DA:16,0
DA:17,0
DA:18,0
DA:20,0
LF:9
LH:0
BRDA:14,0,0,0
BRDA:14,0,1,0
BRF:2
BRH:0
end_of_record
TN:
SF:src/hooks/useUserProfile.ts
FN:17,useUserProfile
FN:29,(anonymous_1)
FN:55,(anonymous_2)
FN:65,(anonymous_3)
FN:79,(anonymous_4)
FN:93,(anonymous_5)
FN:107,(anonymous_6)
FN:121,(anonymous_7)
FN:134,(anonymous_8)
FN:149,(anonymous_9)
FN:167,(anonymous_10)
FNF:11
FNH:0
FNDA:0,useUserProfile
FNDA:0,(anonymous_1)
FNDA:0,(anonymous_2)
FNDA:0,(anonymous_3)
FNDA:0,(anonymous_4)
FNDA:0,(anonymous_5)
FNDA:0,(anonymous_6)
FNDA:0,(anonymous_7)
FNDA:0,(anonymous_8)
FNDA:0,(anonymous_9)
FNDA:0,(anonymous_10)
DA:18,0
DA:19,0
DA:20,0
DA:22,0
DA:23,0
DA:24,0
DA:25,0
DA:26,0
DA:27,0
DA:29,0
DA:30,0
DA:31,0
DA:32,0
DA:36,0
DA:37,0
DA:38,0
DA:40,0
DA:41,0
DA:45,0
DA:46,0
DA:49,0
DA:51,0
DA:55,0
DA:56,0
DA:59,0
DA:60,0
DA:61,0
DA:62,0
DA:63,0
DA:65,0
DA:66,0
DA:67,0
DA:68,0
DA:69,0
DA:70,0
DA:72,0
DA:73,0
DA:75,0
DA:79,0
DA:80,0
DA:81,0
DA:82,0
DA:83,0
DA:84,0
DA:86,0
DA:87,0
DA:89,0
DA:93,0
DA:94,0
DA:95,0
DA:96,0
DA:97,0
DA:98,0
DA:100,0
DA:101,0
DA:103,0
DA:107,0
DA:108,0
DA:110,0
DA:112,0
DA:114,0
DA:121,0
DA:122,0
DA:123,0
DA:124,0
DA:125,0
DA:126,0
DA:128,0
DA:130,0
DA:134,0
DA:135,0
DA:136,0
DA:137,0
DA:138,0
DA:139,0
DA:140,0
DA:142,0
DA:143,0
DA:145,0
DA:149,0
DA:150,0
DA:152,0
DA:154,0
DA:156,0
DA:167,0
DA:168,0
DA:169,0
DA:170,0
DA:171,0
DA:172,0
DA:174,0
DA:175,0
DA:177,0
DA:181,0
DA:182,0
DA:184,0
LF:96
LH:0
BRDA:30,0,0,0
BRDA:30,0,1,0
BRDA:36,1,0,0
BRDA:36,1,1,0
BRDA:40,2,0,0
BRDA:40,2,1,0
BRDA:40,3,0,0
BRDA:40,3,1,0
BRDA:61,4,0,0
BRDA:61,4,1,0
BRDA:62,5,0,0
BRDA:62,5,1,0
BRDA:66,6,0,0
BRDA:66,6,1,0
BRDA:66,7,0,0
BRDA:66,7,1,0
BRDA:72,8,0,0
BRDA:72,8,1,0
BRDA:80,9,0,0
BRDA:80,9,1,0
BRDA:86,10,0,0
BRDA:86,10,1,0
BRDA:94,11,0,0
BRDA:94,11,1,0
BRDA:100,12,0,0
BRDA:100,12,1,0
BRDA:108,13,0,0
BRDA:108,13,1,0
BRDA:110,14,0,0
BRDA:110,14,1,0
BRDA:122,15,0,0
BRDA:122,15,1,0
BRDA:135,16,0,0
BRDA:135,16,1,0
BRDA:142,17,0,0
BRDA:142,17,1,0
BRDA:150,18,0,0
BRDA:150,18,1,0
BRDA:152,19,0,0
BRDA:152,19,1,0
BRDA:168,20,0,0
BRDA:168,20,1,0
BRDA:174,21,0,0
BRDA:174,21,1,0
BRF:44
BRH:0
end_of_record
TN:
SF:src/lib/storage.ts
FN:11,generateKey
FN:19,getOrCreateKey
FN:29,encrypt
FN:36,decrypt
FN:45,(anonymous_4)
FN:49,(anonymous_5)
FN:53,(anonymous_6)
FN:60,(anonymous_7)
FN:70,(anonymous_8)
FN:80,(anonymous_9)
FNF:10
FNH:0
FNDA:0,generateKey
FNDA:0,getOrCreateKey
FNDA:0,encrypt
FNDA:0,decrypt
FNDA:0,(anonymous_4)
FNDA:0,(anonymous_5)
FNDA:0,(anonymous_6)
FNDA:0,(anonymous_7)
FNDA:0,(anonymous_8)
FNDA:0,(anonymous_9)
DA:9,0
DA:12,0
DA:13,0
DA:14,0
DA:16,0
DA:20,0
DA:21,0
DA:22,0
DA:24,0
DA:25,0
DA:26,0
DA:30,0
DA:31,0
DA:32,0
DA:33,0
DA:37,0
DA:38,0
DA:39,0
DA:40,0
DA:44,0
DA:46,0
DA:47,0
DA:50,0
DA:51,0
DA:54,0
DA:55,0
DA:59,0
DA:61,0
DA:62,0
DA:64,0
DA:65,0
DA:66,0
DA:67,0
DA:71,0
DA:72,0
DA:73,0
DA:75,0
DA:76,0
DA:77,0
DA:81,0
DA:82,0
DA:83,0
DA:85,0
LF:43
LH:0
BRDA:21,0,0,0
BRDA:21,0,1,0
BRDA:46,1,0,0
BRDA:46,1,1,0
BRDA:50,2,0,0
BRDA:50,2,1,0
BRDA:54,3,0,0
BRDA:54,3,1,0
BRDA:61,4,0,0
BRDA:61,4,1,0
BRDA:65,5,0,0
BRDA:65,5,1,0
BRDA:71,6,0,0
BRDA:71,6,1,0
BRDA:81,7,0,0
BRDA:81,7,1,0
BRF:16
BRH:0
end_of_record
TN:
SF:src/lib/supabase.ts
FNF:0
FNH:0
DA:5,0
DA:6,0
DA:8,0
LF:3
LH:0
BRF:0
BRH:0
end_of_record
TN:
SF:src/providers/AuthProvider.tsx
FN:21,(anonymous_0)
FN:24,AuthProvider
FN:28,(anonymous_2)
FN:33,(anonymous_3)
FN:34,(anonymous_4)
FN:41,(anonymous_5)
FN:45,(anonymous_6)
FN:49,(anonymous_7)
FNF:8
FNH:0
FNDA:0,(anonymous_0)
FNDA:0,AuthProvider
FNDA:0,(anonymous_2)
FNDA:0,(anonymous_3)
FNDA:0,(anonymous_4)
FNDA:0,(anonymous_5)
FNDA:0,(anonymous_6)
FNDA:0,(anonymous_7)
DA:18,0
DA:25,0
DA:26,0
DA:28,0
DA:29,0
DA:30,0
DA:33,0
DA:34,0
DA:35,0
DA:36,0
DA:41,0
DA:42,0
DA:45,0
DA:49,0
DA:50,0
DA:56,0
DA:60,0
LF:17
LH:0
BRDA:50,0,0,0
BRDA:50,0,1,0
BRDA:51,1,0,0
BRDA:51,1,1,0
BRDA:51,1,2,0
BRDA:51,1,3,0
BRF:6
BRH:0
end_of_record
TN:
SF:src/providers/ModerationProvider.tsx
FN:23,ModerationProvider
FN:41,useModerationStatus
FNF:2
FNH:0
FNDA:0,ModerationProvider
FNDA:0,useModerationStatus
DA:11,0
DA:24,0
DA:42,0
LF:3
LH:0
BRF:0
BRH:0
end_of_record
TN:
SF:src/services/auth.ts
FN:20,signInWithEmail
FN:29,signUpWithEmail
FN:45,signOut
FN:50,updateProfile
FN:72,deleteAccount
FN:97,signInWithGoogle
FN:104,signInWithGoogleNative
FN:123,signInWithGoogleWeb
FN:136,signInWithApple
FN:143,signInWithAppleNative
FN:191,signInWithAppleWeb
FN:233,readFileForUpload
FN:243,deleteUserAvatar
FN:250,(anonymous_13)
FN:258,uploadUserAvatar
FNF:15
FNH:13
FNDA:2,signInWithEmail
FNDA:2,signUpWithEmail
FNDA:2,signOut
FNDA:4,updateProfile
FNDA:3,deleteAccount
FNDA:2,signInWithGoogle
FNDA:2,signInWithGoogleNative
FNDA:0,signInWithGoogleWeb
FNDA:3,signInWithApple
FNDA:3,signInWithAppleNative
FNDA:0,signInWithAppleWeb
FNDA:2,readFileForUpload
FNDA:2,deleteUserAvatar
FNDA:1,(anonymous_13)
FNDA:2,uploadUserAvatar
DA:10,1
DA:11,1
DA:12,1
DA:13,1
DA:14,1
DA:21,2
DA:25,2
DA:26,1
DA:34,2
DA:41,2
DA:42,1
DA:46,2
DA:47,2
DA:51,4
DA:54,4
DA:57,3
DA:58,3
DA:59,3
DA:61,3
DA:62,3
DA:66,3
DA:69,3
DA:75,3
DA:76,3
DA:77,1
DA:80,2
DA:86,2
DA:87,1
DA:88,1
DA:92,1
DA:98,2
DA:99,0
DA:101,2
DA:105,2
DA:107,2
DA:108,2
DA:110,2
DA:111,1
DA:114,1
DA:119,1
DA:120,1
DA:124,0
DA:130,0
DA:131,0
DA:137,3
DA:138,3
DA:140,0
DA:144,3
DA:145,3
DA:150,3
DA:158,3
DA:159,1
DA:162,2
DA:168,2
DA:171,2
DA:172,1
DA:179,1
DA:180,1
DA:181,1
DA:188,2
DA:192,0
DA:193,0
DA:199,0
DA:200,0
DA:204,0
DA:205,0
DA:212,0
DA:214,0
DA:215,0
DA:216,0
DA:217,0
DA:218,0
DA:219,0
DA:220,0
DA:221,0
DA:222,0
DA:230,0
DA:234,2
DA:235,0
DA:236,0
DA:239,2
DA:240,2
DA:245,2
DA:249,2
DA:250,1
DA:251,1
DA:255,2
DA:262,2
DA:263,2
DA:265,2
DA:267,2
DA:274,2
DA:276,1
DA:280,1
LF:94
LH:70
BRDA:11,0,0,1
BRDA:11,0,1,0
BRDA:25,1,0,1
BRDA:25,1,1,1
BRDA:41,2,0,1
BRDA:41,2,1,1
BRDA:47,3,0,1
BRDA:47,3,1,1
BRDA:54,4,0,1
BRDA:54,4,1,3
BRDA:58,5,0,1
BRDA:58,5,1,2
BRDA:59,6,0,2
BRDA:59,6,1,1
BRDA:61,7,0,3
BRDA:61,7,1,0
BRDA:66,8,0,0
BRDA:66,8,1,3
BRDA:76,9,0,1
BRDA:76,9,1,2
BRDA:76,10,0,3
BRDA:76,10,1,2
BRDA:86,11,0,1
BRDA:86,11,1,1
BRDA:87,12,0,1
BRDA:87,12,1,0
BRDA:87,12,2,0
BRDA:98,13,0,0
BRDA:98,13,1,2
BRDA:105,14,0,0
BRDA:105,14,1,2
BRDA:110,15,0,1
BRDA:110,15,1,1
BRDA:119,16,0,0
BRDA:119,16,1,1
BRDA:130,17,0,0
BRDA:130,17,1,0
BRDA:137,18,0,3
BRDA:137,18,1,0
BRDA:158,19,0,1
BRDA:158,19,1,2
BRDA:168,20,0,0
BRDA:168,20,1,2
BRDA:171,21,0,1
BRDA:171,21,1,1
BRDA:180,22,0,1
BRDA:180,22,1,0
BRDA:192,23,0,0
BRDA:192,23,1,0
BRDA:199,24,0,0
BRDA:199,24,1,0
BRDA:212,25,0,0
BRDA:212,25,1,0
BRDA:214,26,0,0
BRDA:214,26,1,0
BRDA:216,27,0,0
BRDA:216,27,1,0
BRDA:221,28,0,0
BRDA:221,28,1,0
BRDA:221,29,0,0
BRDA:221,29,1,0
BRDA:234,30,0,0
BRDA:234,30,1,2
BRDA:249,31,0,1
BRDA:249,31,1,1
BRDA:249,32,0,2
BRDA:249,32,1,2
BRDA:274,33,0,1
BRDA:274,33,1,1
BRF:69
BRH:41
end_of_record
TN:
SF:src/services/blocks.ts
FN:7,blockUser
FN:21,unblockUser
FN:38,getBlockStatus
FN:52,getBlockedUsers
FN:63,(anonymous_4)
FNF:5
FNH:5
FNDA:3,blockUser
FNDA:2,unblockUser
FNDA:3,getBlockStatus
FNDA:3,getBlockedUsers
FNDA:1,(anonymous_4)
DA:8,3
DA:9,3
DA:11,2
DA:15,2
DA:22,2
DA:23,2
DA:25,1
DA:31,1
DA:41,3
DA:45,3
DA:46,2
DA:53,3
DA:54,3
DA:56,2
DA:62,2
DA:63,2
LF:16
LH:16
BRDA:9,0,0,1
BRDA:9,0,1,2
BRDA:15,1,0,1
BRDA:15,1,1,1
BRDA:23,2,0,1
BRDA:23,2,1,1
BRDA:31,3,0,0
BRDA:31,3,1,1
BRDA:45,4,0,1
BRDA:45,4,1,2
BRDA:54,5,0,1
BRDA:54,5,1,2
BRDA:62,6,0,0
BRDA:62,6,1,2
BRDA:63,7,0,2
BRDA:63,7,1,0
BRF:16
BRH:13
end_of_record
TN:
SF:src/services/checkins.ts
FN:11,checkIn
FN:25,(anonymous_1)
FN:54,checkOut
FN:67,getActiveCheckIns
FN:87,(anonymous_4)
FN:101,(anonymous_5)
FN:102,(anonymous_6)
FN:115,getAllActiveCheckIns
FN:135,(anonymous_8)
FN:150,(anonymous_9)
FN:151,(anonymous_10)
FN:163,getUserRecentCheckIns
FN:181,(anonymous_12)
FN:195,getUserActiveCheckIn
FN:232,(anonymous_14)
FN:233,(anonymous_15)
FNF:16
FNH:14
FNDA:4,checkIn
FNDA:2,(anonymous_1)
FNDA:2,checkOut
FNDA:2,getActiveCheckIns
FNDA:1,(anonymous_4)
FNDA:1,(anonymous_5)
FNDA:1,(anonymous_6)
FNDA:1,getAllActiveCheckIns
FNDA:1,(anonymous_8)
FNDA:0,(anonymous_9)
FNDA:0,(anonymous_10)
FNDA:1,getUserRecentCheckIns
FNDA:1,(anonymous_12)
FNDA:2,getUserActiveCheckIn
FNDA:1,(anonymous_14)
FNDA:1,(anonymous_15)
DA:16,4
DA:22,4
DA:24,3
DA:25,2
DA:30,2
DA:34,2
DA:36,1
DA:37,1
DA:42,2
DA:48,2
DA:55,2
DA:60,2
DA:68,2
DA:84,2
DA:87,2
DA:88,1
DA:92,1
DA:101,1
DA:102,1
DA:107,2
DA:116,1
DA:132,1
DA:135,1
DA:136,1
DA:140,1
DA:150,0
DA:151,0
DA:156,1
DA:167,1
DA:179,1
DA:181,1
DA:198,2
DA:216,2
DA:217,2
DA:219,1
DA:223,1
DA:232,1
DA:233,1
LF:38
LH:36
BRDA:22,0,0,1
BRDA:22,0,1,3
BRDA:24,1,0,2
BRDA:24,1,1,1
BRDA:34,2,0,1
BRDA:34,2,1,1
BRDA:60,3,0,1
BRDA:60,3,1,1
BRDA:84,4,0,0
BRDA:84,4,1,2
BRDA:87,5,0,2
BRDA:87,5,1,0
BRDA:98,6,0,1
BRDA:98,6,1,0
BRDA:99,7,0,1
BRDA:99,7,1,0
BRDA:132,8,0,0
BRDA:132,8,1,1
BRDA:135,9,0,1
BRDA:135,9,1,0
BRDA:146,10,0,1
BRDA:146,10,1,0
BRDA:147,11,0,1
BRDA:147,11,1,0
BRDA:148,12,0,1
BRDA:148,12,1,0
BRDA:165,13,0,1
BRDA:179,14,0,0
BRDA:179,14,1,1
BRDA:181,15,0,1
BRDA:181,15,1,0
BRDA:187,16,0,1
BRDA:187,16,1,0
BRDA:216,17,0,0
BRDA:216,17,1,2
BRDA:217,18,0,1
BRDA:217,18,1,1
BRDA:229,19,0,1
BRDA:229,19,1,0
BRDA:230,20,0,1
BRDA:230,20,1,0
BRF:41
BRH:26
end_of_record
TN:
SF:src/services/dogs.ts
FN:12,getDogsByOwner
FN:24,getDogWithOwner
FN:35,getDogById
FN:46,createDog
FN:57,updateDog
FN:69,deleteDog
FN:78,uploadDogPhoto
FNF:7
FNH:7
FNDA:2,getDogsByOwner
FNDA:1,getDogWithOwner
FNDA:1,getDogById
FNDA:2,createDog
FNDA:1,updateDog
FNDA:1,deleteDog
FNDA:2,uploadDogPhoto
DA:13,2
DA:20,2
DA:21,1
DA:25,1
DA:31,1
DA:32,1
DA:36,1
DA:42,1
DA:43,1
DA:47,2
DA:53,2
DA:54,1
DA:58,1
DA:65,1
DA:66,1
DA:70,1
DA:75,1
DA:82,2
DA:83,2
DA:85,2
DA:87,2
DA:94,2
DA:96,1
DA:100,1
LF:24
LH:24
BRDA:20,0,0,1
BRDA:20,0,1,1
BRDA:31,1,0,0
BRDA:31,1,1,1
BRDA:42,2,0,0
BRDA:42,2,1,1
BRDA:53,3,0,1
BRDA:53,3,1,1
BRDA:65,4,0,0
BRDA:65,4,1,1
BRDA:75,5,0,0
BRDA:75,5,1,1
BRDA:94,6,0,1
BRDA:94,6,1,1
BRF:14
BRH:10
end_of_record
TN:
SF:src/services/friends.ts
FN:13,getFriends
FN:22,getPendingRequests
FN:39,getSentRequests
FN:56,sendFriendRequest
FN:93,acceptFriendRequest
FN:107,declineFriendRequest
FN:121,removeFriend
FN:133,removeFriendByUserId
FN:145,getRecentFriendships
FN:164,getFriendshipStatus
FNF:10
FNH:10
FNDA:2,getFriends
FNDA:1,getPendingRequests
FNDA:1,getSentRequests
FNDA:4,sendFriendRequest
FNDA:1,acceptFriendRequest
FNDA:1,declineFriendRequest
FNDA:2,removeFriend
FNDA:2,removeFriendByUserId
FNDA:1,getRecentFriendships
FNDA:4,getFriendshipStatus
DA:4,1
DA:14,2
DA:15,2
DA:16,1
DA:25,1
DA:32,1
DA:33,1
DA:42,1
DA:49,1
DA:50,1
DA:61,4
DA:70,4
DA:71,3
DA:80,1
DA:86,1
DA:87,1
DA:96,1
DA:101,1
DA:110,1
DA:115,1
DA:122,2
DA:127,2
DA:137,2
DA:138,2
DA:139,1
DA:149,1
DA:157,1
DA:158,1
DA:168,4
DA:177,4
DA:178,4
LF:31
LH:31
BRDA:15,0,0,1
BRDA:15,0,1,1
BRDA:32,1,0,0
BRDA:32,1,1,1
BRDA:49,2,0,0
BRDA:49,2,1,1
BRDA:70,3,0,3
BRDA:70,3,1,1
BRDA:72,4,0,1
BRDA:72,4,1,2
BRDA:74,5,0,1
BRDA:74,5,1,1
BRDA:86,6,0,0
BRDA:86,6,1,1
BRDA:101,7,0,0
BRDA:101,7,1,1
BRDA:115,8,0,0
BRDA:115,8,1,1
BRDA:127,9,0,0
BRDA:127,9,1,2
BRDA:138,10,0,1
BRDA:138,10,1,1
BRDA:147,11,0,1
BRDA:157,12,0,0
BRDA:157,12,1,1
BRDA:177,13,0,0
BRDA:177,13,1,4
BRF:27
BRH:19
end_of_record
TN:
SF:src/services/messages.ts
FN:16,getConversations
FN:30,getOrCreateConversation
FN:53,getMessages
FN:78,sendMessage
FN:115,markConversationRead
FNF:5
FNH:5
FNDA:2,getConversations
FNDA:4,getOrCreateConversation
FNDA:1,getMessages
FNDA:3,sendMessage
FNDA:1,markConversationRead
DA:5,1
DA:17,2
DA:22,2
DA:23,1
DA:33,4
DA:37,4
DA:38,3
DA:39,1
DA:41,2
DA:42,1
DA:44,1
DA:46,1
DA:58,1
DA:65,1
DA:66,0
DA:69,1
DA:70,1
DA:71,1
DA:83,3
DA:84,3
DA:85,1
DA:90,2
DA:100,2
DA:103,1
DA:109,1
DA:119,1
DA:125,1
LF:27
LH:26
BRDA:22,0,0,1
BRDA:22,0,1,1
BRDA:37,1,0,3
BRDA:37,1,1,1
BRDA:38,2,0,1
BRDA:38,2,1,2
BRDA:41,3,0,1
BRDA:41,3,1,1
BRDA:55,4,0,1
BRDA:65,5,0,0
BRDA:65,5,1,1
BRDA:70,6,0,0
BRDA:70,6,1,1
BRDA:84,7,0,1
BRDA:84,7,1,2
BRDA:100,8,0,1
BRDA:100,8,1,1
BRDA:125,9,0,0
BRDA:125,9,1,1
BRF:19
BRH:16
end_of_record
TN:
SF:src/services/moderation.ts
FN:32,initializeModerationModel
FN:36,isModerationModelLoaded
FN:40,isModerationModelLoading
FN:44,getModerationLoadError
FN:48,isModerationAvailable
FN:52,moderateImage
FN:56,isImageSafe
FN:60,getModerationMessage
FN:66,showModerationAlert
FN:70,preloadModerationModel
FNF:10
FNH:10
FNDA:1,initializeModerationModel
FNDA:1,isModerationModelLoaded
FNDA:1,isModerationModelLoading
FNDA:1,getModerationLoadError
FNDA:1,isModerationAvailable
FNDA:1,moderateImage
FNDA:1,isImageSafe
FNDA:2,getModerationMessage
FNDA:1,showModerationAlert
FNDA:1,preloadModerationModel
DA:25,1
DA:33,1
DA:37,1
DA:41,1
DA:45,1
DA:49,1
DA:53,1
DA:57,1
DA:61,2
LF:9
LH:9
BRDA:61,0,0,1
BRDA:61,0,1,1
BRF:2
BRH:2
end_of_record
TN:
SF:src/services/notifications.ts
FN:8,registerPushToken
FN:27,removePushToken
FN:65,getNotifications
FN:97,getUnreadCount
FN:110,markNotificationAsRead
FN:122,markAllNotificationsAsRead
FN:139,deleteNotification
FN:151,cleanupOldNotifications
FN:161,subscribeToNotifications
FN:175,(anonymous_9)
FNF:10
FNH:9
FNDA:2,registerPushToken
FNDA:1,removePushToken
FNDA:3,getNotifications
FNDA:2,getUnreadCount
FNDA:1,markNotificationAsRead
FNDA:2,markAllNotificationsAsRead
FNDA:1,deleteNotification
FNDA:1,cleanupOldNotifications
FNDA:1,subscribeToNotifications
FNDA:0,(anonymous_9)
DA:12,2
DA:14,2
DA:21,2
DA:28,1
DA:33,1
DA:69,3
DA:71,3
DA:84,3
DA:85,1
DA:88,3
DA:90,3
DA:91,2
DA:98,2
DA:103,2
DA:104,2
DA:111,1
DA:116,1
DA:123,2
DA:125,2
DA:127,1
DA:132,1
DA:140,1
DA:145,1
DA:152,1
DA:154,1
DA:155,1
DA:165,1
DA:176,0
DA:181,1
LF:29
LH:28
BRDA:21,0,0,1
BRDA:21,0,1,1
BRDA:33,1,0,0
BRDA:33,1,1,1
BRDA:69,2,0,3
BRDA:69,2,1,3
BRDA:84,3,0,1
BRDA:84,3,1,2
BRDA:90,4,0,1
BRDA:90,4,1,2
BRDA:91,5,0,2
BRDA:91,5,1,0
BRDA:103,6,0,0
BRDA:103,6,1,2
BRDA:104,7,0,2
BRDA:104,7,1,1
BRDA:116,8,0,0
BRDA:116,8,1,1
BRDA:125,9,0,1
BRDA:125,9,1,1
BRDA:132,10,0,0
BRDA:132,10,1,1
BRDA:145,11,0,0
BRDA:145,11,1,1
BRDA:154,12,0,0
BRDA:154,12,1,1
BRDA:155,13,0,1
BRDA:155,13,1,0
BRF:28
BRH:20
end_of_record
TN:
SF:src/services/parkPhotos.ts
FN:5,uploadParkPhoto
FN:42,getParkPhotos
FN:58,(anonymous_2)
FN:74,(anonymous_3)
FN:81,(anonymous_4)
FN:88,(anonymous_5)
FN:93,voteParkPhoto
FN:111,unvoteParkPhoto
FN:124,deleteParkPhoto
FN:143,getFeaturedPhotosForParks
FN:157,(anonymous_10)
FN:184,reportParkPhoto
FNF:12
FNH:11
FNDA:2,uploadParkPhoto
FNDA:2,getParkPhotos
FNDA:2,(anonymous_2)
FNDA:1,(anonymous_3)
FNDA:2,(anonymous_4)
FNDA:0,(anonymous_5)
FNDA:3,voteParkPhoto
FNDA:2,unvoteParkPhoto
FNDA:1,deleteParkPhoto
FNDA:2,getFeaturedPhotosForParks
FNDA:2,(anonymous_10)
FNDA:3,reportParkPhoto
DA:10,2
DA:11,2
DA:13,2
DA:15,2
DA:22,2
DA:24,1
DA:28,1
DA:38,1
DA:39,1
DA:46,2
DA:52,2
DA:55,2
DA:58,2
DA:61,2
DA:62,2
DA:64,2
DA:65,2
DA:69,2
DA:70,1
DA:74,1
DA:76,1
DA:77,1
DA:81,2
DA:88,2
DA:90,2
DA:94,3
DA:95,3
DA:97,2
DA:101,2
DA:102,1
DA:104,1
DA:105,1
DA:107,0
DA:112,2
DA:113,2
DA:115,2
DA:121,2
DA:126,1
DA:127,1
DA:128,1
DA:131,1
DA:136,1
DA:146,2
DA:149,1
DA:154,1
DA:157,2
DA:158,1
DA:163,1
DA:164,1
DA:165,2
DA:169,1
DA:170,1
DA:171,2
DA:172,2
DA:173,2
DA:177,1
DA:178,1
DA:179,1
DA:181,1
DA:189,3
DA:190,3
DA:192,2
DA:199,2
DA:200,1
DA:201,1
DA:203,0
LF:66
LH:64
BRDA:22,0,0,1
BRDA:22,0,1,1
BRDA:38,1,0,0
BRDA:38,1,1,1
BRDA:52,2,0,0
BRDA:52,2,1,2
BRDA:64,3,0,2
BRDA:64,3,1,0
BRDA:65,4,0,2
BRDA:65,4,1,1
BRDA:69,5,0,1
BRDA:69,5,1,1
BRDA:76,6,0,1
BRDA:76,6,1,0
BRDA:83,7,0,2
BRDA:83,7,1,1
BRDA:88,8,0,0
BRDA:88,8,1,0
BRDA:88,9,0,0
BRDA:88,9,1,0
BRDA:95,10,0,1
BRDA:95,10,1,2
BRDA:101,11,0,1
BRDA:101,11,1,1
BRDA:102,12,0,1
BRDA:102,12,1,0
BRDA:113,13,0,0
BRDA:113,13,1,2
BRDA:121,14,0,0
BRDA:121,14,1,2
BRDA:127,15,0,1
BRDA:127,15,1,0
BRDA:136,16,0,0
BRDA:136,16,1,1
BRDA:146,17,0,1
BRDA:146,17,1,1
BRDA:154,18,0,0
BRDA:154,18,1,1
BRDA:154,19,0,1
BRDA:154,19,1,1
BRDA:154,19,2,1
BRDA:164,20,0,1
BRDA:164,20,1,0
BRDA:165,21,0,2
BRDA:165,21,1,1
BRDA:171,22,0,2
BRDA:171,22,1,1
BRDA:172,23,0,2
BRDA:172,23,1,0
BRDA:172,24,0,2
BRDA:172,24,1,1
BRDA:190,25,0,1
BRDA:190,25,1,2
BRDA:196,26,0,2
BRDA:196,26,1,2
BRDA:199,27,0,1
BRDA:199,27,1,1
BRDA:200,28,0,1
BRDA:200,28,1,0
BRF:59
BRH:42
end_of_record
TN:
SF:src/services/parkReviews.ts
FN:5,createParkReview
FN:33,getParkReviews
FN:45,(anonymous_2)
FN:73,(anonymous_3)
FN:97,(anonymous_4)
FN:109,voteParkReview
FN:126,unvoteParkReview
FN:139,deleteParkReview
FN:148,reportParkReview
FNF:9
FNH:8
FNDA:3,createParkReview
FNDA:2,getParkReviews
FNDA:3,(anonymous_2)
FNDA:3,(anonymous_3)
FNDA:0,(anonymous_4)
FNDA:3,voteParkReview
FNDA:2,unvoteParkReview
FNDA:1,deleteParkReview
FNDA:3,reportParkReview
DA:10,3
DA:11,3
DA:13,2
DA:14,2
DA:15,1
DA:18,1
DA:29,1
DA:30,1
DA:37,2
DA:43,2
DA:45,3
DA:48,2
DA:53,2
DA:54,2
DA:55,2
DA:59,2
DA:60,2
DA:61,1
DA:67,1
DA:68,1
DA:73,3
DA:80,2
DA:81,2
DA:83,2
DA:84,3
DA:85,1
DA:86,1
DA:88,1
DA:90,2
DA:95,2
DA:96,1
DA:97,0
DA:102,2
DA:103,2
DA:106,2
DA:110,3
DA:111,3
DA:113,2
DA:117,2
DA:118,1
DA:119,1
DA:120,1
DA:122,0
DA:127,2
DA:128,2
DA:130,2
DA:136,2
DA:140,1
DA:145,1
DA:153,3
DA:154,3
DA:156,2
DA:163,2
DA:164,1
DA:165,1
DA:167,0
LF:56
LH:53
BRDA:11,0,0,1
BRDA:11,0,1,2
BRDA:14,1,0,1
BRDA:14,1,1,1
BRDA:23,2,0,1
BRDA:23,2,1,1
BRDA:29,3,0,0
BRDA:29,3,1,1
BRDA:43,4,0,0
BRDA:43,4,1,2
BRDA:54,5,0,2
BRDA:54,5,1,0
BRDA:55,6,0,2
BRDA:55,6,1,1
BRDA:60,7,0,1
BRDA:60,7,1,1
BRDA:67,8,0,1
BRDA:67,8,1,0
BRDA:75,9,0,3
BRDA:75,9,1,2
BRDA:84,10,0,1
BRDA:84,10,1,2
BRDA:85,11,0,1
BRDA:85,11,1,0
BRDA:103,12,0,2
BRDA:103,12,1,1
BRDA:111,13,0,1
BRDA:111,13,1,2
BRDA:117,14,0,1
BRDA:117,14,1,1
BRDA:118,15,0,1
BRDA:118,15,1,0
BRDA:128,16,0,0
BRDA:128,16,1,2
BRDA:136,17,0,0
BRDA:136,17,1,2
BRDA:145,18,0,0
BRDA:145,18,1,1
BRDA:154,19,0,1
BRDA:154,19,1,2
BRDA:160,20,0,2
BRDA:160,20,1,2
BRDA:163,21,0,1
BRDA:163,21,1,1
BRDA:164,22,0,1
BRDA:164,22,1,0
BRF:46
BRH:36
end_of_record
TN:
SF:src/services/parks.ts
FN:15,boundingBoxFromCenter
FN:34,getParksInBounds
FN:51,getAllParks
FN:69,getParksNearby
FN:96,getActiveCheckInCounts
FN:122,getParkById
FN:145,getParkByShortId
FN:157,(anonymous_7)
FN:171,getParkBySlug
FN:192,(anonymous_9)
FN:214,getParkCityCounts
FN:237,(anonymous_11)
FN:243,getParksByCity
FN:273,extractStateAbbrev
FN:284,stateAbbrevToName
FN:289,stateNameToAbbrev
FN:291,(anonymous_16)
FN:301,getParkStateSlug
FN:323,getParkStateCounts
FN:359,(anonymous_19)
FN:360,(anonymous_20)
FN:368,getParksByState
FN:388,getParksByStatePaginated
FN:414,getFeaturedParks
FNF:24
FNH:23
FNDA:5,boundingBoxFromCenter
FNDA:1,getParksInBounds
FNDA:2,getAllParks
FNDA:1,getParksNearby
FNDA:1,getActiveCheckInCounts
FNDA:1,getParkById
FNDA:1,getParkByShortId
FNDA:1,(anonymous_7)
FNDA:1,getParkBySlug
FNDA:1,(anonymous_9)
FNDA:1,getParkCityCounts
FNDA:1,(anonymous_11)
FNDA:1,getParksByCity
FNDA:1,extractStateAbbrev
FNDA:5,stateAbbrevToName
FNDA:8,stateNameToAbbrev
FNDA:277,(anonymous_16)
FNDA:6,getParkStateSlug
FNDA:1,getParkStateCounts
FNDA:1,(anonymous_19)
FNDA:0,(anonymous_20)
FNDA:2,getParksByState
FNDA:2,getParksByStatePaginated
FNDA:1,getFeaturedParks
DA:20,5
DA:21,5
DA:22,5
DA:23,5
DA:35,1
DA:44,1
DA:45,1
DA:52,2
DA:57,2
DA:58,1
DA:74,1
DA:75,1
DA:76,1
DA:77,1
DA:79,1
DA:88,1
DA:89,1
DA:97,1
DA:105,1
DA:107,1
DA:108,1
DA:109,3
DA:111,3
DA:114,3
DA:116,1
DA:123,1
DA:129,1
DA:130,1
DA:146,1
DA:148,1
DA:152,1
DA:153,0
DA:154,0
DA:157,1
DA:159,1
DA:163,1
DA:172,1
DA:174,1
DA:178,1
DA:179,0
DA:180,0
DA:181,0
DA:185,1
DA:187,1
DA:188,0
DA:189,0
DA:192,1
DA:193,1
DA:200,1
DA:203,1
DA:207,1
DA:217,1
DA:223,1
DA:225,1
DA:226,1
DA:227,3
DA:228,3
DA:229,3
DA:230,3
DA:231,1
DA:233,2
DA:237,1
DA:244,1
DA:250,1
DA:251,1
DA:255,2
DA:274,1
DA:276,1
DA:278,0
DA:279,0
DA:280,0
DA:285,5
DA:290,8
DA:291,277
DA:293,8
DA:302,6
DA:304,6
DA:305,3
DA:306,3
DA:307,3
DA:310,3
DA:311,3
DA:312,1
DA:313,1
DA:315,2
DA:326,1
DA:327,1
DA:328,1
DA:329,1
DA:332,1
DA:333,1
DA:339,1
DA:341,1
DA:342,1
DA:343,1
DA:344,1
DA:346,0
DA:350,1
DA:351,1
DA:352,1
DA:353,1
DA:354,1
DA:355,1
DA:358,1
DA:359,1
DA:360,0
DA:369,2
DA:370,2
DA:374,1
DA:380,1
DA:381,1
DA:393,2
DA:394,2
DA:396,1
DA:397,1
DA:399,1
DA:406,1
DA:407,1
DA:415,1
DA:421,1
DA:422,1
LF:121
LH:109
BRDA:44,0,0,0
BRDA:44,0,1,1
BRDA:57,1,0,1
BRDA:57,1,1,1
BRDA:72,2,0,1
BRDA:88,3,0,0
BRDA:88,3,1,1
BRDA:105,4,0,0
BRDA:105,4,1,1
BRDA:108,5,0,1
BRDA:108,5,1,0
BRDA:111,6,0,3
BRDA:111,6,1,0
BRDA:111,7,0,3
BRDA:111,7,1,3
BRDA:114,8,0,3
BRDA:114,8,1,2
BRDA:129,9,0,0
BRDA:129,9,1,1
BRDA:152,10,0,0
BRDA:152,10,1,1
BRDA:160,11,0,1
BRDA:160,11,1,0
BRDA:161,12,0,1
BRDA:161,12,1,0
BRDA:163,13,0,1
BRDA:163,13,1,0
BRDA:178,14,0,0
BRDA:178,14,1,1
BRDA:180,15,0,0
BRDA:180,15,1,0
BRDA:187,16,0,0
BRDA:187,16,1,1
BRDA:204,17,0,1
BRDA:204,17,1,0
BRDA:205,18,0,1
BRDA:205,18,1,0
BRDA:207,19,0,1
BRDA:207,19,1,0
BRDA:223,20,0,0
BRDA:223,20,1,1
BRDA:226,21,0,1
BRDA:226,21,1,0
BRDA:227,22,0,0
BRDA:227,22,1,3
BRDA:227,23,0,3
BRDA:227,23,1,3
BRDA:230,24,0,1
BRDA:230,24,1,2
BRDA:250,25,0,0
BRDA:250,25,1,1
BRDA:274,26,0,1
BRDA:274,26,1,0
BRDA:276,27,0,1
BRDA:276,27,1,0
BRDA:278,28,0,0
BRDA:278,28,1,0
BRDA:279,29,0,0
BRDA:279,29,1,0
BRDA:279,30,0,0
BRDA:279,30,1,0
BRDA:285,31,0,5
BRDA:285,31,1,1
BRDA:293,32,0,5
BRDA:293,32,1,3
BRDA:302,33,0,6
BRDA:302,33,1,1
BRDA:304,34,0,3
BRDA:304,34,1,3
BRDA:307,35,0,3
BRDA:307,35,1,0
BRDA:310,36,0,3
BRDA:310,36,1,1
BRDA:311,37,0,1
BRDA:311,37,1,2
BRDA:311,38,0,3
BRDA:311,38,1,1
BRDA:313,39,0,1
BRDA:313,39,1,0
BRDA:339,40,0,0
BRDA:339,40,1,1
BRDA:341,41,0,1
BRDA:341,41,1,0
BRDA:341,42,0,1
BRDA:341,42,1,1
BRDA:353,43,0,0
BRDA:353,43,1,1
BRDA:353,44,0,1
BRDA:353,44,1,1
BRDA:355,45,0,1
BRDA:355,45,1,1
BRDA:370,46,0,1
BRDA:370,46,1,1
BRDA:380,47,0,0
BRDA:380,47,1,1
BRDA:394,48,0,1
BRDA:394,48,1,1
BRDA:406,49,0,0
BRDA:406,49,1,1
BRDA:407,50,0,1
BRDA:407,50,1,0
BRDA:407,51,0,1
BRDA:407,51,1,0
BRDA:414,52,0,1
BRDA:421,53,0,0
BRDA:421,53,1,1
BRF:106
BRH:67
end_of_record
TN:
SF:src/services/playdates.ts
FN:22,getPlayDates
FN:43,getPlayDateById
FN:57,getMyPlayDates
FN:77,(anonymous_3)
FN:78,(anonymous_4)
FN:81,(anonymous_5)
FN:99,(anonymous_6)
FN:107,createPlayDate
FN:121,updatePlayDate
FN:139,cancelPlayDate
FN:155,rsvpToPlayDate
FN:186,cancelRSVP
FN:199,getPlaydateWithExpirationCheck
FN:231,rsvpToPlaydateWithCheck
FN:257,getActivePlaydates
FN:278,getPastPlaydates
FN:296,(anonymous_16)
FN:310,getAllPlaydatesForUser
FN:331,(anonymous_18)
FN:332,(anonymous_19)
FN:335,(anonymous_20)
FN:365,(anonymous_21)
FN:366,(anonymous_22)
FNF:23
FNH:19
FNDA:3,getPlayDates
FNDA:1,getPlayDateById
FNDA:1,getMyPlayDates
FNDA:1,(anonymous_3)
FNDA:1,(anonymous_4)
FNDA:1,(anonymous_5)
FNDA:1,(anonymous_6)
FNDA:1,createPlayDate
FNDA:1,updatePlayDate
FNDA:1,cancelPlayDate
FNDA:2,rsvpToPlayDate
FNDA:1,cancelRSVP
FNDA:2,getPlaydateWithExpirationCheck
FNDA:2,rsvpToPlaydateWithCheck
FNDA:2,getActivePlaydates
FNDA:2,getPastPlaydates
FNDA:1,(anonymous_16)
FNDA:1,getAllPlaydatesForUser
FNDA:0,(anonymous_18)
FNDA:2,(anonymous_19)
FNDA:0,(anonymous_20)
FNDA:0,(anonymous_21)
FNDA:0,(anonymous_22)
DA:8,1
DA:23,3
DA:30,3
DA:31,1
DA:34,3
DA:36,3
DA:37,2
DA:44,1
DA:50,1
DA:51,1
DA:59,1
DA:67,1
DA:70,1
DA:75,1
DA:77,1
DA:78,1
DA:81,1
DA:83,1
DA:84,1
DA:85,1
DA:93,1
DA:94,1
DA:98,1
DA:99,1
DA:101,1
DA:108,1
DA:114,1
DA:115,1
DA:125,1
DA:132,1
DA:133,1
DA:140,1
DA:147,1
DA:148,1
DA:161,2
DA:179,2
DA:180,2
DA:187,1
DA:192,1
DA:200,2
DA:206,2
DA:208,2
DA:211,2
DA:213,1
DA:218,1
DA:224,1
DA:238,2
DA:244,2
DA:246,2
DA:247,1
DA:251,1
DA:258,2
DA:265,2
DA:266,1
DA:269,2
DA:271,2
DA:272,2
DA:282,2
DA:289,2
DA:291,1
DA:296,1
DA:298,1
DA:301,2
DA:303,2
DA:304,2
DA:315,1
DA:321,1
DA:324,1
DA:329,1
DA:331,1
DA:332,2
DA:335,1
DA:337,1
DA:338,1
DA:339,0
DA:345,0
DA:346,0
DA:350,1
DA:353,1
DA:354,1
DA:356,1
DA:357,2
DA:358,1
DA:360,1
DA:365,1
DA:366,1
DA:368,1
LF:87
LH:84
BRDA:30,0,0,1
BRDA:30,0,1,2
BRDA:36,1,0,1
BRDA:36,1,1,2
BRDA:50,2,0,0
BRDA:50,2,1,1
BRDA:67,3,0,0
BRDA:67,3,1,1
BRDA:75,4,0,0
BRDA:75,4,1,1
BRDA:77,5,0,1
BRDA:77,5,1,0
BRDA:78,6,0,1
BRDA:78,6,1,0
BRDA:84,7,0,1
BRDA:84,7,1,0
BRDA:93,8,0,0
BRDA:93,8,1,1
BRDA:94,9,0,1
BRDA:94,9,1,0
BRDA:98,10,0,1
BRDA:98,10,1,0
BRDA:114,11,0,0
BRDA:114,11,1,1
BRDA:132,12,0,0
BRDA:132,12,1,1
BRDA:147,13,0,0
BRDA:147,13,1,1
BRDA:159,14,0,1
BRDA:179,15,0,0
BRDA:179,15,1,2
BRDA:192,16,0,0
BRDA:192,16,1,1
BRDA:206,17,0,0
BRDA:206,17,1,2
BRDA:211,18,0,1
BRDA:211,18,1,1
BRDA:211,19,0,2
BRDA:211,19,1,2
BRDA:211,19,2,2
BRDA:235,20,0,2
BRDA:244,21,0,0
BRDA:244,21,1,2
BRDA:246,22,0,1
BRDA:246,22,1,1
BRDA:265,23,0,1
BRDA:265,23,1,1
BRDA:271,24,0,0
BRDA:271,24,1,2
BRDA:280,25,0,1
BRDA:289,26,0,1
BRDA:289,26,1,1
BRDA:296,27,0,1
BRDA:296,27,1,0
BRDA:303,28,0,0
BRDA:303,28,1,2
BRDA:321,29,0,0
BRDA:321,29,1,1
BRDA:329,30,0,0
BRDA:329,30,1,1
BRDA:331,31,0,1
BRDA:331,31,1,0
BRDA:332,32,0,1
BRDA:332,32,1,0
BRDA:338,33,0,0
BRDA:338,33,1,1
BRDA:345,34,0,0
BRDA:345,34,1,0
BRDA:346,35,0,0
BRDA:346,35,1,0
BRDA:350,36,0,1
BRDA:350,36,1,0
BRDA:357,37,0,1
BRDA:357,37,1,1
BRDA:357,38,0,2
BRDA:357,38,1,1
BRDA:357,38,2,0
BRF:77
BRH:47
end_of_record
TN:
SF:src/services/reports.ts
FN:4,reportMessage
FNF:1
FNH:1
FNDA:5,reportMessage
DA:11,5
DA:12,5
DA:14,4
DA:21,4
DA:22,2
DA:23,1
DA:25,1
LF:7
LH:7
BRDA:12,0,0,1
BRDA:12,0,1,4
BRDA:18,1,0,4
BRDA:18,1,1,3
BRDA:21,2,0,2
BRDA:21,2,1,2
BRDA:22,3,0,1
BRDA:22,3,1,1
BRF:8
BRH:8
end_of_record
TN:
SF:src/services/wordFilter.ts
FN:54,filterMessage
FN:57,(anonymous_1)
FNF:2
FNH:2
FNDA:12,filterMessage
FNDA:9,(anonymous_1)
DA:1,3
DA:44,3
DA:55,12
DA:57,12
DA:58,9
DA:59,9
DA:62,12
LF:7
LH:7
BRF:0
BRH:0
end_of_record
TN:
SF:src/utils/fileUpload.ts
FN:4,readFileForUpload
FNF:1
FNH:0
FNDA:0,readFileForUpload
DA:5,0
DA:6,0
DA:7,0
DA:9,0
DA:10,0
LF:5
LH:0
BRDA:5,0,0,0
BRDA:5,0,1,0
BRF:2
BRH:0
end_of_record
TN:
SF:src/utils/playdates.ts
FN:6,isPlaydateExpired
FN:13,isPlaydateActive
FN:20,canRSVPToPlaydate
FN:27,canEditPlaydate
FN:44,getPlaydateStatus
FN:72,formatPlaydateTime
FN:130,isPastPlaydate
FN:137,isUpcomingPlaydate
FN:144,sortPlaydatesByTime
FN:148,(anonymous_9)
FN:158,filterPlaydatesByTime
FNF:11
FNH:10
FNDA:21,isPlaydateExpired
FNDA:21,isPlaydateActive
FNDA:3,canRSVPToPlaydate
FNDA:5,canEditPlaydate
FNDA:5,getPlaydateStatus
FNDA:3,formatPlaydateTime
FNDA:0,isPastPlaydate
FNDA:4,isUpcomingPlaydate
FNDA:8,sortPlaydatesByTime
FNDA:12,(anonymous_9)
FNDA:3,filterPlaydatesByTime
DA:7,21
DA:14,21
DA:21,3
DA:33,5
DA:36,3
DA:38,2
DA:49,5
DA:50,1
DA:53,4
DA:54,2
DA:57,2
DA:59,2
DA:60,2
DA:61,1
DA:63,1
DA:66,0
DA:80,3
DA:81,3
DA:84,3
DA:85,3
DA:86,3
DA:89,3
DA:90,1
DA:91,2
DA:92,1
DA:94,1
DA:102,3
DA:111,3
DA:112,3
DA:113,3
DA:116,3
DA:117,1
DA:118,2
DA:119,2
DA:121,0
DA:124,3
DA:131,0
DA:138,4
DA:148,8
DA:149,12
DA:150,12
DA:151,12
DA:164,3
DA:165,3
DA:167,3
DA:168,8
DA:169,4
DA:171,4
DA:175,3
LF:49
LH:46
BRDA:14,0,0,21
BRDA:14,0,1,13
BRDA:30,1,0,3
BRDA:33,2,0,2
BRDA:33,2,1,3
BRDA:36,3,0,1
BRDA:36,3,1,2
BRDA:49,4,0,1
BRDA:49,4,1,4
BRDA:53,5,0,2
BRDA:53,5,1,2
BRDA:53,6,0,4
BRDA:53,6,1,3
BRDA:57,7,0,2
BRDA:57,7,1,0
BRDA:60,8,0,1
BRDA:60,8,1,1
BRDA:89,9,0,1
BRDA:89,9,1,2
BRDA:91,10,0,1
BRDA:91,10,1,1
BRDA:116,11,0,1
BRDA:116,11,1,2
BRDA:116,12,0,3
BRDA:116,12,1,3
BRDA:118,13,0,2
BRDA:118,13,1,0
BRDA:119,14,0,2
BRDA:119,14,1,0
BRDA:138,15,0,4
BRDA:138,15,1,1
BRDA:146,16,0,0
BRDA:151,17,0,6
BRDA:151,17,1,6
BRDA:168,18,0,4
BRDA:168,18,1,4
BRDA:168,19,0,8
BRDA:168,19,1,4
BRF:38
BRH:34
end_of_record
TN:
SF:src/utils/slug.ts
FN:5,generateParkSlug
FN:19,generateParkSlugWithState
FN:30,extractSlugFromUrl
FN:43,extractShortIdFromSlug
FN:57,isValidUUID
FN:66,parseSlugOrId
FN:92,findParkIdFromSlug
FN:97,(anonymous_7)
FNF:8
FNH:8
FNDA:9,generateParkSlug
FNDA:2,generateParkSlugWithState
FNDA:6,extractSlugFromUrl
FNDA:7,extractShortIdFromSlug
FNDA:8,isValidUUID
FNDA:4,parseSlugOrId
FNDA:3,findParkIdFromSlug
FNDA:3,(anonymous_7)
DA:6,9
DA:20,2
DA:23,2
DA:31,6
DA:32,3
DA:44,7
DA:45,7
DA:47,7
DA:48,4
DA:51,3
DA:58,8
DA:59,8
DA:71,4
DA:72,1
DA:75,3
DA:76,1
DA:79,2
DA:80,2
DA:81,1
DA:84,1
DA:93,3
DA:94,3
DA:97,3
DA:99,2
LF:24
LH:24
BRDA:31,0,0,3
BRDA:31,0,1,3
BRDA:31,1,0,6
BRDA:31,1,1,5
BRDA:47,2,0,4
BRDA:47,2,1,3
BRDA:47,3,0,7
BRDA:47,3,1,7
BRDA:71,4,0,1
BRDA:71,4,1,3
BRDA:75,5,0,1
BRDA:75,5,1,2
BRDA:80,6,0,1
BRDA:80,6,1,1
BRDA:94,7,0,1
BRDA:94,7,1,2
BRDA:99,8,0,2
BRDA:99,8,1,1
BRF:18
BRH:18
end_of_record
